Added Component: Designator=C1(Cap_Ceramic_0603)
Add component. Clean all parameters for all variants
Added Component: Designator=C2(Cap_Ceramic_0603)
Add component. Clean all parameters for all variants
Added Component: Designator=C3(Cap_Ceramic_0603)
Add component. Clean all parameters for all variants
Added Component: Designator=C4(Cap_Ceramic_0603)
Add component. Clean all parameters for all variants
Added Component: Designator=C5(Cap_Ceramic_0603)
Add component. Clean all parameters for all variants
Added Component: Designator=C6(Cap_Ceramic_0603)
Add component. Clean all parameters for all variants
Added Component: Designator=C7(Cap_Ceramic_0603)
Add component. Clean all parameters for all variants
Added Component: Designator=C8(Cap_Ceramic_0603)
Add component. Clean all parameters for all variants
Added Component: Designator=C9(Cap_Ceramic_0603)
Add component. Clean all parameters for all variants
Added Component: Designator=C10(Cap_Ceramic_0603)
Add component. Clean all parameters for all variants
Added Component: Designator=C11(Cap_Ceramic_0603)
Add component. Clean all parameters for all variants
Added Component: Designator=C12(Cap_Ceramic_0603)
Add component. Clean all parameters for all variants
Added Component: Designator=C13(Cap_Ceramic_1206)
Add component. Clean all parameters for all variants
Add component (AddParameter): Name = "ComponentLink1Description"; Value = "Digikey"; VariantName = "[No Variations]"
Add component (AddParameter): Name = "ComponentLink1URL"; Value = "https://www.digikey.com.au/product-detail/en/tdk-corporation/C3216X5R1V226M160AC/445-8045-1-ND/2792165"; VariantName = "[No Variations]"
Add component (AddParameter): Name = "ComponentLink2Description"; Value = "Datasheet"; VariantName = "[No Variations]"
Add component (AddParameter): Name = "ComponentLink2URL"; Value = "https://product.tdk.com/info/en/catalog/datasheets/mlcc_commercial_general_en.pdf"; VariantName = "[No Variations]"
Added Component: Designator=C14(Cap_Ceramic_1206)
Add component. Clean all parameters for all variants
Add component (AddParameter): Name = "ComponentLink1Description"; Value = "Digikey"; VariantName = "[No Variations]"
Add component (AddParameter): Name = "ComponentLink1URL"; Value = "https://www.digikey.com.au/product-detail/en/tdk-corporation/C3216X5R1V226M160AC/445-8045-1-ND/2792165"; VariantName = "[No Variations]"
Add component (AddParameter): Name = "ComponentLink2Description"; Value = "Datasheet"; VariantName = "[No Variations]"
Add component (AddParameter): Name = "ComponentLink2URL"; Value = "https://product.tdk.com/info/en/catalog/datasheets/mlcc_commercial_general_en.pdf"; VariantName = "[No Variations]"
Added Component: Designator=C15(Cap_Ceramic_1210)
Add component. Clean all parameters for all variants
Added Component: Designator=C16(Cap_Ceramic_1210)
Add component. Clean all parameters for all variants
Added Component: Designator=C17(Cap_Ceramic_0603)
Add component. Clean all parameters for all variants
Added Component: Designator=C18(Cap_Ceramic_0603)
Add component. Clean all parameters for all variants
Added Component: Designator=C19(Cap_Ceramic_0603)
Add component. Clean all parameters for all variants
Added Component: Designator=C20(Cap_Ceramic_0603)
Add component. Clean all parameters for all variants
Added Component: Designator=C21(Cap_Ceramic_0603)
Add component. Clean all parameters for all variants
Added Component: Designator=C22(Cap_Ceramic_0603)
Add component. Clean all parameters for all variants
Added Component: Designator=C23(Cap_Ceramic_0603)
Add component. Clean all parameters for all variants
Added Component: Designator=C24(Cap_Ceramic_0603)
Add component. Clean all parameters for all variants
Added Component: Designator=C25(Cap_Ceramic_0603)
Add component. Clean all parameters for all variants
Added Component: Designator=C26(Cap_Ceramic_0603)
Add component. Clean all parameters for all variants
Added Component: Designator=C27(Cap_Ceramic_0603)
Add component. Clean all parameters for all variants
Added Component: Designator=C28(Cap_Ceramic_0603)
Add component. Clean all parameters for all variants
Added Component: Designator=D1(SMA)
Add component. Clean all parameters for all variants
Add component (AddParameter): Name = "Average Rectified Current"; Value = "150mA"; VariantName = "[No Variations]"
Add component (AddParameter): Name = "Category"; Value = "Rectifier Diodes"; VariantName = "[No Variations]"
Add component (AddParameter): Name = "Contact Plating"; Value = "Tin,Matte"; VariantName = "[No Variations]"
Add component (AddParameter): Name = "Element Configuration"; Value = "Single"; VariantName = "[No Variations]"
Add component (AddParameter): Name = "Forward Current"; Value = "150mA"; VariantName = "[No Variations]"
Add component (AddParameter): Name = "Forward Voltage"; Value = "1V"; VariantName = "[No Variations]"
Add component (AddParameter): Name = "Height"; Value = "1mm"; VariantName = "[No Variations]"
Add component (AddParameter): Name = "Lead Free"; Value = "Lead Free"; VariantName = "[No Variations]"
Add component (AddParameter): Name = "Length"; Value = "1.8mm"; VariantName = "[No Variations]"
Add component (AddParameter): Name = "Manufacturer"; Value = "ON Semiconductor / Fairchild"; VariantName = "[No Variations]"
Add component (AddParameter): Name = "Manufacturer Part Number"; Value = "1N914BWS"; VariantName = "[No Variations]"
Add component (AddParameter): Name = "Max Forward Surge Current (Ifsm)"; Value = "4A"; VariantName = "[No Variations]"
Add component (AddParameter): Name = "Max Operating Temperature"; Value = "150°C"; VariantName = "[No Variations]"
Add component (AddParameter): Name = "Max Repetitive Reverse Voltage (Vrrm)"; Value = "75V"; VariantName = "[No Variations]"
Add component (AddParameter): Name = "Max Reverse Leakage Current"; Value = "5uA"; VariantName = "[No Variations]"
Add component (AddParameter): Name = "Max Reverse Voltage (DC)"; Value = "75V"; VariantName = "[No Variations]"
Add component (AddParameter): Name = "Min Operating Temperature"; Value = "-55°C"; VariantName = "[No Variations]"
Add component (AddParameter): Name = "Mount"; Value = "Surface Mount"; VariantName = "[No Variations]"
Add component (AddParameter): Name = "Number of Pins"; Value = "2"; VariantName = "[No Variations]"
Add component (AddParameter): Name = "Package Quantity"; Value = "1"; VariantName = "[No Variations]"
Add component (AddParameter): Name = "Packaging"; Value = "Tape and Reel"; VariantName = "[No Variations]"
Add component (AddParameter): Name = "Parameter 1"; Value = ""; VariantName = "[No Variations]"
Add component (AddParameter): Name = "Peak Reverse Current"; Value = "5uA"; VariantName = "[No Variations]"
Add component (AddParameter): Name = "Power Dissipation"; Value = "200mW"; VariantName = "[No Variations]"
Add component (AddParameter): Name = "Radiation Hardening"; Value = "No"; VariantName = "[No Variations]"
Add component (AddParameter): Name = "REACH SVHC"; Value = "No SVHC"; VariantName = "[No Variations]"
Add component (AddParameter): Name = "Recovery Time"; Value = "4ns"; VariantName = "[No Variations]"
Add component (AddParameter): Name = "Reverse Recovery Time"; Value = "4ns"; VariantName = "[No Variations]"
Add component (AddParameter): Name = "Reverse Voltage"; Value = "75V"; VariantName = "[No Variations]"
Add component (AddParameter): Name = "Weight"; Value = "0.0276g"; VariantName = "[No Variations]"
Add component (AddParameter): Name = "Width"; Value = "1.35mm"; VariantName = "[No Variations]"
Added Component: Designator=D2(NUP2105L)
Add component. Clean all parameters for all variants
Add component (AddParameter): Name = "ComponentLink1Description"; Value = "Datasheet"; VariantName = "[No Variations]"
Add component (AddParameter): Name = "ComponentLink1URL"; Value = "https://www.onsemi.cn/PowerSolutions/document/NUP2105L-D.PDF"; VariantName = "[No Variations]"
Add component (AddParameter): Name = "ComponentLink2Description"; Value = "LCSC"; VariantName = "[No Variations]"
Add component (AddParameter): Name = "ComponentLink2URL"; Value = "https://lcsc.com/product-detail/TVS_ON-Semiconductor-NUP2105LT1G_C14486.html"; VariantName = "[No Variations]"
Add component (AddParameter): Name = "ComponentLink3Description"; Value = "Digikey"; VariantName = "[No Variations]"
Add component (AddParameter): Name = "ComponentLink3URL"; Value = "https://www.digikey.com.au/product-detail/en/on-semiconductor/SZNUP2105LT1G/SZNUP2105LT1GOSCT-ND/3487669"; VariantName = "[No Variations]"
Added Component: Designator=D3(SMA)
Add component. Clean all parameters for all variants
Added Component: Designator=D4(SOD123)
Add component. Clean all parameters for all variants
Added Component: Designator=D5(SOD123)
Add component. Clean all parameters for all variants
Added Component: Designator=D6(SOD123)
Add component. Clean all parameters for all variants
Added Component: Designator=DS1(LED RED 0603)
Add component. Clean all parameters for all variants
Added Component: Designator=DS2(LED RED 0603)
Add component. Clean all parameters for all variants
Added Component: Designator=DS3(LED GREEN 0603)
Add component. Clean all parameters for all variants
Added Component: Designator=DS4(LED GREEN 0603)
Add component. Clean all parameters for all variants
Added Component: Designator=DS5(LED BLUE 0603)
Add component. Clean all parameters for all variants
Added Component: Designator=DS6(LED BLUE 0603)
Add component. Clean all parameters for all variants
Added Component: Designator=DS7(LED ORANGE 0603)
Add component. Clean all parameters for all variants
Added Component: Designator=DS8(LED ORANGE 0603)
Add component. Clean all parameters for all variants
Added Component: Designator=DS9(LED GREEN 0603)
Add component. Clean all parameters for all variants
Added Component: Designator=FID1(FIDUCIAL 1MM)
Add component. Clean all parameters for all variants
Added Component: Designator=FID2(FIDUCIAL 1MM)
Add component. Clean all parameters for all variants
Added Component: Designator=FID3(FIDUCIAL 1MM)
Add component. Clean all parameters for all variants
Added Component: Designator=FID4(FIDUCIAL 1MM)
Add component. Clean all parameters for all variants
Added Component: Designator=J1(Jumper_2Way_Solderable)
Add component. Clean all parameters for all variants
Added Component: Designator=J2(Jumper_2Way_Solderable)
Add component. Clean all parameters for all variants
Added Component: Designator=J3(IDC 1.27MM 10P)
Add component. Clean all parameters for all variants
Added Component: Designator=J4(JST PH 4x RIGHT COMB)
Add component. Clean all parameters for all variants
Added Component: Designator=J5(MOLX-52437-2471)
Add component. Clean all parameters for all variants
Add component (AddParameter): Name = "Circuits (Loaded)"; Value = "24"; VariantName = "[No Variations]"
Add component (AddParameter): Name = "ComponentLink1Description"; Value = "Manufacturer URL"; VariantName = "[No Variations]"
Add component (AddParameter): Name = "ComponentLink1URL"; Value = "http://www.molex.com/molex/index.jsp"; VariantName = "[No Variations]"
Add component (AddParameter): Name = "ComponentLink2Description"; Value = "Datasheet"; VariantName = "[No Variations]"
Add component (AddParameter): Name = "ComponentLink2URL"; Value = "http://www.molex.com/webdocs/datasheets/pdf/en-us/0524372471_FFC_FPC_CONNECTORS.pdf"; VariantName = "[No Variations]"
Add component (AddParameter): Name = "ComponentLink3Description"; Value = "Package Specification"; VariantName = "[No Variations]"
Add component (AddParameter): Name = "ComponentLink3URL"; Value = "http://www.molex.com/pdm_docs/sd/524372471_sd.pdf"; VariantName = "[No Variations]"
Add component (AddParameter): Name = "Contact Position"; Value = "Bottom"; VariantName = "[No Variations]"
Add component (AddParameter): Name = "Current (Max per Contact)"; Value = "0.5A"; VariantName = "[No Variations]"
Add component (AddParameter): Name = "Durability (mating cycles max)"; Value = "20"; VariantName = "[No Variations]"
Add component (AddParameter): Name = "Entry Angle"; Value = "90degrees Angle"; VariantName = "[No Variations]"
Add component (AddParameter): Name = "Manufacturer"; Value = "Molex"; VariantName = "[No Variations]"
Add component (AddParameter): Name = "Material - Metal"; Value = "Phosphor Bronze"; VariantName = "[No Variations]"
Add component (AddParameter): Name = "Material - Plating Mating"; Value = "Gold"; VariantName = "[No Variations]"
Add component (AddParameter): Name = "Material - Plating Termination"; Value = "Gold"; VariantName = "[No Variations]"
Add component (AddParameter): Name = "Mounting Technology"; Value = "Surface Mount"; VariantName = "[No Variations]"
Add component (AddParameter): Name = "Number of Rows"; Value = "1"; VariantName = "[No Variations]"
Add component (AddParameter): Name = "Orientation"; Value = "Right Angle"; VariantName = "[No Variations]"
Add component (AddParameter): Name = "PackageDescription"; Value = "24-Lead FPC Connector, Pitch 0.5 mm"; VariantName = "[No Variations]"
Add component (AddParameter): Name = "PackageReference"; Value = "52437-2471"; VariantName = "[No Variations]"
Add component (AddParameter): Name = "PackageVersion"; Value = "Rev. E, 07/2013"; VariantName = "[No Variations]"
Add component (AddParameter): Name = "Packing"; Value = "Tape and Reel"; VariantName = "[No Variations]"
Add component (AddParameter): Name = "PartNumber"; Value = "52437-2471"; VariantName = "[No Variations]"
Add component (AddParameter): Name = "PCB Locator"; Value = "No"; VariantName = "[No Variations]"
Add component (AddParameter): Name = "PCB Retention"; Value = "None"; VariantName = "[No Variations]"
Add component (AddParameter): Name = "Pitch - Mating Interface"; Value = "0.50mm"; VariantName = "[No Variations]"
Add component (AddParameter): Name = "Polarized to PCB"; Value = "Yes"; VariantName = "[No Variations]"
Add component (AddParameter): Name = "RoHS"; Value = "TRUE"; VariantName = "[No Variations]"
Add component (AddParameter): Name = "Stackable"; Value = "No"; VariantName = "[No Variations]"
Add component (AddParameter): Name = "Voltage (Max)"; Value = "50V"; VariantName = "[No Variations]"
Added Component: Designator=L1(Inductor_6x6mm)
Add component. Clean all parameters for all variants
Add component (AddParameter): Name = "ComponentLink1Description"; Value = "Digikey"; VariantName = "[No Variations]"
Add component (AddParameter): Name = "ComponentLink1URL"; Value = "https://www.digikey.com.au/product-detail/en/w%C3%BCrth-elektronik/74404064221/732-7261-1-ND/5353241"; VariantName = "[No Variations]"
Add component (AddParameter): Name = "ComponentLink2Description"; Value = "LCSC A"; VariantName = "[No Variations]"
Add component (AddParameter): Name = "ComponentLink2URL"; Value = "https://lcsc.com/product-detail/Power-Inductors_Sunlord-SWPA6045S221MT_C91047.html"; VariantName = "[No Variations]"
Add component (AddParameter): Name = "ComponentLink3Description"; Value = "LCSC B"; VariantName = "[No Variations]"
Add component (AddParameter): Name = "ComponentLink3URL"; Value = "https://lcsc.com/product-detail/Power-Inductors_SXN-Shun-Xiang-Nuo-Elec-SMNR6045-221MT_C467145.html"; VariantName = "[No Variations]"
Added Component: Designator=L2(Murata_LQM21FN_70_IPC_C)
Add component. Clean all parameters for all variants
Added Component: Designator=LOGO1(QUTMS LOGO 50MM)
Add component. Clean all parameters for all variants
Added Component: Designator=M1(M3.2 UNPLATED)
Add component. Clean all parameters for all variants
Added Component: Designator=M2(M3.2 UNPLATED)
Add component. Clean all parameters for all variants
Added Component: Designator=M3(M3.2 UNPLATED)
Add component. Clean all parameters for all variants
Added Component: Designator=M4(M3.2 UNPLATED)
Add component. Clean all parameters for all variants
Added Component: Designator=P1(HDR1X3)
Add component. Clean all parameters for all variants
Add component (AddParameter): Name = "LatestRevisionDate"; Value = "17-Jul-2002"; VariantName = "[No Variations]"
Add component (AddParameter): Name = "LatestRevisionNote"; Value = "Re-released for DXP Platform."; VariantName = "[No Variations]"
Add component (AddParameter): Name = "Publisher"; Value = "Altium Limited"; VariantName = "[No Variations]"
Added Component: Designator=Q1(Diodes_SOT323_0)
Add component. Clean all parameters for all variants
Added Component: Designator=R1(Res_ThinFilm_0603)
Add component. Clean all parameters for all variants
Added Component: Designator=R2(Res_ThinFilm_0603)
Add component. Clean all parameters for all variants
Added Component: Designator=R3(Res_ThinFilm_0603)
Add component. Clean all parameters for all variants
Added Component: Designator=R4(Res_ThinFilm_0603)
Add component. Clean all parameters for all variants
Added Component: Designator=R5(Res_ThinFilm_0603)
Add component. Clean all parameters for all variants
Added Component: Designator=R6(Res_ThinFilm_0603)
Add component. Clean all parameters for all variants
Added Component: Designator=R7(Res_ThinFilm_0603)
Add component. Clean all parameters for all variants
Added Component: Designator=R8(Res_ThinFilm_0603)
Add component. Clean all parameters for all variants
Added Component: Designator=R9(Res_ThinFilm_0603)
Add component. Clean all parameters for all variants
Added Component: Designator=R10(Res_ThinFilm_0603)
Add component. Clean all parameters for all variants
Added Component: Designator=R11(Res_ThinFilm_0603)
Add component. Clean all parameters for all variants
Added Component: Designator=R12(Res_ThinFilm_0603)
Add component. Clean all parameters for all variants
Added Component: Designator=R13(Res_ThinFilm_1210)
Add component. Clean all parameters for all variants
Added Component: Designator=R14(Res_ThinFilm_0603)
Add component. Clean all parameters for all variants
Added Component: Designator=R15(Res_ThinFilm_0603)
Add component. Clean all parameters for all variants
Added Component: Designator=R16(Res_ThinFilm_0603)
Add component. Clean all parameters for all variants
Added Component: Designator=R17(Res_ThinFilm_0603)
Add component. Clean all parameters for all variants
Added Component: Designator=R18(Res_ThinFilm_0603)
Add component. Clean all parameters for all variants
Added Component: Designator=R19(Res_ThinFilm_0603)
Add component. Clean all parameters for all variants
Added Component: Designator=R20(Res_ThinFilm_0603)
Add component. Clean all parameters for all variants
Added Component: Designator=R21(Res_ThinFilm_0603)
Add component. Clean all parameters for all variants
Added Component: Designator=R22(Res_ThinFilm_0603)
Add component. Clean all parameters for all variants
Added Component: Designator=R23(Res_ThinFilm_0603)
Add component. Clean all parameters for all variants
Added Component: Designator=R24(Res_ThinFilm_0603)
Add component. Clean all parameters for all variants
Added Component: Designator=R25(Res_ThinFilm_0603)
Add component. Clean all parameters for all variants
Added Component: Designator=R26(Res_ThinFilm_0603)
Add component. Clean all parameters for all variants
Added Component: Designator=R27(Res_ThinFilm_0603)
Add component. Clean all parameters for all variants
Added Component: Designator=R28(Res_ThinFilm_0603)
Add component. Clean all parameters for all variants
Added Component: Designator=R29(Res_ThinFilm_0603)
Add component. Clean all parameters for all variants
Added Component: Designator=R30(Res_ThinFilm_0603)
Add component. Clean all parameters for all variants
Added Component: Designator=R31(Res_ThinFilm_0603)
Add component. Clean all parameters for all variants
Added Component: Designator=R32(Res_ThinFilm_0603)
Add component. Clean all parameters for all variants
Added Component: Designator=R33(Res_ThinFilm_0603)
Add component. Clean all parameters for all variants
Added Component: Designator=R34(Res_ThinFilm_0603)
Add component. Clean all parameters for all variants
Added Component: Designator=R35(Res_ThinFilm_0603)
Add component. Clean all parameters for all variants
Added Component: Designator=SD1(47219-2001)
Add component. Clean all parameters for all variants
Added Component: Designator=SW1(BTN B3U-1000P)
Add component. Clean all parameters for all variants
Add component (AddParameter): Name = "ComponentLink1Description"; Value = "LCSC"; VariantName = "[No Variations]"
Add component (AddParameter): Name = "ComponentLink1URL"; Value = "https://lcsc.com/product-detail/Tactile-Switches_BRIGHT-TSA063G50-250_C294565.html"; VariantName = "[No Variations]"
Added Component: Designator=TP1(TestPoint)
Add component. Clean all parameters for all variants
Added Component: Designator=TP2(TestPoint)
Add component. Clean all parameters for all variants
Added Component: Designator=TP3(TestPointSMD)
Add component. Clean all parameters for all variants
Added Component: Designator=TP4(TestPointSMD)
Add component. Clean all parameters for all variants
Added Component: Designator=TP5(TestPointSMD)
Add component. Clean all parameters for all variants
Added Component: Designator=TP6(TestPointSMD)
Add component. Clean all parameters for all variants
Added Component: Designator=U1(10-Pin TDFN EP)
Add component. Clean all parameters for all variants
Add component (AddParameter): Name = "ComponentLink1Description"; Value = "Datasheet"; VariantName = "[No Variations]"
Add component (AddParameter): Name = "ComponentLink1URL"; Value = "https://datasheets.maximintegrated.com/en/ds/MAX17612A-MAX17612C.pdf"; VariantName = "[No Variations]"
Added Component: Designator=U2(SN65HVD233DR)
Add component. Clean all parameters for all variants
Add component (AddParameter): Name = "ComponentLink1Description"; Value = "LCSC"; VariantName = "[No Variations]"
Add component (AddParameter): Name = "ComponentLink1URL"; Value = "https://lcsc.com/product-detail/CAN-ICs_Texas-Instruments_SN65HVD233DRG4_Texas-Instruments-Texas-Instruments-SN65HVD233DRG4_C61643.html"; VariantName = "[No Variations]"
Add component (AddParameter): Name = "ComponentLink2Description"; Value = "Digikey"; VariantName = "[No Variations]"
Add component (AddParameter): Name = "ComponentLink2URL"; Value = "https://www.digikey.com.au/product-detail/en/texas-instruments/SN65HVD233DR/296-35967-1-ND/4134960"; VariantName = "[No Variations]"
Add component (AddParameter): Name = "ComponentLink3Description"; Value = "Datasheet"; VariantName = "[No Variations]"
Add component (AddParameter): Name = "ComponentLink3URL"; Value = "https://www.ti.com/lit/ds/symlink/sn65hvd233.pdf?ts=1588560888178"; VariantName = "[No Variations]"
Add component (AddParameter): Name = "ComponentLink4Description"; Value = "Ti Product Page"; VariantName = "[No Variations]"
Add component (AddParameter): Name = "ComponentLink4URL"; Value = "https://www.ti.com/product/SN65HVD233"; VariantName = "[No Variations]"
Added Component: Designator=U3(STM-LQFP100_N)
Add component. Clean all parameters for all variants
Add component (AddParameter): Name = "ComponentLink1Description"; Value = "Manufacturer URL"; VariantName = "[No Variations]"
Add component (AddParameter): Name = "ComponentLink1URL"; Value = "http://www.st.com/web/en/home.html"; VariantName = "[No Variations]"
Add component (AddParameter): Name = "ComponentLink2Description"; Value = "Datasheet"; VariantName = "[No Variations]"
Add component (AddParameter): Name = "ComponentLink2URL"; Value = "http://www.st.com/st-web-ui/static/active/en/resource/technical/document/datasheet/CD00237391.pdf"; VariantName = "[No Variations]"
Add component (AddParameter): Name = "ComponentLink3Description"; Value = "Package Specification"; VariantName = "[No Variations]"
Add component (AddParameter): Name = "ComponentLink3URL"; Value = "http://www.st.com/st-web-ui/static/active/en/resource/technical/document/data_brief/DM00071938.pdf"; VariantName = "[No Variations]"
Add component (AddParameter): Name = "Core"; Value = "ARM Cortex-M3"; VariantName = "[No Variations]"
Add component (AddParameter): Name = "D/A Converter"; Value = "2x12-bit (2 Channel)"; VariantName = "[No Variations]"
Add component (AddParameter): Name = "DatasheetVersion"; Value = "Rev. 9"; VariantName = "[No Variations]"
Add component (AddParameter): Name = "FLASH Size (Prog) (kB)"; Value = "1024"; VariantName = "[No Variations]"
Add component (AddParameter): Name = "I/Os (High Current)"; Value = "82"; VariantName = "[No Variations]"
Add component (AddParameter): Name = "Internal RAM Size (kB)"; Value = "128"; VariantName = "[No Variations]"
Add component (AddParameter): Name = "Mounting Technology"; Value = "Surface Mount"; VariantName = "[No Variations]"
Add component (AddParameter): Name = "Operating Frequency(F) (Processor speed) (MHz)"; Value = "120"; VariantName = "[No Variations]"
Add component (AddParameter): Name = "PackageDescription"; Value = "100-Pin Low Profile Quad Flat Package, 14 x 14 mm Body, 0.5 mm Pitch"; VariantName = "[No Variations]"
Add component (AddParameter): Name = "PackageReference"; Value = "LQFP100"; VariantName = "[No Variations]"
Add component (AddParameter): Name = "PackageVersion"; Value = "Rev. 1, 06/2013"; VariantName = "[No Variations]"
Add component (AddParameter): Name = "Packing"; Value = "Tray"; VariantName = "[No Variations]"
Add component (AddParameter): Name = "PartNumber"; Value = "STM32F207VGT7"; VariantName = "[No Variations]"
Add component (AddParameter): Name = "Supply Voltage(Vcc) min (V)"; Value = "1.8"; VariantName = "[No Variations]"
Added Component: Designator=U4(VDFN6_3P2X2P5_MCH)
Add component. Clean all parameters for all variants
Add component (AddParameter): Name = "Built_By"; Value = "EMA_Jessica"; VariantName = "[No Variations]"
Add component (AddParameter): Name = "Copyright"; Value = "Copyright (C) 2018 Accelerated Designs. All rights reserved"; VariantName = "[No Variations]"
Add component (AddParameter): Name = "Manufacturer_Part_Number"; Value = "DSC1101CI5-020.0000T"; VariantName = "[No Variations]"
Add component (AddParameter): Name = "RefDes"; Value = "RefDes"; VariantName = "[No Variations]"
Add component (AddParameter): Name = "SourceLibrary"; Value = "Microchip_2019-08-23_23"; VariantName = "[No Variations]"
Add component (AddParameter): Name = "Type"; Value = "DEV"; VariantName = "[No Variations]"
Add component (AddParameter): Name = "Vendor"; Value = "Microchip"; VariantName = "[No Variations]"
Added Component: Designator=U5(Texas_Instruments_DDC0006A_IPC_A)
Add component. Clean all parameters for all variants
Added Pin To Net: NetName=3V3 Pin=C1-1
Added Pin To Net: NetName=12VP Pin=C1-2
Added Pin To Net: NetName=3V3 Pin=C2-1
Added Pin To Net: NetName=12V Pin=C2-2
Added Pin To Net: NetName=3V3 Pin=C3-1
Added Pin To Net: NetName=3V3 Pin=C3-2
Added Pin To Net: NetName=3V3 Pin=C4-1
Added Pin To Net: NetName=3V3 Pin=C4-2
Added Pin To Net: NetName=3V3 Pin=C5-1
Added Pin To Net: NetName=NRST Pin=C5-2
Added Pin To Net: NetName=3V3 Pin=C6-1
Added Pin To Net: NetName=3V3 Pin=C6-2
Added Pin To Net: NetName=3V3 Pin=C7-1
Added Pin To Net: NetName=3V3 Pin=C7-2
Added Pin To Net: NetName=3V3 Pin=C8-1
Added Pin To Net: NetName=3V3 Pin=C8-2
Added Pin To Net: NetName=3V3 Pin=C9-1
Added Pin To Net: NetName=3V3 Pin=C9-2
Added Pin To Net: NetName=3V3 Pin=C10-1
Added Pin To Net: NetName=3V3 Pin=C10-2
Added Pin To Net: NetName=3V3 Pin=C11-1
Added Pin To Net: NetName=3V3 Pin=C11-2
Added Pin To Net: NetName=PWR CB 3V3 Pin=C12-1
Added Pin To Net: NetName=PWR SW 3V3 Pin=C12-2
Added Pin To Net: NetName=12VP Pin=C13-1
Added Pin To Net: NetName=3V3 Pin=C13-2
Added Pin To Net: NetName=12VP Pin=C14-1
Added Pin To Net: NetName=3V3 Pin=C14-2
Added Pin To Net: NetName=3V3 Pin=C15-1
Added Pin To Net: NetName=3V3 Pin=C15-2
Added Pin To Net: NetName=3V3 Pin=C16-1
Added Pin To Net: NetName=3V3 Pin=C16-2
Added Pin To Net: NetName=3V3 Pin=C17-1
Added Pin To Net: NetName=3V3 Pin=C17-2
Added Pin To Net: NetName=3V3 Pin=C18-1
Added Pin To Net: NetName=3V3 Pin=C18-2
Added Pin To Net: NetName=3V3 Pin=C19-1
Added Pin To Net: NetName=3V3 Pin=C19-2
Added Pin To Net: NetName=3V3 Pin=C20-1
Added Pin To Net: NetName=NetC20_2 Pin=C20-2
Added Pin To Net: NetName=NetC21_1 Pin=C21-1
Added Pin To Net: NetName=3V3 Pin=C21-2
Added Pin To Net: NetName=3V3 Pin=C22-1
Added Pin To Net: NetName=3V3 Pin=C22-2
Added Pin To Net: NetName=3V3 Pin=C23-1
Added Pin To Net: NetName=NetC23_2 Pin=C23-2
Added Pin To Net: NetName=3V3 Pin=C24-1
Added Pin To Net: NetName=NetC24_2 Pin=C24-2
Added Pin To Net: NetName=3V3 Pin=C25-1
Added Pin To Net: NetName=NetC25_2 Pin=C25-2
Added Pin To Net: NetName=3V3 Pin=C26-1
Added Pin To Net: NetName=NetC26_2 Pin=C26-2
Added Pin To Net: NetName=3V3 Pin=C27-1
Added Pin To Net: NetName=NetC27_2 Pin=C27-2
Added Pin To Net: NetName=3V3 Pin=C28-1
Added Pin To Net: NetName=NetC28_2 Pin=C28-2
Added Pin To Net: NetName=3V3 Pin=D1-A
Added Pin To Net: NetName=12VP Pin=D1-K
Added Pin To Net: NetName=CAN MAIN H Pin=D2-1
Added Pin To Net: NetName=CAN MAIN L Pin=D2-2
Added Pin To Net: NetName=3V3 Pin=D2-3
Added Pin To Net: NetName=3V3 Pin=D3-A
Added Pin To Net: NetName=PWR SW 3V3 Pin=D3-K
Added Pin To Net: NetName=3V3 Pin=D4-A
Added Pin To Net: NetName=NetC27_2 Pin=D4-K
Added Pin To Net: NetName=NetC21_1 Pin=D5-A
Added Pin To Net: NetName=3V3 Pin=D5-K
Added Pin To Net: NetName=NetC28_2 Pin=D6-A
Added Pin To Net: NetName=NetC21_1 Pin=D6-K
Added Pin To Net: NetName=NetDS1_1 Pin=DS1-1
Added Pin To Net: NetName=UVOV Pin=DS1-2
Added Pin To Net: NetName=NetDS2_1 Pin=DS2-1
Added Pin To Net: NetName=FLAG Pin=DS2-2
Added Pin To Net: NetName=NetDS3_1 Pin=DS3-1
Added Pin To Net: NetName=3V3 Pin=DS3-2
Added Pin To Net: NetName=NetDS4_1 Pin=DS4-1
Added Pin To Net: NetName=3V3 Pin=DS4-2
Added Pin To Net: NetName=CAN MAIN LED Pin=DS5-1
Added Pin To Net: NetName=CAN MAIN TX LED Pin=DS5-2
Added Pin To Net: NetName=CAN MAIN LED Pin=DS6-1
Added Pin To Net: NetName=CAN MAIN RX LED Pin=DS6-2
Added Pin To Net: NetName=NetDS7_1 Pin=DS7-1
Added Pin To Net: NetName=ORANGE LED 1 Pin=DS7-2
Added Pin To Net: NetName=NetDS8_1 Pin=DS8-1
Added Pin To Net: NetName=ORANGE LED 2 Pin=DS8-2
Added Pin To Net: NetName=NetDS9_1 Pin=DS9-1
Added Pin To Net: NetName=3V3 Pin=DS9-2
Added Pin To Net: NetName=3V3 Pin=J1-1
Added Pin To Net: NetName=CAN MAIN LED Pin=J1-2
Added Pin To Net: NetName=CAN MAIN L Pin=J2-1
Added Pin To Net: NetName=NetJ2_2 Pin=J2-2
Added Pin To Net: NetName=3V3 Pin=J3-1
Added Pin To Net: NetName=SWDIO Pin=J3-2
Added Pin To Net: NetName=3V3 Pin=J3-3
Added Pin To Net: NetName=SWCLK Pin=J3-4
Added Pin To Net: NetName=3V3 Pin=J3-5
Added Pin To Net: NetName=3V3 Pin=J3-9
Added Pin To Net: NetName=NRST Pin=J3-10
Added Pin To Net: NetName=VUSB Pin=J4-1
Added Pin To Net: NetName=VUSB Pin=J4-1
Added Pin To Net: NetName=USB P Pin=J4-2
Added Pin To Net: NetName=USB P Pin=J4-2
Added Pin To Net: NetName=USB M Pin=J4-3
Added Pin To Net: NetName=USB M Pin=J4-3
Added Pin To Net: NetName=3V3 Pin=J4-4
Added Pin To Net: NetName=3V3 Pin=J4-4
Added Pin To Net: NetName=NetJ5_2 Pin=J5-2
Added Pin To Net: NetName=NetJ5_3 Pin=J5-3
Added Pin To Net: NetName=NetC20_2 Pin=J5-5
Added Pin To Net: NetName=TEMP CLK Pin=J5-6
Added Pin To Net: NetName=TEMP DATA Pin=J5-7
Added Pin To Net: NetName=BUS SEL Pin=J5-8
Added Pin To Net: NetName=BUS STATE Pin=J5-9
Added Pin To Net: NetName=RESET Pin=J5-10
Added Pin To Net: NetName=DATA/CMD Pin=J5-11
Added Pin To Net: NetName=CHIP SEL Pin=J5-12
Added Pin To Net: NetName=SERIAL CLK Pin=J5-13
Added Pin To Net: NetName=SERIAL DATA Pin=J5-14
Added Pin To Net: NetName=3V3 Pin=J5-15
Added Pin To Net: NetName=3V3 Pin=J5-16
Added Pin To Net: NetName=3V3 Pin=J5-17
Added Pin To Net: NetName=NetC23_2 Pin=J5-18
Added Pin To Net: NetName=3V3 Pin=J5-19
Added Pin To Net: NetName=NetC24_2 Pin=J5-20
Added Pin To Net: NetName=NetC27_2 Pin=J5-21
Added Pin To Net: NetName=NetC25_2 Pin=J5-22
Added Pin To Net: NetName=NetC28_2 Pin=J5-23
Added Pin To Net: NetName=NetC26_2 Pin=J5-24
Added Pin To Net: NetName=PWR SW 3V3 Pin=L1-1
Added Pin To Net: NetName=3V3 Pin=L1-2
Added Pin To Net: NetName=3V3 Pin=L2-1
Added Pin To Net: NetName=NetL2_2 Pin=L2-2
Added Pin To Net: NetName=USART3_TX Pin=P1-1
Added Pin To Net: NetName=USART3_RX Pin=P1-2
Added Pin To Net: NetName=3V3 Pin=P1-3
Added Pin To Net: NetName=NetL2_2 Pin=Q1-1
Added Pin To Net: NetName=NetJ5_2 Pin=Q1-2
Added Pin To Net: NetName=NetJ5_3 Pin=Q1-3
Added Pin To Net: NetName=NetDS1_1 Pin=R1-1
Added Pin To Net: NetName=12V Pin=R1-2
Added Pin To Net: NetName=NetDS2_1 Pin=R2-1
Added Pin To Net: NetName=12V Pin=R2-2
Added Pin To Net: NetName=NetDS3_1 Pin=R3-1
Added Pin To Net: NetName=12V Pin=R3-2
Added Pin To Net: NetName=UVLO Pin=R4-1
Added Pin To Net: NetName=12V Pin=R4-2
Added Pin To Net: NetName=OVLO Pin=R5-1
Added Pin To Net: NetName=12V Pin=R5-2
Added Pin To Net: NetName=NetDS4_1 Pin=R6-1
Added Pin To Net: NetName=12VP Pin=R6-2
Added Pin To Net: NetName=3V3 Pin=R7-1
Added Pin To Net: NetName=CLMODE Pin=R7-2
Added Pin To Net: NetName=3V3 Pin=R8-1
Added Pin To Net: NetName=UVLO Pin=R8-2
Added Pin To Net: NetName=3V3 Pin=R9-1
Added Pin To Net: NetName=OVLO Pin=R9-2
Added Pin To Net: NetName=3V3 Pin=R10-1
Added Pin To Net: NetName=SETI Pin=R10-2
Added Pin To Net: NetName=CAN GLX TX Pin=R11-1
Added Pin To Net: NetName=CAN MAIN TX LED Pin=R11-2
Added Pin To Net: NetName=CAN GLV RX Pin=R12-1
Added Pin To Net: NetName=CAN MAIN RX LED Pin=R12-2
Added Pin To Net: NetName=CAN MAIN H Pin=R13-1
Added Pin To Net: NetName=NetJ2_2 Pin=R13-2
Added Pin To Net: NetName=NetDS7_1 Pin=R14-1
Added Pin To Net: NetName=3V3 Pin=R14-2
Added Pin To Net: NetName=NetDS8_1 Pin=R15-1
Added Pin To Net: NetName=3V3 Pin=R15-2
Added Pin To Net: NetName=BOOT Pin=R16-1
Added Pin To Net: NetName=3V3 Pin=R16-2
Added Pin To Net: NetName=NRST Pin=R17-1
Added Pin To Net: NetName=3V3 Pin=R17-2
Added Pin To Net: NetName=PWR FB 3V3 Pin=R18-1
Added Pin To Net: NetName=3V3 Pin=R18-2
Added Pin To Net: NetName=NetDS9_1 Pin=R19-1
Added Pin To Net: NetName=3V3 Pin=R19-2
Added Pin To Net: NetName=3V3 Pin=R20-1
Added Pin To Net: NetName=PWR FB 3V3 Pin=R20-2
Added Pin To Net: NetName=USB_D6 Pin=R21-1
Added Pin To Net: NetName=VUSB Pin=R21-2
Added Pin To Net: NetName=3V3 Pin=R22-1
Added Pin To Net: NetName=USB_D6 Pin=R22-2
Added Pin To Net: NetName=USB P Pin=R23-1
Added Pin To Net: NetName=USB_DP Pin=R23-2
Added Pin To Net: NetName=USB M Pin=R24-1
Added Pin To Net: NetName=USB_DM Pin=R24-2
Added Pin To Net: NetName=SD_D1 Pin=R25-1
Added Pin To Net: NetName=3V3 Pin=R25-2
Added Pin To Net: NetName=SD_D0 Pin=R26-1
Added Pin To Net: NetName=3V3 Pin=R26-2
Added Pin To Net: NetName=SD_CMD Pin=R27-1
Added Pin To Net: NetName=3V3 Pin=R27-2
Added Pin To Net: NetName=SD_D3 Pin=R28-1
Added Pin To Net: NetName=3V3 Pin=R28-2
Added Pin To Net: NetName=SD_D2 Pin=R29-1
Added Pin To Net: NetName=3V3 Pin=R29-2
Added Pin To Net: NetName=NetJ5_2 Pin=R30-1
Added Pin To Net: NetName=3V3 Pin=R30-2
Added Pin To Net: NetName=3V3 Pin=R31-1
Added Pin To Net: NetName=NetJ5_3 Pin=R31-2
Added Pin To Net: NetName=3V3 Pin=R32-1
Added Pin To Net: NetName=B1 Pin=R32-2
Added Pin To Net: NetName=3V3 Pin=R33-1
Added Pin To Net: NetName=B2 Pin=R33-2
Added Pin To Net: NetName=B3 Pin=R34-1
Added Pin To Net: NetName=3V3 Pin=R34-2
Added Pin To Net: NetName=B4 Pin=R35-1
Added Pin To Net: NetName=3V3 Pin=R35-2
Added Pin To Net: NetName=SD_D2 Pin=SD1-1
Added Pin To Net: NetName=SD_D3 Pin=SD1-2
Added Pin To Net: NetName=SD_CMD Pin=SD1-3
Added Pin To Net: NetName=3V3 Pin=SD1-4
Added Pin To Net: NetName=SDIO_CK Pin=SD1-5
Added Pin To Net: NetName=3V3 Pin=SD1-6
Added Pin To Net: NetName=SD_D0 Pin=SD1-7
Added Pin To Net: NetName=SD_D1 Pin=SD1-8
Added Pin To Net: NetName=3V3 Pin=SD1-9
Added Pin To Net: NetName=3V3 Pin=SD1-10
Added Pin To Net: NetName=3V3 Pin=SD1-11
Added Pin To Net: NetName=3V3 Pin=SD1-12
Added Pin To Net: NetName=3V3 Pin=SW1-1
Added Pin To Net: NetName=NRST Pin=SW1-2
Added Pin To Net: NetName=12VP Pin=TP1-1
Added Pin To Net: NetName=3V3 Pin=TP2-1
Added Pin To Net: NetName=CAN MAIN L Pin=TP3-1
Added Pin To Net: NetName=CAN GLV RX Pin=TP4-1
Added Pin To Net: NetName=CAN MAIN H Pin=TP5-1
Added Pin To Net: NetName=CAN GLX TX Pin=TP6-1
Added Pin To Net: NetName=12V Pin=U1-1
Added Pin To Net: NetName=UVLO Pin=U1-2
Added Pin To Net: NetName=OVLO Pin=U1-3
Added Pin To Net: NetName=CLMODE Pin=U1-4
Added Pin To Net: NetName=FLAG Pin=U1-6
Added Pin To Net: NetName=UVOV Pin=U1-7
Added Pin To Net: NetName=SETI Pin=U1-8
Added Pin To Net: NetName=3V3 Pin=U1-9
Added Pin To Net: NetName=12VP Pin=U1-10
Added Pin To Net: NetName=3V3 Pin=U1-11
Added Pin To Net: NetName=CAN GLX TX Pin=U2-1
Added Pin To Net: NetName=3V3 Pin=U2-2
Added Pin To Net: NetName=3V3 Pin=U2-3
Added Pin To Net: NetName=CAN GLV RX Pin=U2-4
Added Pin To Net: NetName=CAN MAIN L Pin=U2-6
Added Pin To Net: NetName=CAN MAIN H Pin=U2-7
Added Pin To Net: NetName=3V3 Pin=U3-6
Added Pin To Net: NetName=3V3 Pin=U3-10
Added Pin To Net: NetName=3V3 Pin=U3-11
Added Pin To Net: NetName=OSC IN Pin=U3-12
Added Pin To Net: NetName=3V3 Pin=U3-13
Added Pin To Net: NetName=NRST Pin=U3-14
Added Pin To Net: NetName=POT-L Pin=U3-15
Added Pin To Net: NetName=POT-M Pin=U3-16
Added Pin To Net: NetName=POT-R Pin=U3-17
Added Pin To Net: NetName=3V3 Pin=U3-19
Added Pin To Net: NetName=3V3 Pin=U3-20
Added Pin To Net: NetName=3V3 Pin=U3-21
Added Pin To Net: NetName=3V3 Pin=U3-22
Added Pin To Net: NetName=RESET Pin=U3-25
Added Pin To Net: NetName=DATA/CMD Pin=U3-26
Added Pin To Net: NetName=3V3 Pin=U3-27
Added Pin To Net: NetName=3V3 Pin=U3-28
Added Pin To Net: NetName=CHIP SEL Pin=U3-29
Added Pin To Net: NetName=SERIAL CLK Pin=U3-30
Added Pin To Net: NetName=SERIAL DATA Pin=U3-31
Added Pin To Net: NetName=USART3_TX Pin=U3-47
Added Pin To Net: NetName=USART3_RX Pin=U3-48
Added Pin To Net: NetName=3V3 Pin=U3-50
Added Pin To Net: NetName=USB_D6 Pin=U3-52
Added Pin To Net: NetName=USB_DM Pin=U3-53
Added Pin To Net: NetName=USB_DP Pin=U3-54
Added Pin To Net: NetName=ORANGE LED 2 Pin=U3-63
Added Pin To Net: NetName=ORANGE LED 1 Pin=U3-64
Added Pin To Net: NetName=SD_D0 Pin=U3-65
Added Pin To Net: NetName=SD_D1 Pin=U3-66
Added Pin To Net: NetName=TEMP CLK Pin=U3-67
Added Pin To Net: NetName=TEMP DATA Pin=U3-68
Added Pin To Net: NetName=BUS SEL Pin=U3-69
Added Pin To Net: NetName=BUS STATE Pin=U3-70
Added Pin To Net: NetName=SWDIO Pin=U3-72
Added Pin To Net: NetName=3V3 Pin=U3-74
Added Pin To Net: NetName=3V3 Pin=U3-75
Added Pin To Net: NetName=SWCLK Pin=U3-76
Added Pin To Net: NetName=SD_D2 Pin=U3-78
Added Pin To Net: NetName=SD_D3 Pin=U3-79
Added Pin To Net: NetName=SDIO_CK Pin=U3-80
Added Pin To Net: NetName=SD_CMD Pin=U3-83
Added Pin To Net: NetName=B1 Pin=U3-84
Added Pin To Net: NetName=B2 Pin=U3-85
Added Pin To Net: NetName=B3 Pin=U3-86
Added Pin To Net: NetName=B4 Pin=U3-87
Added Pin To Net: NetName=BOOT Pin=U3-94
Added Pin To Net: NetName=CAN GLV RX Pin=U3-95
Added Pin To Net: NetName=CAN GLX TX Pin=U3-96
Added Pin To Net: NetName=3V3 Pin=U3-100
Added Pin To Net: NetName=3V3 Pin=U4-1
Added Pin To Net: NetName=3V3 Pin=U4-3
Added Pin To Net: NetName=OSC IN Pin=U4-4
Added Pin To Net: NetName=3V3 Pin=U4-6
Added Pin To Net: NetName=PWR CB 3V3 Pin=U5-1
Added Pin To Net: NetName=3V3 Pin=U5-2
Added Pin To Net: NetName=PWR FB 3V3 Pin=U5-3
Added Pin To Net: NetName=12VP Pin=U5-4
Added Pin To Net: NetName=12VP Pin=U5-5
Added Pin To Net: NetName=PWR SW 3V3 Pin=U5-6
Added Member To Class: ClassName=U_STRWL-S02-V00-12VProtection Member=Component C1 4u7 50V 5% X7R 0603
Added Member To Class: ClassName=U_STRWL-S02-V00-12VProtection Member=Component C2 470nF 50V 5% X7R 0603
Added Member To Class: ClassName=U_STRWL-S03-V00-CAN_MAIN Member=Component C3 100nF 50V 5% X7R 0603
Added Member To Class: ClassName=U_STRWL-S04-V00-Microcontroller Member=Component C4 100nF 50V 5% X7R 0603
Added Member To Class: ClassName=U_STRWL-S04-V00-Microcontroller Member=Component C5 100nF 50V 5% X7R 0603
Added Member To Class: ClassName=U_STRWL-S04-V00-Microcontroller Member=Component C6 100nF 50V 5% X7R 0603
Added Member To Class: ClassName=U_STRWL-S04-V00-Microcontroller Member=Component C7 100nF 50V 5% X7R 0603
Added Member To Class: ClassName=U_STRWL-S04-V00-Microcontroller Member=Component C8 100nF 50V 5% X7R 0603
Added Member To Class: ClassName=U_STRWL-S04-V00-Microcontroller Member=Component C9 100nF 50V 5% X7R 0603
Added Member To Class: ClassName=U_STRWL-S04-V00-Microcontroller Member=Component C10 100nF 50V 5% X7R 0603
Added Member To Class: ClassName=U_STRWL-S04-V00-Microcontroller Member=Component C11 4u7 50V 5% X7R 0603
Added Member To Class: ClassName=U_STRWL-S05-V00-Master-PSU3V3-300mA Member=Component C12 100nF 50V 5% X7R 0603
Added Member To Class: ClassName=U_STRWL-S05-V00-Master-PSU3V3-300mA Member=Component C13 22uF 35V
Added Member To Class: ClassName=U_STRWL-S05-V00-Master-PSU3V3-300mA Member=Component C14 22uF 35V
Added Member To Class: ClassName=U_STRWL-S05-V00-Master-PSU3V3-300mA Member=Component C15 47uF 16V 10% X7R 1210
Added Member To Class: ClassName=U_STRWL-S05-V00-Master-PSU3V3-300mA Member=Component C16 47uF 16V 10% X7R 1210
Added Member To Class: ClassName=U_STRWL-S06-V00-Peripherals Member=Component C17 4u7 50V 5% X7R 0603
Added Member To Class: ClassName=U_STRWL-S06-V00-Peripherals Member=Component C18 1uF 25V 5% X7R 0603
Added Member To Class: ClassName=U_STRWL-S06-V00-Peripherals Member=Component C19 100nF 50V 5% X7R 0603
Added Member To Class: ClassName=STRWL-S01-V01-Master1 Member=Component C20 1uF 25V 5% X7R 0603
Added Member To Class: ClassName=STRWL-S01-V01-Master1 Member=Component C21 4u7 50V 5% X7R 0603
Added Member To Class: ClassName=STRWL-S01-V01-Master1 Member=Component C22 1uF 25V 5% X7R 0603
Added Member To Class: ClassName=STRWL-S01-V01-Master1 Member=Component C23 1uF 25V 5% X7R 0603
Added Member To Class: ClassName=STRWL-S01-V01-Master1 Member=Component C24 1uF 25V 5% X7R 0603
Added Member To Class: ClassName=STRWL-S01-V01-Master1 Member=Component C25 1uF 25V 5% X7R 0603
Added Member To Class: ClassName=STRWL-S01-V01-Master1 Member=Component C26 1uF 25V 5% X7R 0603
Added Member To Class: ClassName=STRWL-S01-V01-Master1 Member=Component C27 1uF 25V 5% X7R 0603
Added Member To Class: ClassName=STRWL-S01-V01-Master1 Member=Component C28 1uF 25V 5% X7R 0603
Added Member To Class: ClassName=U_STRWL-S02-V00-12VProtection Member=Component D1 1N4448WQ-7-F
Added Member To Class: ClassName=U_STRWL-S03-V00-CAN_MAIN Member=Component D2 NUP2105L
Added Member To Class: ClassName=U_STRWL-S05-V00-Master-PSU3V3-300mA Member=Component D3 B260A-13-F
Added Member To Class: ClassName=STRWL-S01-V01-Master1 Member=Component D4 STPS0530Z
Added Member To Class: ClassName=STRWL-S01-V01-Master1 Member=Component D5 STPS0530Z
Added Member To Class: ClassName=STRWL-S01-V01-Master1 Member=Component D6 STPS0530Z
Added Member To Class: ClassName=U_STRWL-S02-V00-12VProtection Member=Component DS1 LED Red 0603
Added Member To Class: ClassName=U_STRWL-S02-V00-12VProtection Member=Component DS2 LED Red 0603
Added Member To Class: ClassName=U_STRWL-S02-V00-12VProtection Member=Component DS3 LED Green 0603
Added Member To Class: ClassName=U_STRWL-S02-V00-12VProtection Member=Component DS4 LED Green 0603
Added Member To Class: ClassName=U_STRWL-S03-V00-CAN_MAIN Member=Component DS5 LED Blue 0603
Added Member To Class: ClassName=U_STRWL-S03-V00-CAN_MAIN Member=Component DS6 LED Blue 0603
Added Member To Class: ClassName=U_STRWL-S04-V00-Microcontroller Member=Component DS7 LED Orange 0603
Added Member To Class: ClassName=U_STRWL-S04-V00-Microcontroller Member=Component DS8 LED Orange 0603
Added Member To Class: ClassName=U_STRWL-S05-V00-Master-PSU3V3-300mA Member=Component DS9 LED Green 0603
Added Member To Class: ClassName=STRWL-S01-V01-Master1 Member=Component FID1 Fiducial 1MM
Added Member To Class: ClassName=STRWL-S01-V01-Master1 Member=Component FID2 Fiducial 1MM
Added Member To Class: ClassName=STRWL-S01-V01-Master1 Member=Component FID3 Fiducial 1MM
Added Member To Class: ClassName=STRWL-S01-V01-Master1 Member=Component FID4 Fiducial 1MM
Added Member To Class: ClassName=U_STRWL-S03-V00-CAN_MAIN Member=Component J1 Jumper 2Way Solderable
Added Member To Class: ClassName=U_STRWL-S03-V00-CAN_MAIN Member=Component J2 Jumper 2Way Solderable
Added Member To Class: ClassName=U_STRWL-S04-V00-Microcontroller Member=Component J3 IDC 10P 2x5 1.27mm
Added Member To Class: ClassName=U_STRWL-S06-V00-Peripherals Member=Component J4 JST PH 4x RIGHT COMB
Added Member To Class: ClassName=STRWL-S01-V01-Master1 Member=Component J5 52437-2471
Added Member To Class: ClassName=U_STRWL-S05-V00-Master-PSU3V3-300mA Member=Component L1 74404064221
Added Member To Class: ClassName=STRWL-S01-V01-Master1 Member=Component L2 LQM21FN100M70L
Added Member To Class: ClassName=STRWL-S01-V01-Master1 Member=Component LOGO1 50mm Wide QUTMS Logo
Added Member To Class: ClassName=STRWL-S01-V01-Master1 Member=Component M1 Hole M3 Tight Unplated
Added Member To Class: ClassName=STRWL-S01-V01-Master1 Member=Component M2 Hole M3 Tight Unplated
Added Member To Class: ClassName=STRWL-S01-V01-Master1 Member=Component M3 Hole M3 Tight Unplated
Added Member To Class: ClassName=STRWL-S01-V01-Master1 Member=Component M4 Hole M3 Tight Unplated
Added Member To Class: ClassName=U_STRWL-S04-V00-Microcontroller Member=Component P1 Header 3
Added Member To Class: ClassName=STRWL-S01-V01-Master1 Member=Component Q1 MOSFET N-CH 30V 4A SOT323
Added Member To Class: ClassName=U_STRWL-S02-V00-12VProtection Member=Component R1 4k7 5% 0603
Added Member To Class: ClassName=U_STRWL-S02-V00-12VProtection Member=Component R2 4k7 5% 0603
Added Member To Class: ClassName=U_STRWL-S02-V00-12VProtection Member=Component R3 4k7 5% 0603
Added Member To Class: ClassName=U_STRWL-S02-V00-12VProtection Member=Component R4 2M2 1%
Added Member To Class: ClassName=U_STRWL-S02-V00-12VProtection Member=Component R5 2M2 1%
Added Member To Class: ClassName=U_STRWL-S02-V00-12VProtection Member=Component R6 4k7 5% 0603
Added Member To Class: ClassName=U_STRWL-S02-V00-12VProtection Member=Component R7 150k 5% 0603
Added Member To Class: ClassName=U_STRWL-S02-V00-12VProtection Member=Component R8 390k 5% 0603
Added Member To Class: ClassName=U_STRWL-S02-V00-12VProtection Member=Component R9 240k 5%
Added Member To Class: ClassName=U_STRWL-S02-V00-12VProtection Member=Component R10 1k 5% 0603
Added Member To Class: ClassName=U_STRWL-S03-V00-CAN_MAIN Member=Component R11 330R 5% 0603
Added Member To Class: ClassName=U_STRWL-S03-V00-CAN_MAIN Member=Component R12 330R 5% 0603
Added Member To Class: ClassName=U_STRWL-S03-V00-CAN_MAIN Member=Component R13 120R 1% 1210
Added Member To Class: ClassName=U_STRWL-S04-V00-Microcontroller Member=Component R14 330R 5% 0603
Added Member To Class: ClassName=U_STRWL-S04-V00-Microcontroller Member=Component R15 330R 5% 0603
Added Member To Class: ClassName=U_STRWL-S04-V00-Microcontroller Member=Component R16 20k 1% 0603
Added Member To Class: ClassName=U_STRWL-S04-V00-Microcontroller Member=Component R17 4k7 5% 0603
Added Member To Class: ClassName=U_STRWL-S05-V00-Master-PSU3V3-300mA Member=Component R18 64k9 1% 0603
Added Member To Class: ClassName=U_STRWL-S05-V00-Master-PSU3V3-300mA Member=Component R19 1k 5% 0603
Added Member To Class: ClassName=U_STRWL-S05-V00-Master-PSU3V3-300mA Member=Component R20 19k6 1% 0603
Added Member To Class: ClassName=U_STRWL-S06-V00-Peripherals Member=Component R21 10k 5% 0603
Added Member To Class: ClassName=U_STRWL-S06-V00-Peripherals Member=Component R22 15k 5% 0603
Added Member To Class: ClassName=U_STRWL-S06-V00-Peripherals Member=Component R23 22R 1% 0603
Added Member To Class: ClassName=U_STRWL-S06-V00-Peripherals Member=Component R24 22R 1% 0603
Added Member To Class: ClassName=U_STRWL-S06-V00-Peripherals Member=Component R25 10k 5% 0603
Added Member To Class: ClassName=U_STRWL-S06-V00-Peripherals Member=Component R26 10k 5% 0603
Added Member To Class: ClassName=U_STRWL-S06-V00-Peripherals Member=Component R27 10k 5% 0603
Added Member To Class: ClassName=U_STRWL-S06-V00-Peripherals Member=Component R28 10k 5% 0603
Added Member To Class: ClassName=U_STRWL-S06-V00-Peripherals Member=Component R29 10k 5% 0603
Added Member To Class: ClassName=STRWL-S01-V01-Master1 Member=Component R30 10k 1% 0603
Added Member To Class: ClassName=STRWL-S01-V01-Master1 Member=Component R31 0R47 5% 0603
Added Member To Class: ClassName=STRWL-S01-V01-Master1 Member=Component R32 10k 5% 0603
Added Member To Class: ClassName=STRWL-S01-V01-Master1 Member=Component R33 10k 5% 0603
Added Member To Class: ClassName=STRWL-S01-V01-Master1 Member=Component R34 10k 5% 0603
Added Member To Class: ClassName=STRWL-S01-V01-Master1 Member=Component R35 10k 5% 0603
Added Member To Class: ClassName=U_STRWL-S06-V00-Peripherals Member=Component SD1 47219-2001
Added Member To Class: ClassName=U_STRWL-S04-V00-Microcontroller Member=Component SW1 B3U-1000P
Added Member To Class: ClassName=U_STRWL-S02-V00-12VProtection Member=Component TP1 TestPoint
Added Member To Class: ClassName=U_STRWL-S02-V00-12VProtection Member=Component TP2 TestPoint
Added Member To Class: ClassName=U_STRWL-S03-V00-CAN_MAIN Member=Component TP3 TestPoint_SMD
Added Member To Class: ClassName=U_STRWL-S03-V00-CAN_MAIN Member=Component TP4 TestPoint_SMD
Added Member To Class: ClassName=U_STRWL-S03-V00-CAN_MAIN Member=Component TP5 TestPoint_SMD
Added Member To Class: ClassName=U_STRWL-S03-V00-CAN_MAIN Member=Component TP6 TestPoint_SMD
Added Member To Class: ClassName=U_STRWL-S02-V00-12VProtection Member=Component U1 MAX17612A
Added Member To Class: ClassName=U_STRWL-S03-V00-CAN_MAIN Member=Component U2 SN65HVD233
Added Member To Class: ClassName=U_STRWL-S04-V00-Microcontroller Member=Component U3 STM32F207VGT7
Added Member To Class: ClassName=U_STRWL-S04-V00-Microcontroller Member=Component U4 DSC1101CI5-020.0000T
Added Member To Class: ClassName=U_STRWL-S05-V00-Master-PSU3V3-300mA Member=Component U5 LMR14010ADDCR
Added Room: Name=STRWL-S01-V01-Master1
Added Room: Name=U_STRWL-S02-V00-12VProtection
Added Room: Name=U_STRWL-S03-V00-CAN_MAIN
Added Room: Name=U_STRWL-S04-V00-Microcontroller
Added Room: Name=U_STRWL-S05-V00-Master-PSU3V3-300mA
Added Room: Name=U_STRWL-S06-V00-Peripherals
