Removed Pin From Net: NetName=GND Pin=C20-1
Removed Pin From Net: NetName=3V3 Pin=C21-2
Removed Pin From Net: NetName=GND Pin=C22-1
Removed Pin From Net: NetName=3V3 Pin=C22-2
Removed Pin From Net: NetName=GND Pin=C23-1
Removed Pin From Net: NetName=GND Pin=C24-1
Removed Pin From Net: NetName=GND Pin=C25-1
Removed Pin From Net: NetName=GND Pin=C26-1
Removed Pin From Net: NetName=GND Pin=C27-1
Removed Pin From Net: NetName=GND Pin=C28-1
Removed Pin From Net: NetName=3V3 Pin=D4-A
Removed Pin From Net: NetName=GND Pin=D5-K
Removed Pin From Net: NetName=3V3 Pin=J5-15
Removed Pin From Net: NetName=3V3 Pin=J5-16
Removed Pin From Net: NetName=GND Pin=J5-17
Removed Pin From Net: NetName=3V3 Pin=J5-19
Removed Pin From Net: NetName=3V3 Pin=L2-1
Removed Pin From Net: NetName=GND Pin=R30-2
Removed Pin From Net: NetName=GND Pin=R31-1
Removed Member From Class: ClassName=STRWL-S01-V01-Master1 Member=C20
Removed Member From Class: ClassName=STRWL-S01-V01-Master1 Member=C21
Removed Member From Class: ClassName=STRWL-S01-V01-Master1 Member=C22
Removed Member From Class: ClassName=STRWL-S01-V01-Master1 Member=C23
Removed Member From Class: ClassName=STRWL-S01-V01-Master1 Member=C24
Removed Member From Class: ClassName=STRWL-S01-V01-Master1 Member=C25
Removed Member From Class: ClassName=STRWL-S01-V01-Master1 Member=C26
Removed Member From Class: ClassName=STRWL-S01-V01-Master1 Member=C27
Removed Member From Class: ClassName=STRWL-S01-V01-Master1 Member=C28
Removed Member From Class: ClassName=STRWL-S01-V01-Master1 Member=D4
Removed Member From Class: ClassName=STRWL-S01-V01-Master1 Member=D5
Removed Member From Class: ClassName=STRWL-S01-V01-Master1 Member=D6
Removed Member From Class: ClassName=STRWL-S01-V01-Master1 Member=J5
Removed Member From Class: ClassName=STRWL-S01-V01-Master1 Member=L2
Removed Member From Class: ClassName=STRWL-S01-V01-Master1 Member=Q1
Removed Member From Class: ClassName=STRWL-S01-V01-Master1 Member=R30
Removed Member From Class: ClassName=STRWL-S01-V01-Master1 Member=R31
Change Component Comment : Designator=U3 Old Comment=3 New Comment=STM32F207VGT7
Change Managed Component Library Link : Designator=U3 Old VaultGUID= New VaultGUID=B7D15EC3-160A-466F-A46C-7801FE6295A7 Old ItemGUID= New ItemGUID=5860DECC-5B7D-4D14-A499-5277223946F1 Old RevisionGUID= New RevisionGUID=F43B3DE7-E754-4FC6-B359-E08020DDCF3F
Added Component: Designator=J4(JST PH 4x RIGHT COMB)
Add Component: Footprint Not Found 61304021121
Added Component: Designator=R21(Res_ThinFilm_0603)
Added Component: Designator=R22(Res_ThinFilm_0603)
Added Component: Designator=R23(Res_ThinFilm_0603)
Added Component: Designator=R24(Res_ThinFilm_0603)
Added Component: Designator=R25(Res_ThinFilm_0603)
Added Component: Designator=R26(Res_ThinFilm_0603)
Added Component: Designator=R27(Res_ThinFilm_0603)
Added Component: Designator=R28(Res_ThinFilm_0603)
Added Component: Designator=R29(Res_ThinFilm_0603)
Added Component: Designator=TP1(TestPointSMD)
Added Component: Designator=TP2(TestPointSMD)
Added Component: Designator=TP3(TestPointSMD)
Added Component: Designator=TP4(TestPointSMD)
Added Component: Designator=TP5(TestPointSMD)
Added Component: Designator=TP6(TestPointSMD)
Added Pin To Net: NetName=VUSB Pin=J4-1
Added Pin To Net: NetName=VUSB Pin=J4-1
Added Pin To Net: NetName=USB P Pin=J4-2
Added Pin To Net: NetName=USB P Pin=J4-2
Added Pin To Net: NetName=USB M Pin=J4-3
Added Pin To Net: NetName=USB M Pin=J4-3
Added Pin To Net: NetName=GND Pin=J4-4
Added Pin To Net: NetName=GND Pin=J4-4
Added Pin To Net: NetName=VUSB Pin=R21-2
Added Pin To Net: NetName=GND Pin=R22-1
Added Pin To Net: NetName=USB P Pin=R23-1
Added Pin To Net: NetName=USB DP Pin=R23-2
Added Pin To Net: NetName=USB M Pin=R24-1
Added Pin To Net: NetName=USB DM Pin=R24-2
Added Pin To Net: NetName=SD_D1 Pin=R25-1
Added Pin To Net: NetName=3V3 Pin=R25-2
Added Pin To Net: NetName=SD_D0 Pin=R26-1
Added Pin To Net: NetName=3V3 Pin=R26-2
Added Pin To Net: NetName=SD_CMD Pin=R27-1
Added Pin To Net: NetName=3V3 Pin=R27-2
Added Pin To Net: NetName=SD_D3 Pin=R28-1
Added Pin To Net: NetName=3V3 Pin=R28-2
Added Pin To Net: NetName=SD_D2 Pin=R29-1
Added Pin To Net: NetName=3V3 Pin=R29-2
Added Pin To Net: NetName=12VP Pin=TP1-1
Added Pin To Net: NetName=GND Pin=TP2-1
Added Pin To Net: NetName=CAN MAIN L Pin=TP3-1
Added Pin To Net: NetName=CAN GLV RX Pin=TP4-1
Added Pin To Net: NetName=CAN MAIN H Pin=TP5-1
Added Pin To Net: NetName=CAN GLX TX Pin=TP6-1
Added Pin To Net: NetName=BUSY_N Pin=U3-26
Added Net: Name=BUSY_N
Added Pin To Net: NetName=CS Pin=U3-29
Added Net: Name=CS
Added Pin To Net: NetName=DC Pin=U3-31
Added Net: Name=DC
Added Pin To Net: NetName=NetR21_1 Pin=R21-1
Added Pin To Net: NetName=NetR21_1 Pin=R22-2
Added Net: Name=NetR21_1
Added Pin To Net: NetName=RST Pin=U3-67
Added Net: Name=RST
Added Pin To Net: NetName=SPI CLK Pin=U3-30
Added Net: Name=SPI CLK
Added Pin To Net: NetName=SPI MOSI Pin=U3-32
Added Net: Name=SPI MOSI
Added Member To Class: ClassName=U_STRWL-S04-V00-Microcontroller Member=Component C8 100nF 50V 5% X7R 0603
Added Member To Class: ClassName=U_STRWL-S03-V00-CAN_MAIN Member=Component DS5 LED Blue 0603
Added Member To Class: ClassName=U_STRWL-S06-V00-Peripherals Member=Component J4 JST PH 4x RIGHT COMB
Add Class Member: Failed to add class member : Component P? 61304021121
Added Member To Class: ClassName=U_STRWL-S02-V00-12VProtection Member=Component R10 1k 5% 0603
Added Member To Class: ClassName=U_STRWL-S03-V00-CAN_MAIN Member=Component R11 330R
Added Member To Class: ClassName=U_STRWL-S06-V00-Peripherals Member=Component R21 10k 5% 0603
Added Member To Class: ClassName=U_STRWL-S06-V00-Peripherals Member=Component R22 15k 5% 0603
Added Member To Class: ClassName=U_STRWL-S06-V00-Peripherals Member=Component R23 22R
Added Member To Class: ClassName=U_STRWL-S06-V00-Peripherals Member=Component R24 22R
Added Member To Class: ClassName=U_STRWL-S06-V00-Peripherals Member=Component R25 10k 5% 0603
Added Member To Class: ClassName=U_STRWL-S06-V00-Peripherals Member=Component R26 10k 5% 0603
Added Member To Class: ClassName=U_STRWL-S06-V00-Peripherals Member=Component R27 10k 5% 0603
Added Member To Class: ClassName=U_STRWL-S06-V00-Peripherals Member=Component R28 10k 5% 0603
Added Member To Class: ClassName=U_STRWL-S06-V00-Peripherals Member=Component R29 10k 5% 0603
Added Member To Class: ClassName=U_STRWL-S02-V00-12VProtection Member=Component TP1 TestPoint
Added Member To Class: ClassName=U_STRWL-S02-V00-12VProtection Member=Component TP2 TestPoint
Added Member To Class: ClassName=U_STRWL-S03-V00-CAN_MAIN Member=Component TP3 TestPoint_SMD
Added Member To Class: ClassName=U_STRWL-S03-V00-CAN_MAIN Member=Component TP4 TestPoint_SMD
Added Member To Class: ClassName=U_STRWL-S03-V00-CAN_MAIN Member=Component TP5 TestPoint_SMD
Added Member To Class: ClassName=U_STRWL-S03-V00-CAN_MAIN Member=Component TP6 TestPoint_SMD
Added Member To Class: ClassName=U_STRWL-S03-V00-CAN_MAIN Member=Component U2 SN65HVD233
Added Room: Name=STRWL-S01-V01-Master1
Added Room: Name=U_STRWL-S02-V00-12VProtection
Added Room: Name=U_STRWL-S03-V00-CAN_MAIN
Added Room: Name=U_STRWL-S04-V00-Microcontroller
Added Room: Name=U_STRWL-S05-V00-Master-PSU3V3-300mA
Added Room: Name=U_STRWL-S06-V00-Peripherals
