Added Component: Designator=R25(Res_ThinFilm_0603)
Added Component: Designator=R26(Res_ThinFilm_0603)
Added Component: Designator=R27(Res_ThinFilm_0603)
Added Component: Designator=R28(Res_ThinFilm_0603)
Added Component: Designator=R29(Res_ThinFilm_0603)
Added Pin To Net: NetName=SD_D1 Pin=R25-1
Added Pin To Net: NetName=3V3 Pin=R25-2
Added Pin To Net: NetName=SD_D0 Pin=R26-1
Added Pin To Net: NetName=3V3 Pin=R26-2
Added Pin To Net: NetName=SD_CMD Pin=R27-1
Added Pin To Net: NetName=3V3 Pin=R27-2
Added Pin To Net: NetName=SD_D3 Pin=R28-1
Added Pin To Net: NetName=3V3 Pin=R28-2
Added Pin To Net: NetName=SD_D2 Pin=R29-1
Added Pin To Net: NetName=3V3 Pin=R29-2
Added Member To Class: ClassName=U_STRWL-S06-V00-Peripherals Member=Component R25 10k 5% 0603
Added Member To Class: ClassName=U_STRWL-S06-V00-Peripherals Member=Component R26 10k 5% 0603
Added Member To Class: ClassName=U_STRWL-S06-V00-Peripherals Member=Component R27 10k 5% 0603
Added Member To Class: ClassName=U_STRWL-S06-V00-Peripherals Member=Component R28 10k 5% 0603
Added Member To Class: ClassName=U_STRWL-S06-V00-Peripherals Member=Component R29 10k 5% 0603
