Removed Pin From Net: NetName=POT-R Pin=J7-2
Removed Pin From Net: NetName=POT-L Pin=J9-2
Added Component: Designator=C17(Cap_Ceramic_0603)
Added Component: Designator=C18(Cap_Ceramic_0603)
Added Component: Designator=C19(Cap_Ceramic_0603)
Added Component: Designator=R25(Res_ThinFilm_0603)
Added Component: Designator=R26(Res_ThinFilm_0603)
Added Component: Designator=R27(Res_ThinFilm_0603)
Added Component: Designator=R28(Res_ThinFilm_0603)
Added Component: Designator=R29(Res_ThinFilm_0603)
Added Pin To Net: NetName=GND Pin=C17-1
Added Pin To Net: NetName=3V3 Pin=C17-2
Added Pin To Net: NetName=GND Pin=C18-1
Added Pin To Net: NetName=3V3 Pin=C18-2
Added Pin To Net: NetName=GND Pin=C19-1
Added Pin To Net: NetName=3V3 Pin=C19-2
Added Pin To Net: NetName=POT-L Pin=J7-2
Added Pin To Net: NetName=POT-R Pin=J9-2
Added Pin To Net: NetName=SD_D1 Pin=R25-1
Added Pin To Net: NetName=3V3 Pin=R25-2
Added Pin To Net: NetName=SD_D0 Pin=R26-1
Added Pin To Net: NetName=3V3 Pin=R26-2
Added Pin To Net: NetName=SD_CMD Pin=R27-1
Added Pin To Net: NetName=3V3 Pin=R27-2
Added Pin To Net: NetName=SD_D3 Pin=R28-1
Added Pin To Net: NetName=3V3 Pin=R28-2
Added Pin To Net: NetName=SD_D2 Pin=R29-1
Added Pin To Net: NetName=3V3 Pin=R29-2
Added Member To Class: ClassName=U_STRWL-S06-V00-Peripherals Member=Component C17 4u7
Added Member To Class: ClassName=U_STRWL-S06-V00-Peripherals Member=Component C18 1uF
Added Member To Class: ClassName=U_STRWL-S06-V00-Peripherals Member=Component C19 100nF 50V 5% X7R 0603
Added Member To Class: ClassName=U_STRWL-S06-V00-Peripherals Member=Component R25 10k 5% 0603
Added Member To Class: ClassName=U_STRWL-S06-V00-Peripherals Member=Component R26 10k 5% 0603
Added Member To Class: ClassName=U_STRWL-S06-V00-Peripherals Member=Component R27 10k 5% 0603
Added Member To Class: ClassName=U_STRWL-S06-V00-Peripherals Member=Component R28 10k 5% 0603
Added Member To Class: ClassName=U_STRWL-S06-V00-Peripherals Member=Component R29 10k 5% 0603
