Change Component Footprint: Designator=U3 Old Footprint=STM-LQFP100_N New Footprint=STM-LQFP100_N
Change Managed Component Library Link : Designator=U3 Old VaultGUID= New VaultGUID=B7D15EC3-160A-466F-A46C-7801FE6295A7 Old ItemGUID= New ItemGUID=5860DECC-5B7D-4D14-A499-5277223946F1 Old RevisionGUID= New RevisionGUID=F43B3DE7-E754-4FC6-B359-E08020DDCF3F
Change component parameters: Designator = "J10" ("J10"); Footprint = "JST 2P VERT SMD"; UniqueID = "\PHLUUFYD" ("\PHLUUFYD")
Change component parameters (AddParameter): Name = "Category 75Fab8F04590Ae3D"; Value = "Connectors and Adapters"; VariantName = "[No Variations]"
Change component parameters (AddParameter): Name = "Category 0836C53C3D42D3F1"; Value = "Connectors"; VariantName = "[No Variations]"
Change component parameters (AddParameter): Name = "Category A3C16Ecb93907806"; Value = "Uncategorized"; VariantName = "[No Variations]"
Change component parameters (AddParameter): Name = "Category Bda670Ac885E6661"; Value = "Uncategorized"; VariantName = "[No Variations]"
Change component parameters (AddParameter): Name = "Category Dab617Bcef8C0171"; Value = "PC Board"; VariantName = "[No Variations]"
Change component parameters (AddParameter): Name = "Category E42C2926D3763Feb"; Value = "Wire to Board"; VariantName = "[No Variations]"
Change component parameters (AddParameter): Name = "Category E7012A0Bd22E3Cc6"; Value = "Headers & Receptacles"; VariantName = "[No Variations]"
Change component parameters (AddParameter): Name = "Category Fcf631Fcc9332731"; Value = "Uncategorized"; VariantName = "[No Variations]"
Change component parameters (AddParameter): Name = "color"; Value = "White"; VariantName = "[No Variations]"
Change component parameters (AddParameter): Name = "ComponentLink1Description"; Value = "Upverter"; VariantName = "[No Variations]"
Change component parameters (AddParameter): Name = "ComponentLink1URL"; Value = "https://upverter.com/upn/revision/aa2260f5f3c02952/"; VariantName = "[No Variations]"
Change component parameters (AddParameter): Name = "ComponentLink2Description"; Value = "Datasheet"; VariantName = "[No Variations]"
Change component parameters (AddParameter): Name = "ComponentLink2URL"; Value = "https://upverter.com/datasheet/05f4473ffc638d76a3bb68900fd4324175be47ba.pdf"; VariantName = "[No Variations]"
Change component parameters (AddParameter): Name = "contact_material"; Value = "Brass"; VariantName = "[No Variations]"
Change component parameters (AddParameter): Name = "contact_plating"; Value = "Tin"; VariantName = "[No Variations]"
Change component parameters (AddParameter): Name = "current_rating"; Value = "2 A"; VariantName = "[No Variations]"
Change component parameters (AddParameter): Name = "Digikey Description"; Value = "CONN 2 Positions Header, Shrouded Connector 0.079" (2.00mm) Surface Mount Tin"; VariantName = "[No Variations]"
Change component parameters (AddParameter): Name = "Digikey Part Number"; Value = "455-1734-1-ND"; VariantName = "[No Variations]"
Change component parameters (AddParameter): Name = "flammability_rating"; Value = "UL 94 V-0"; VariantName = "[No Variations]"
Change component parameters (AddParameter): Name = "gender"; Value = "Female"; VariantName = "[No Variations]"
Change component parameters (AddParameter): Name = "helpURL"; Value = "https://upverter.com/upn/revision/aa2260f5f3c02952/"; VariantName = "[No Variations]"
Change component parameters (AddParameter): Name = "housing_color"; Value = "Natural"; VariantName = "[No Variations]"
Change component parameters (AddParameter): Name = "housing_material"; Value = "Nylon"; VariantName = "[No Variations]"
Change component parameters (AddParameter): Name = "insulation_resistance"; Value = "1 GO"; VariantName = "[No Variations]"
Change component parameters (AddParameter): Name = "Lead Free"; Value = "yes"; VariantName = "[No Variations]"
Change component parameters (AddParameter): Name = "Manufacturer"; Value = "JST"; VariantName = "[No Variations]"
Change component parameters (AddParameter): Name = "Mounting Type"; Value = "surface mount"; VariantName = "[No Variations]"
Change component parameters (AddParameter): Name = "Num Pins"; Value = "2"; VariantName = "[No Variations]"
Change component parameters (AddParameter): Name = "number_of_contacts"; Value = "2"; VariantName = "[No Variations]"
Change component parameters (AddParameter): Name = "number_of_positions"; Value = "2"; VariantName = "[No Variations]"
Change component parameters (AddParameter): Name = "number_of_rows"; Value = "1"; VariantName = "[No Variations]"
Change component parameters (AddParameter): Name = "Package"; Value = "CONN_SMT_7MM95_5MM0"; VariantName = "[No Variations]"
Change component parameters (AddParameter): Name = "pin_pitch"; Value = "2 mm"; VariantName = "[No Variations]"
Change component parameters (AddParameter): Name = "Price"; Value = "0.401172514632"; VariantName = "[No Variations]"
Change component parameters (AddParameter): Name = "RoHS"; Value = "TRUE"; VariantName = "[No Variations]"
Change component parameters (AddParameter): Name = "size_height"; Value = "6.6 mm"; VariantName = "[No Variations]"
Change component parameters (AddParameter): Name = "size_length"; Value = "7.95 mm"; VariantName = "[No Variations]"
Change component parameters (AddParameter): Name = "size_width"; Value = "5 mm"; VariantName = "[No Variations]"
Change component parameters (AddParameter): Name = "Supplier 1"; Value = "Digi-Key"; VariantName = "[No Variations]"
Change component parameters (AddParameter): Name = "Supplier 2"; Value = "Mouser"; VariantName = "[No Variations]"
Change component parameters (AddParameter): Name = "Supplier Part Number 1"; Value = "455-1734-1-ND"; VariantName = "[No Variations]"
Change component parameters (AddParameter): Name = "Supplier Part Number 2"; Value = ""; VariantName = "[No Variations]"
Change component parameters (AddParameter): Name = "Temperature"; Value = "-25°C to +85°C"; VariantName = "[No Variations]"
Change component parameters (AddParameter): Name = "Temperature Range High"; Value = "+85°C"; VariantName = "[No Variations]"
Change component parameters (AddParameter): Name = "Temperature Range Low"; Value = "-25°C"; VariantName = "[No Variations]"
Change component parameters (AddParameter): Name = "voltage_rating_ac"; Value = "100 V"; VariantName = "[No Variations]"
Change component parameters: Designator = "J11" ("J11"); Footprint = "JST 2P VERT SMD"; UniqueID = "\QEQBUWCS" ("\QEQBUWCS")
Change component parameters (AddParameter): Name = "Category 75Fab8F04590Ae3D"; Value = "Connectors and Adapters"; VariantName = "[No Variations]"
Change component parameters (AddParameter): Name = "Category 0836C53C3D42D3F1"; Value = "Connectors"; VariantName = "[No Variations]"
Change component parameters (AddParameter): Name = "Category A3C16Ecb93907806"; Value = "Uncategorized"; VariantName = "[No Variations]"
Change component parameters (AddParameter): Name = "Category Bda670Ac885E6661"; Value = "Uncategorized"; VariantName = "[No Variations]"
Change component parameters (AddParameter): Name = "Category Dab617Bcef8C0171"; Value = "PC Board"; VariantName = "[No Variations]"
Change component parameters (AddParameter): Name = "Category E42C2926D3763Feb"; Value = "Wire to Board"; VariantName = "[No Variations]"
Change component parameters (AddParameter): Name = "Category E7012A0Bd22E3Cc6"; Value = "Headers & Receptacles"; VariantName = "[No Variations]"
Change component parameters (AddParameter): Name = "Category Fcf631Fcc9332731"; Value = "Uncategorized"; VariantName = "[No Variations]"
Change component parameters (AddParameter): Name = "color"; Value = "White"; VariantName = "[No Variations]"
Change component parameters (AddParameter): Name = "ComponentLink1Description"; Value = "Upverter"; VariantName = "[No Variations]"
Change component parameters (AddParameter): Name = "ComponentLink1URL"; Value = "https://upverter.com/upn/revision/aa2260f5f3c02952/"; VariantName = "[No Variations]"
Change component parameters (AddParameter): Name = "ComponentLink2Description"; Value = "Datasheet"; VariantName = "[No Variations]"
Change component parameters (AddParameter): Name = "ComponentLink2URL"; Value = "https://upverter.com/datasheet/05f4473ffc638d76a3bb68900fd4324175be47ba.pdf"; VariantName = "[No Variations]"
Change component parameters (AddParameter): Name = "contact_material"; Value = "Brass"; VariantName = "[No Variations]"
Change component parameters (AddParameter): Name = "contact_plating"; Value = "Tin"; VariantName = "[No Variations]"
Change component parameters (AddParameter): Name = "current_rating"; Value = "2 A"; VariantName = "[No Variations]"
Change component parameters (AddParameter): Name = "Digikey Description"; Value = "CONN 2 Positions Header, Shrouded Connector 0.079" (2.00mm) Surface Mount Tin"; VariantName = "[No Variations]"
Change component parameters (AddParameter): Name = "Digikey Part Number"; Value = "455-1734-1-ND"; VariantName = "[No Variations]"
Change component parameters (AddParameter): Name = "flammability_rating"; Value = "UL 94 V-0"; VariantName = "[No Variations]"
Change component parameters (AddParameter): Name = "gender"; Value = "Female"; VariantName = "[No Variations]"
Change component parameters (AddParameter): Name = "helpURL"; Value = "https://upverter.com/upn/revision/aa2260f5f3c02952/"; VariantName = "[No Variations]"
Change component parameters (AddParameter): Name = "housing_color"; Value = "Natural"; VariantName = "[No Variations]"
Change component parameters (AddParameter): Name = "housing_material"; Value = "Nylon"; VariantName = "[No Variations]"
Change component parameters (AddParameter): Name = "insulation_resistance"; Value = "1 GO"; VariantName = "[No Variations]"
Change component parameters (AddParameter): Name = "Lead Free"; Value = "yes"; VariantName = "[No Variations]"
Change component parameters (AddParameter): Name = "Manufacturer"; Value = "JST"; VariantName = "[No Variations]"
Change component parameters (AddParameter): Name = "Mounting Type"; Value = "surface mount"; VariantName = "[No Variations]"
Change component parameters (AddParameter): Name = "Num Pins"; Value = "2"; VariantName = "[No Variations]"
Change component parameters (AddParameter): Name = "number_of_contacts"; Value = "2"; VariantName = "[No Variations]"
Change component parameters (AddParameter): Name = "number_of_positions"; Value = "2"; VariantName = "[No Variations]"
Change component parameters (AddParameter): Name = "number_of_rows"; Value = "1"; VariantName = "[No Variations]"
Change component parameters (AddParameter): Name = "Package"; Value = "CONN_SMT_7MM95_5MM0"; VariantName = "[No Variations]"
Change component parameters (AddParameter): Name = "pin_pitch"; Value = "2 mm"; VariantName = "[No Variations]"
Change component parameters (AddParameter): Name = "Price"; Value = "0.401172514632"; VariantName = "[No Variations]"
Change component parameters (AddParameter): Name = "RoHS"; Value = "TRUE"; VariantName = "[No Variations]"
Change component parameters (AddParameter): Name = "size_height"; Value = "6.6 mm"; VariantName = "[No Variations]"
Change component parameters (AddParameter): Name = "size_length"; Value = "7.95 mm"; VariantName = "[No Variations]"
Change component parameters (AddParameter): Name = "size_width"; Value = "5 mm"; VariantName = "[No Variations]"
Change component parameters (AddParameter): Name = "Supplier 1"; Value = "Digi-Key"; VariantName = "[No Variations]"
Change component parameters (AddParameter): Name = "Supplier 2"; Value = "Mouser"; VariantName = "[No Variations]"
Change component parameters (AddParameter): Name = "Supplier Part Number 1"; Value = "455-1734-1-ND"; VariantName = "[No Variations]"
Change component parameters (AddParameter): Name = "Supplier Part Number 2"; Value = ""; VariantName = "[No Variations]"
Change component parameters (AddParameter): Name = "Temperature"; Value = "-25°C to +85°C"; VariantName = "[No Variations]"
Change component parameters (AddParameter): Name = "Temperature Range High"; Value = "+85°C"; VariantName = "[No Variations]"
Change component parameters (AddParameter): Name = "Temperature Range Low"; Value = "-25°C"; VariantName = "[No Variations]"
Change component parameters (AddParameter): Name = "voltage_rating_ac"; Value = "100 V"; VariantName = "[No Variations]"
Change component parameters: Designator = "J12" ("J12"); Footprint = "JST 2P VERT SMD"; UniqueID = "\YEUTIAQN" ("\YEUTIAQN")
Change component parameters (AddParameter): Name = "Category 75Fab8F04590Ae3D"; Value = "Connectors and Adapters"; VariantName = "[No Variations]"
Change component parameters (AddParameter): Name = "Category 0836C53C3D42D3F1"; Value = "Connectors"; VariantName = "[No Variations]"
Change component parameters (AddParameter): Name = "Category A3C16Ecb93907806"; Value = "Uncategorized"; VariantName = "[No Variations]"
Change component parameters (AddParameter): Name = "Category Bda670Ac885E6661"; Value = "Uncategorized"; VariantName = "[No Variations]"
Change component parameters (AddParameter): Name = "Category Dab617Bcef8C0171"; Value = "PC Board"; VariantName = "[No Variations]"
Change component parameters (AddParameter): Name = "Category E42C2926D3763Feb"; Value = "Wire to Board"; VariantName = "[No Variations]"
Change component parameters (AddParameter): Name = "Category E7012A0Bd22E3Cc6"; Value = "Headers & Receptacles"; VariantName = "[No Variations]"
Change component parameters (AddParameter): Name = "Category Fcf631Fcc9332731"; Value = "Uncategorized"; VariantName = "[No Variations]"
Change component parameters (AddParameter): Name = "color"; Value = "White"; VariantName = "[No Variations]"
Change component parameters (AddParameter): Name = "ComponentLink1Description"; Value = "Upverter"; VariantName = "[No Variations]"
Change component parameters (AddParameter): Name = "ComponentLink1URL"; Value = "https://upverter.com/upn/revision/aa2260f5f3c02952/"; VariantName = "[No Variations]"
Change component parameters (AddParameter): Name = "ComponentLink2Description"; Value = "Datasheet"; VariantName = "[No Variations]"
Change component parameters (AddParameter): Name = "ComponentLink2URL"; Value = "https://upverter.com/datasheet/05f4473ffc638d76a3bb68900fd4324175be47ba.pdf"; VariantName = "[No Variations]"
Change component parameters (AddParameter): Name = "contact_material"; Value = "Brass"; VariantName = "[No Variations]"
Change component parameters (AddParameter): Name = "contact_plating"; Value = "Tin"; VariantName = "[No Variations]"
Change component parameters (AddParameter): Name = "current_rating"; Value = "2 A"; VariantName = "[No Variations]"
Change component parameters (AddParameter): Name = "Digikey Description"; Value = "CONN 2 Positions Header, Shrouded Connector 0.079" (2.00mm) Surface Mount Tin"; VariantName = "[No Variations]"
Change component parameters (AddParameter): Name = "Digikey Part Number"; Value = "455-1734-1-ND"; VariantName = "[No Variations]"
Change component parameters (AddParameter): Name = "flammability_rating"; Value = "UL 94 V-0"; VariantName = "[No Variations]"
Change component parameters (AddParameter): Name = "gender"; Value = "Female"; VariantName = "[No Variations]"
Change component parameters (AddParameter): Name = "helpURL"; Value = "https://upverter.com/upn/revision/aa2260f5f3c02952/"; VariantName = "[No Variations]"
Change component parameters (AddParameter): Name = "housing_color"; Value = "Natural"; VariantName = "[No Variations]"
Change component parameters (AddParameter): Name = "housing_material"; Value = "Nylon"; VariantName = "[No Variations]"
Change component parameters (AddParameter): Name = "insulation_resistance"; Value = "1 GO"; VariantName = "[No Variations]"
Change component parameters (AddParameter): Name = "Lead Free"; Value = "yes"; VariantName = "[No Variations]"
Change component parameters (AddParameter): Name = "Manufacturer"; Value = "JST"; VariantName = "[No Variations]"
Change component parameters (AddParameter): Name = "Mounting Type"; Value = "surface mount"; VariantName = "[No Variations]"
Change component parameters (AddParameter): Name = "Num Pins"; Value = "2"; VariantName = "[No Variations]"
Change component parameters (AddParameter): Name = "number_of_contacts"; Value = "2"; VariantName = "[No Variations]"
Change component parameters (AddParameter): Name = "number_of_positions"; Value = "2"; VariantName = "[No Variations]"
Change component parameters (AddParameter): Name = "number_of_rows"; Value = "1"; VariantName = "[No Variations]"
Change component parameters (AddParameter): Name = "Package"; Value = "CONN_SMT_7MM95_5MM0"; VariantName = "[No Variations]"
Change component parameters (AddParameter): Name = "pin_pitch"; Value = "2 mm"; VariantName = "[No Variations]"
Change component parameters (AddParameter): Name = "Price"; Value = "0.401172514632"; VariantName = "[No Variations]"
Change component parameters (AddParameter): Name = "RoHS"; Value = "TRUE"; VariantName = "[No Variations]"
Change component parameters (AddParameter): Name = "size_height"; Value = "6.6 mm"; VariantName = "[No Variations]"
Change component parameters (AddParameter): Name = "size_length"; Value = "7.95 mm"; VariantName = "[No Variations]"
Change component parameters (AddParameter): Name = "size_width"; Value = "5 mm"; VariantName = "[No Variations]"
Change component parameters (AddParameter): Name = "Supplier 1"; Value = "Digi-Key"; VariantName = "[No Variations]"
Change component parameters (AddParameter): Name = "Supplier 2"; Value = "Mouser"; VariantName = "[No Variations]"
Change component parameters (AddParameter): Name = "Supplier Part Number 1"; Value = "455-1734-1-ND"; VariantName = "[No Variations]"
Change component parameters (AddParameter): Name = "Supplier Part Number 2"; Value = ""; VariantName = "[No Variations]"
Change component parameters (AddParameter): Name = "Temperature"; Value = "-25°C to +85°C"; VariantName = "[No Variations]"
Change component parameters (AddParameter): Name = "Temperature Range High"; Value = "+85°C"; VariantName = "[No Variations]"
Change component parameters (AddParameter): Name = "Temperature Range Low"; Value = "-25°C"; VariantName = "[No Variations]"
Change component parameters (AddParameter): Name = "voltage_rating_ac"; Value = "100 V"; VariantName = "[No Variations]"
Change component parameters: Designator = "J13" ("J13"); Footprint = "JST 2P VERT SMD"; UniqueID = "\WYIALNNL" ("\WYIALNNL")
Change component parameters (AddParameter): Name = "Category 75Fab8F04590Ae3D"; Value = "Connectors and Adapters"; VariantName = "[No Variations]"
Change component parameters (AddParameter): Name = "Category 0836C53C3D42D3F1"; Value = "Connectors"; VariantName = "[No Variations]"
Change component parameters (AddParameter): Name = "Category A3C16Ecb93907806"; Value = "Uncategorized"; VariantName = "[No Variations]"
Change component parameters (AddParameter): Name = "Category Bda670Ac885E6661"; Value = "Uncategorized"; VariantName = "[No Variations]"
Change component parameters (AddParameter): Name = "Category Dab617Bcef8C0171"; Value = "PC Board"; VariantName = "[No Variations]"
Change component parameters (AddParameter): Name = "Category E42C2926D3763Feb"; Value = "Wire to Board"; VariantName = "[No Variations]"
Change component parameters (AddParameter): Name = "Category E7012A0Bd22E3Cc6"; Value = "Headers & Receptacles"; VariantName = "[No Variations]"
Change component parameters (AddParameter): Name = "Category Fcf631Fcc9332731"; Value = "Uncategorized"; VariantName = "[No Variations]"
Change component parameters (AddParameter): Name = "color"; Value = "White"; VariantName = "[No Variations]"
Change component parameters (AddParameter): Name = "ComponentLink1Description"; Value = "Upverter"; VariantName = "[No Variations]"
Change component parameters (AddParameter): Name = "ComponentLink1URL"; Value = "https://upverter.com/upn/revision/aa2260f5f3c02952/"; VariantName = "[No Variations]"
Change component parameters (AddParameter): Name = "ComponentLink2Description"; Value = "Datasheet"; VariantName = "[No Variations]"
Change component parameters (AddParameter): Name = "ComponentLink2URL"; Value = "https://upverter.com/datasheet/05f4473ffc638d76a3bb68900fd4324175be47ba.pdf"; VariantName = "[No Variations]"
Change component parameters (AddParameter): Name = "contact_material"; Value = "Brass"; VariantName = "[No Variations]"
Change component parameters (AddParameter): Name = "contact_plating"; Value = "Tin"; VariantName = "[No Variations]"
Change component parameters (AddParameter): Name = "current_rating"; Value = "2 A"; VariantName = "[No Variations]"
Change component parameters (AddParameter): Name = "Digikey Description"; Value = "CONN 2 Positions Header, Shrouded Connector 0.079" (2.00mm) Surface Mount Tin"; VariantName = "[No Variations]"
Change component parameters (AddParameter): Name = "Digikey Part Number"; Value = "455-1734-1-ND"; VariantName = "[No Variations]"
Change component parameters (AddParameter): Name = "flammability_rating"; Value = "UL 94 V-0"; VariantName = "[No Variations]"
Change component parameters (AddParameter): Name = "gender"; Value = "Female"; VariantName = "[No Variations]"
Change component parameters (AddParameter): Name = "helpURL"; Value = "https://upverter.com/upn/revision/aa2260f5f3c02952/"; VariantName = "[No Variations]"
Change component parameters (AddParameter): Name = "housing_color"; Value = "Natural"; VariantName = "[No Variations]"
Change component parameters (AddParameter): Name = "housing_material"; Value = "Nylon"; VariantName = "[No Variations]"
Change component parameters (AddParameter): Name = "insulation_resistance"; Value = "1 GO"; VariantName = "[No Variations]"
Change component parameters (AddParameter): Name = "Lead Free"; Value = "yes"; VariantName = "[No Variations]"
Change component parameters (AddParameter): Name = "Manufacturer"; Value = "JST"; VariantName = "[No Variations]"
Change component parameters (AddParameter): Name = "Mounting Type"; Value = "surface mount"; VariantName = "[No Variations]"
Change component parameters (AddParameter): Name = "Num Pins"; Value = "2"; VariantName = "[No Variations]"
Change component parameters (AddParameter): Name = "number_of_contacts"; Value = "2"; VariantName = "[No Variations]"
Change component parameters (AddParameter): Name = "number_of_positions"; Value = "2"; VariantName = "[No Variations]"
Change component parameters (AddParameter): Name = "number_of_rows"; Value = "1"; VariantName = "[No Variations]"
Change component parameters (AddParameter): Name = "Package"; Value = "CONN_SMT_7MM95_5MM0"; VariantName = "[No Variations]"
Change component parameters (AddParameter): Name = "pin_pitch"; Value = "2 mm"; VariantName = "[No Variations]"
Change component parameters (AddParameter): Name = "Price"; Value = "0.401172514632"; VariantName = "[No Variations]"
Change component parameters (AddParameter): Name = "RoHS"; Value = "TRUE"; VariantName = "[No Variations]"
Change component parameters (AddParameter): Name = "size_height"; Value = "6.6 mm"; VariantName = "[No Variations]"
Change component parameters (AddParameter): Name = "size_length"; Value = "7.95 mm"; VariantName = "[No Variations]"
Change component parameters (AddParameter): Name = "size_width"; Value = "5 mm"; VariantName = "[No Variations]"
Change component parameters (AddParameter): Name = "Supplier 1"; Value = "Digi-Key"; VariantName = "[No Variations]"
Change component parameters (AddParameter): Name = "Supplier 2"; Value = "Mouser"; VariantName = "[No Variations]"
Change component parameters (AddParameter): Name = "Supplier Part Number 1"; Value = "455-1734-1-ND"; VariantName = "[No Variations]"
Change component parameters (AddParameter): Name = "Supplier Part Number 2"; Value = ""; VariantName = "[No Variations]"
Change component parameters (AddParameter): Name = "Temperature"; Value = "-25°C to +85°C"; VariantName = "[No Variations]"
Change component parameters (AddParameter): Name = "Temperature Range High"; Value = "+85°C"; VariantName = "[No Variations]"
Change component parameters (AddParameter): Name = "Temperature Range Low"; Value = "-25°C"; VariantName = "[No Variations]"
Change component parameters (AddParameter): Name = "voltage_rating_ac"; Value = "100 V"; VariantName = "[No Variations]"
Added Component: Designator=C17(Cap_Ceramic_0603)
Added Component: Designator=C18(Cap_Ceramic_0603)
Added Component: Designator=C19(Cap_Ceramic_0603)
Added Component: Designator=R25(Res_ThinFilm_0603)
Added Component: Designator=R26(Res_ThinFilm_0603)
Added Component: Designator=R27(Res_ThinFilm_0603)
Added Component: Designator=R28(Res_ThinFilm_0603)
Added Component: Designator=R29(Res_ThinFilm_0603)
Added Pin To Net: NetName=GND Pin=C17-1
Added Pin To Net: NetName=3V3 Pin=C17-2
Added Pin To Net: NetName=GND Pin=C18-1
Added Pin To Net: NetName=3V3 Pin=C18-2
Added Pin To Net: NetName=GND Pin=C19-1
Added Pin To Net: NetName=3V3 Pin=C19-2
Added Pin To Net: NetName=SD_D1 Pin=R25-1
Added Pin To Net: NetName=3V3 Pin=R25-2
Added Pin To Net: NetName=SD_D0 Pin=R26-1
Added Pin To Net: NetName=3V3 Pin=R26-2
Added Pin To Net: NetName=SD_CMD Pin=R27-1
Added Pin To Net: NetName=3V3 Pin=R27-2
Added Pin To Net: NetName=SD_D3 Pin=R28-1
Added Pin To Net: NetName=3V3 Pin=R28-2
Added Pin To Net: NetName=SD_D2 Pin=R29-1
Added Pin To Net: NetName=3V3 Pin=R29-2
Added Pin To Net: NetName=BOOT Pin=U3-97
Change Net Name : Old Net Name=USB_DM New Net Name=USB DM
Change Net Name : Old Net Name=USB_DP New Net Name=USB DP
Added Member To Class: ClassName=U_STRWL-S06-V00-Peripherals Member=Component C17 4u7
Added Member To Class: ClassName=U_STRWL-S06-V00-Peripherals Member=Component C18 1uF
Added Member To Class: ClassName=U_STRWL-S06-V00-Peripherals Member=Component C19 100nF 50V 5% X7R 0603
Added Member To Class: ClassName=U_STRWL-S06-V00-Peripherals Member=Component R25 10k 5% 0603
Added Member To Class: ClassName=U_STRWL-S06-V00-Peripherals Member=Component R26 10k 5% 0603
Added Member To Class: ClassName=U_STRWL-S06-V00-Peripherals Member=Component R27 10k 5% 0603
Added Member To Class: ClassName=U_STRWL-S06-V00-Peripherals Member=Component R28 10k 5% 0603
Added Member To Class: ClassName=U_STRWL-S06-V00-Peripherals Member=Component R29 10k 5% 0603
Added Room: Name=STRWL-S01-V01-Master1
Added Room: Name=U_STRWL-S02-V00-12VProtection
Added Room: Name=U_STRWL-S03-V00-CAN_MAIN
Added Room: Name=U_STRWL-S04-V00-Microcontroller
Added Room: Name=U_STRWL-S05-V00-Master-PSU3V3-300mA
Added Room: Name=U_STRWL-S06-V00-Peripherals
