Replace Part C29 1uF 25V 5% X7R 0603 in C:\Users\n10462091\Documents\GitHub\QUTMS_SteeringWheelV2\QUTMS_SteeringWheelV2-V01\STRWL-S01-V01-Master1.SchDoc with 1uF 25V 5% X7R 0603 from StandardCapacitors.SchLib
Replace Part C30 4u7 50V 5% X7R 0603 in C:\Users\n10462091\Documents\GitHub\QUTMS_SteeringWheelV2\QUTMS_SteeringWheelV2-V01\STRWL-S01-V01-Master1.SchDoc with 4u7 50V 5% X7R 0603 from StandardCapacitors.SchLib
Replace Part C31 1uF 25V 5% X7R 0603 in C:\Users\n10462091\Documents\GitHub\QUTMS_SteeringWheelV2\QUTMS_SteeringWheelV2-V01\STRWL-S01-V01-Master1.SchDoc with 1uF 25V 5% X7R 0603 from StandardCapacitors.SchLib
Replace Part C32 1uF 25V 5% X7R 0603 in C:\Users\n10462091\Documents\GitHub\QUTMS_SteeringWheelV2\QUTMS_SteeringWheelV2-V01\STRWL-S01-V01-Master1.SchDoc with 1uF 25V 5% X7R 0603 from StandardCapacitors.SchLib
Replace Part C33 1uF 25V 5% X7R 0603 in C:\Users\n10462091\Documents\GitHub\QUTMS_SteeringWheelV2\QUTMS_SteeringWheelV2-V01\STRWL-S01-V01-Master1.SchDoc with 1uF 25V 5% X7R 0603 from StandardCapacitors.SchLib
Replace Part C34 1uF 25V 5% X7R 0603 in C:\Users\n10462091\Documents\GitHub\QUTMS_SteeringWheelV2\QUTMS_SteeringWheelV2-V01\STRWL-S01-V01-Master1.SchDoc with 1uF 25V 5% X7R 0603 from StandardCapacitors.SchLib
Replace Part C35 1uF 25V 5% X7R 0603 in C:\Users\n10462091\Documents\GitHub\QUTMS_SteeringWheelV2\QUTMS_SteeringWheelV2-V01\STRWL-S01-V01-Master1.SchDoc with 1uF 25V 5% X7R 0603 from StandardCapacitors.SchLib
Replace Part C36 1uF 25V 5% X7R 0603 in C:\Users\n10462091\Documents\GitHub\QUTMS_SteeringWheelV2\QUTMS_SteeringWheelV2-V01\STRWL-S01-V01-Master1.SchDoc with 1uF 25V 5% X7R 0603 from StandardCapacitors.SchLib
Replace Part C37 1uF 25V 5% X7R 0603 in C:\Users\n10462091\Documents\GitHub\QUTMS_SteeringWheelV2\QUTMS_SteeringWheelV2-V01\STRWL-S01-V01-Master1.SchDoc with 1uF 25V 5% X7R 0603 from StandardCapacitors.SchLib
Replace Part D7 STPS0530Z in C:\Users\n10462091\Documents\GitHub\QUTMS_SteeringWheelV2\QUTMS_SteeringWheelV2-V01\STRWL-S01-V01-Master1.SchDoc with STPS0530Z from QUTMS_DiodeLibrary.SchLib
Replace Part D8 STPS0530Z in C:\Users\n10462091\Documents\GitHub\QUTMS_SteeringWheelV2\QUTMS_SteeringWheelV2-V01\STRWL-S01-V01-Master1.SchDoc with STPS0530Z from QUTMS_DiodeLibrary.SchLib
Replace Part D9 STPS0530Z in C:\Users\n10462091\Documents\GitHub\QUTMS_SteeringWheelV2\QUTMS_SteeringWheelV2-V01\STRWL-S01-V01-Master1.SchDoc with STPS0530Z from QUTMS_DiodeLibrary.SchLib
Replace Part FID5 Fiducial 1MM in C:\Users\n10462091\Documents\GitHub\QUTMS_SteeringWheelV2\QUTMS_SteeringWheelV2-V01\STRWL-S01-V01-Master1.SchDoc with Fiducial 1MM from QUTMS-MCISOLibrary.SchLib
Replace Part FID6 Fiducial 1MM in C:\Users\n10462091\Documents\GitHub\QUTMS_SteeringWheelV2\QUTMS_SteeringWheelV2-V01\STRWL-S01-V01-Master1.SchDoc with Fiducial 1MM from QUTMS-MCISOLibrary.SchLib
Replace Part FID7 Fiducial 1MM in C:\Users\n10462091\Documents\GitHub\QUTMS_SteeringWheelV2\QUTMS_SteeringWheelV2-V01\STRWL-S01-V01-Master1.SchDoc with Fiducial 1MM from QUTMS-MCISOLibrary.SchLib
Replace Part FID8 Fiducial 1MM in C:\Users\n10462091\Documents\GitHub\QUTMS_SteeringWheelV2\QUTMS_SteeringWheelV2-V01\STRWL-S01-V01-Master1.SchDoc with Fiducial 1MM from QUTMS-MCISOLibrary.SchLib
Replace Part J14 52437-2471 in C:\Users\n10462091\Documents\GitHub\QUTMS_SteeringWheelV2\QUTMS_SteeringWheelV2-V01\STRWL-S01-V01-Master1.SchDoc with 52437-2471 from Molex_52437_2471.SchLib
Replace Part J15 JST PH 4 Way VERT SMD in C:\Users\n10462091\Documents\GitHub\QUTMS_SteeringWheelV2\QUTMS_SteeringWheelV2-V01\STRWL-S01-V01-Master1.SchDoc with JST PH 4 Way VERT SMD from QUTMS_JSTHeaderLibrary.SchLib
Replace Part J16 JST PH 3 Way VERT SMD in C:\Users\n10462091\Documents\GitHub\QUTMS_SteeringWheelV2\QUTMS_SteeringWheelV2-V01\STRWL-S01-V01-Master1.SchDoc with JST PH 3 Way VERT SMD from QUTMS_JSTHeaderLibrary.SchLib
Replace Part J17 JST PH 3 Way VERT SMD in C:\Users\n10462091\Documents\GitHub\QUTMS_SteeringWheelV2\QUTMS_SteeringWheelV2-V01\STRWL-S01-V01-Master1.SchDoc with JST PH 3 Way VERT SMD from QUTMS_JSTHeaderLibrary.SchLib
Replace Part J18 JST PH 3 Way VERT SMD in C:\Users\n10462091\Documents\GitHub\QUTMS_SteeringWheelV2\QUTMS_SteeringWheelV2-V01\STRWL-S01-V01-Master1.SchDoc with JST PH 3 Way VERT SMD from QUTMS_JSTHeaderLibrary.SchLib
Replace Part J19 JSP PH 2 Way VERT SMD in C:\Users\n10462091\Documents\GitHub\QUTMS_SteeringWheelV2\QUTMS_SteeringWheelV2-V01\STRWL-S01-V01-Master1.SchDoc with JSP PH 2 Way VERT SMD from QUTMS_JSTHeaderLibrary.SchLib
Replace Part J20 JSP PH 2 Way VERT SMD in C:\Users\n10462091\Documents\GitHub\QUTMS_SteeringWheelV2\QUTMS_SteeringWheelV2-V01\STRWL-S01-V01-Master1.SchDoc with JSP PH 2 Way VERT SMD from QUTMS_JSTHeaderLibrary.SchLib
Replace Part J21 JSP PH 2 Way VERT SMD in C:\Users\n10462091\Documents\GitHub\QUTMS_SteeringWheelV2\QUTMS_SteeringWheelV2-V01\STRWL-S01-V01-Master1.SchDoc with JSP PH 2 Way VERT SMD from QUTMS_JSTHeaderLibrary.SchLib
Replace Part J22 JSP PH 2 Way VERT SMD in C:\Users\n10462091\Documents\GitHub\QUTMS_SteeringWheelV2\QUTMS_SteeringWheelV2-V01\STRWL-S01-V01-Master1.SchDoc with JSP PH 2 Way VERT SMD from QUTMS_JSTHeaderLibrary.SchLib
Replace Part L3 LQM21FN100M70L in C:\Users\n10462091\Documents\GitHub\QUTMS_SteeringWheelV2\QUTMS_SteeringWheelV2-V01\STRWL-S01-V01-Master1.SchDoc with LQM21FN100M70L from QUTMS_InductorLibrary.SchLib
Replace Part LOGO2 QUTMS Logo 50mm in C:\Users\n10462091\Documents\GitHub\QUTMS_SteeringWheelV2\QUTMS_SteeringWheelV2-V01\STRWL-S01-V01-Master1.SchDoc with QUTMS Logo 50mm from QUTMS-MCISOLibrary.SchLib
Replace Part M5 Hole M3 Tight Unplated in C:\Users\n10462091\Documents\GitHub\QUTMS_SteeringWheelV2\QUTMS_SteeringWheelV2-V01\STRWL-S01-V01-Master1.SchDoc with Hole M3 Tight Unplated from QUTMS-MCISOLibrary.SchLib
Replace Part M6 Hole M3 Tight Unplated in C:\Users\n10462091\Documents\GitHub\QUTMS_SteeringWheelV2\QUTMS_SteeringWheelV2-V01\STRWL-S01-V01-Master1.SchDoc with Hole M3 Tight Unplated from QUTMS-MCISOLibrary.SchLib
Replace Part M7 Hole M3 Tight Unplated in C:\Users\n10462091\Documents\GitHub\QUTMS_SteeringWheelV2\QUTMS_SteeringWheelV2-V01\STRWL-S01-V01-Master1.SchDoc with Hole M3 Tight Unplated from QUTMS-MCISOLibrary.SchLib
Replace Part M8 Hole M3 Tight Unplated in C:\Users\n10462091\Documents\GitHub\QUTMS_SteeringWheelV2\QUTMS_SteeringWheelV2-V01\STRWL-S01-V01-Master1.SchDoc with Hole M3 Tight Unplated from QUTMS-MCISOLibrary.SchLib
Replace Part Q2 DMN3065LW-13 in C:\Users\n10462091\Documents\GitHub\QUTMS_SteeringWheelV2\QUTMS_SteeringWheelV2-V01\STRWL-S01-V01-Master1.SchDoc with DMN3065LW-13 from QUTMS_DiodeLibrary.SchLib
Replace Part R36 10k 1% 0603 in C:\Users\n10462091\Documents\GitHub\QUTMS_SteeringWheelV2\QUTMS_SteeringWheelV2-V01\STRWL-S01-V01-Master1.SchDoc with 10k 1% 0603 from StandardResistors.SchLib
Replace Part R38 10k 5% 0603 in C:\Users\n10462091\Documents\GitHub\QUTMS_SteeringWheelV2\QUTMS_SteeringWheelV2-V01\STRWL-S01-V01-Master1.SchDoc with 10k 5% 0603 from StandardResistors.SchLib
Replace Part R39 10k 5% 0603 in C:\Users\n10462091\Documents\GitHub\QUTMS_SteeringWheelV2\QUTMS_SteeringWheelV2-V01\STRWL-S01-V01-Master1.SchDoc with 10k 5% 0603 from StandardResistors.SchLib
Replace Part R40 10k 5% 0603 in C:\Users\n10462091\Documents\GitHub\QUTMS_SteeringWheelV2\QUTMS_SteeringWheelV2-V01\STRWL-S01-V01-Master1.SchDoc with 10k 5% 0603 from StandardResistors.SchLib
Replace Part R41 10k 5% 0603 in C:\Users\n10462091\Documents\GitHub\QUTMS_SteeringWheelV2\QUTMS_SteeringWheelV2-V01\STRWL-S01-V01-Master1.SchDoc with 10k 5% 0603 from StandardResistors.SchLib
