Change Component Designator: Old Designator=C29 New Designator=C20
Change Component Designator: Old Designator=C30 New Designator=C21
Change Component Designator: Old Designator=C31 New Designator=C22
Change Component Designator: Old Designator=C32 New Designator=C23
Change Component Designator: Old Designator=C33 New Designator=C24
Change Component Designator: Old Designator=C34 New Designator=C25
Change Component Designator: Old Designator=C35 New Designator=C26
Change Component Designator: Old Designator=C36 New Designator=C27
Change Component Designator: Old Designator=C37 New Designator=C28
Change Component Designator: Old Designator=D7 New Designator=D4
Change Component Designator: Old Designator=D8 New Designator=D5
Change Component Designator: Old Designator=D9 New Designator=D6
Change Component Designator: Old Designator=FID5 New Designator=FID1
Change Component Designator: Old Designator=FID6 New Designator=FID2
Change Component Designator: Old Designator=FID7 New Designator=FID3
Change Component Designator: Old Designator=FID8 New Designator=FID4
Change Component Designator: Old Designator=J14 New Designator=J5
Change Component Designator: Old Designator=J15 New Designator=J6
Change Component Designator: Old Designator=J16 New Designator=J7
Change Component Designator: Old Designator=J17 New Designator=J8
Change Component Designator: Old Designator=J18 New Designator=J9
Change Component Designator: Old Designator=J19 New Designator=J10
Change Component Designator: Old Designator=J20 New Designator=J11
Change Component Designator: Old Designator=J21 New Designator=J12
Change Component Designator: Old Designator=J22 New Designator=J13
Change Component Designator: Old Designator=L3 New Designator=L2
Change Component Designator: Old Designator=LOGO2 New Designator=LOGO1
Change Component Designator: Old Designator=M5 New Designator=M1
Change Component Designator: Old Designator=M6 New Designator=M2
Change Component Designator: Old Designator=M7 New Designator=M3
Change Component Designator: Old Designator=M8 New Designator=M4
Change Component Designator: Old Designator=Q2 New Designator=Q1
Change Component Designator: Old Designator=R36 New Designator=R30
Change Component Designator: Old Designator=R37 New Designator=R31
Change Component Designator: Old Designator=R38 New Designator=R32
Change Component Designator: Old Designator=R39 New Designator=R33
Change Component Designator: Old Designator=R40 New Designator=R34
Change Component Designator: Old Designator=R41 New Designator=R35
