Added Component: Designator=C1(Cap_Ceramic_0603)
Add component. Clean all parameters for all variants
Added Component: Designator=C2(Cap_Ceramic_0603)
Add component. Clean all parameters for all variants
Added Component: Designator=C3(Cap_Ceramic_0603)
Add component. Clean all parameters for all variants
Added Component: Designator=C4(Cap_Ceramic_0603)
Add component. Clean all parameters for all variants
Added Component: Designator=C5(Cap_Ceramic_0603)
Add component. Clean all parameters for all variants
Added Component: Designator=C6(Cap_Ceramic_0603)
Add component. Clean all parameters for all variants
Added Component: Designator=C7(Cap_Ceramic_0603)
Add component. Clean all parameters for all variants
Added Component: Designator=C8(Cap_Ceramic_0603)
Add component. Clean all parameters for all variants
Added Component: Designator=C9(Cap_Ceramic_0603)
Add component. Clean all parameters for all variants
Added Component: Designator=C10(Cap_Ceramic_0603)
Add component. Clean all parameters for all variants
Added Component: Designator=C11(Cap_Ceramic_0603)
Add component. Clean all parameters for all variants
Added Component: Designator=C12(Cap_Ceramic_0603)
Add component. Clean all parameters for all variants
Added Component: Designator=C13(Cap_Ceramic_0603)
Add component. Clean all parameters for all variants
Added Component: Designator=C14(Cap_Ceramic_0603)
Add component. Clean all parameters for all variants
Added Component: Designator=C15(Cap_Ceramic_0603)
Add component. Clean all parameters for all variants
Added Component: Designator=C16(Cap_Ceramic_0603)
Add component. Clean all parameters for all variants
Added Component: Designator=C17(Cap_Ceramic_0603)
Add component. Clean all parameters for all variants
Added Component: Designator=C18(Cap_Ceramic_0603)
Add component. Clean all parameters for all variants
Added Component: Designator=C19(Cap_Ceramic_0603)
Add component. Clean all parameters for all variants
Added Component: Designator=C20(Cap_Ceramic_0603)
Add component. Clean all parameters for all variants
Added Component: Designator=C21(Cap_Ceramic_0603)
Add component. Clean all parameters for all variants
Added Component: Designator=C22(Cap_Ceramic_0603)
Add component. Clean all parameters for all variants
Added Component: Designator=C23(Cap_Ceramic_1206)
Add component. Clean all parameters for all variants
Add component (AddParameter): Name = "ComponentLink1Description"; Value = "Digikey"; VariantName = "[No Variations]"
Add component (AddParameter): Name = "ComponentLink1URL"; Value = "https://www.digikey.com.au/product-detail/en/tdk-corporation/C3216X5R1V226M160AC/445-8045-1-ND/2792165"; VariantName = "[No Variations]"
Add component (AddParameter): Name = "ComponentLink2Description"; Value = "Datasheet"; VariantName = "[No Variations]"
Add component (AddParameter): Name = "ComponentLink2URL"; Value = "https://product.tdk.com/info/en/catalog/datasheets/mlcc_commercial_general_en.pdf"; VariantName = "[No Variations]"
Added Component: Designator=C24(Cap_Ceramic_1206)
Add component. Clean all parameters for all variants
Add component (AddParameter): Name = "ComponentLink1Description"; Value = "Digikey"; VariantName = "[No Variations]"
Add component (AddParameter): Name = "ComponentLink1URL"; Value = "https://www.digikey.com.au/product-detail/en/tdk-corporation/C3216X5R1V226M160AC/445-8045-1-ND/2792165"; VariantName = "[No Variations]"
Add component (AddParameter): Name = "ComponentLink2Description"; Value = "Datasheet"; VariantName = "[No Variations]"
Add component (AddParameter): Name = "ComponentLink2URL"; Value = "https://product.tdk.com/info/en/catalog/datasheets/mlcc_commercial_general_en.pdf"; VariantName = "[No Variations]"
Added Component: Designator=C25(Cap_Ceramic_1210)
Add component. Clean all parameters for all variants
Added Component: Designator=C26(Cap_Ceramic_1210)
Add component. Clean all parameters for all variants
Added Component: Designator=C27(Cap_Ceramic_0603)
Add component. Clean all parameters for all variants
Added Component: Designator=C28(Cap_Ceramic_0603)
Add component. Clean all parameters for all variants
Added Component: Designator=C29(Cap_Ceramic_0603)
Add component. Clean all parameters for all variants
Added Component: Designator=D1(SOD123)
Add component. Clean all parameters for all variants
Added Component: Designator=D2(SOD123)
Add component. Clean all parameters for all variants
Added Component: Designator=D3(SOD123)
Add component. Clean all parameters for all variants
Added Component: Designator=D4(SMA)
Add component. Clean all parameters for all variants
Add component (AddParameter): Name = "Average Rectified Current"; Value = "150mA"; VariantName = "[No Variations]"
Add component (AddParameter): Name = "Category"; Value = "Rectifier Diodes"; VariantName = "[No Variations]"
Add component (AddParameter): Name = "Contact Plating"; Value = "Tin,Matte"; VariantName = "[No Variations]"
Add component (AddParameter): Name = "Element Configuration"; Value = "Single"; VariantName = "[No Variations]"
Add component (AddParameter): Name = "Forward Current"; Value = "150mA"; VariantName = "[No Variations]"
Add component (AddParameter): Name = "Forward Voltage"; Value = "1V"; VariantName = "[No Variations]"
Add component (AddParameter): Name = "Height"; Value = "1mm"; VariantName = "[No Variations]"
Add component (AddParameter): Name = "Lead Free"; Value = "Lead Free"; VariantName = "[No Variations]"
Add component (AddParameter): Name = "Length"; Value = "1.8mm"; VariantName = "[No Variations]"
Add component (AddParameter): Name = "Manufacturer"; Value = "ON Semiconductor / Fairchild"; VariantName = "[No Variations]"
Add component (AddParameter): Name = "Manufacturer Part Number"; Value = "1N914BWS"; VariantName = "[No Variations]"
Add component (AddParameter): Name = "Max Forward Surge Current (Ifsm)"; Value = "4A"; VariantName = "[No Variations]"
Add component (AddParameter): Name = "Max Operating Temperature"; Value = "150°C"; VariantName = "[No Variations]"
Add component (AddParameter): Name = "Max Repetitive Reverse Voltage (Vrrm)"; Value = "75V"; VariantName = "[No Variations]"
Add component (AddParameter): Name = "Max Reverse Leakage Current"; Value = "5uA"; VariantName = "[No Variations]"
Add component (AddParameter): Name = "Max Reverse Voltage (DC)"; Value = "75V"; VariantName = "[No Variations]"
Add component (AddParameter): Name = "Min Operating Temperature"; Value = "-55°C"; VariantName = "[No Variations]"
Add component (AddParameter): Name = "Mount"; Value = "Surface Mount"; VariantName = "[No Variations]"
Add component (AddParameter): Name = "Number of Pins"; Value = "2"; VariantName = "[No Variations]"
Add component (AddParameter): Name = "Package Quantity"; Value = "1"; VariantName = "[No Variations]"
Add component (AddParameter): Name = "Packaging"; Value = "Tape and Reel"; VariantName = "[No Variations]"
Add component (AddParameter): Name = "Parameter 1"; Value = ""; VariantName = "[No Variations]"
Add component (AddParameter): Name = "Peak Reverse Current"; Value = "5uA"; VariantName = "[No Variations]"
Add component (AddParameter): Name = "Power Dissipation"; Value = "200mW"; VariantName = "[No Variations]"
Add component (AddParameter): Name = "Radiation Hardening"; Value = "No"; VariantName = "[No Variations]"
Add component (AddParameter): Name = "REACH SVHC"; Value = "No SVHC"; VariantName = "[No Variations]"
Add component (AddParameter): Name = "Recovery Time"; Value = "4ns"; VariantName = "[No Variations]"
Add component (AddParameter): Name = "Reverse Recovery Time"; Value = "4ns"; VariantName = "[No Variations]"
Add component (AddParameter): Name = "Reverse Voltage"; Value = "75V"; VariantName = "[No Variations]"
Add component (AddParameter): Name = "Weight"; Value = "0.0276g"; VariantName = "[No Variations]"
Add component (AddParameter): Name = "Width"; Value = "1.35mm"; VariantName = "[No Variations]"
Added Component: Designator=D5(NUP2105L)
Add component. Clean all parameters for all variants
Add component (AddParameter): Name = "ComponentLink1Description"; Value = "Datasheet"; VariantName = "[No Variations]"
Add component (AddParameter): Name = "ComponentLink1URL"; Value = "https://www.onsemi.cn/PowerSolutions/document/NUP2105L-D.PDF"; VariantName = "[No Variations]"
Add component (AddParameter): Name = "ComponentLink2Description"; Value = "LCSC"; VariantName = "[No Variations]"
Add component (AddParameter): Name = "ComponentLink2URL"; Value = "https://lcsc.com/product-detail/TVS_ON-Semiconductor-NUP2105LT1G_C14486.html"; VariantName = "[No Variations]"
Add component (AddParameter): Name = "ComponentLink3Description"; Value = "Digikey"; VariantName = "[No Variations]"
Add component (AddParameter): Name = "ComponentLink3URL"; Value = "https://www.digikey.com.au/product-detail/en/on-semiconductor/SZNUP2105LT1G/SZNUP2105LT1GOSCT-ND/3487669"; VariantName = "[No Variations]"
Add component (AddParameter): Name = "Parameter 1"; Value = ""; VariantName = "[No Variations]"
Added Component: Designator=D6(SMA)
Add component. Clean all parameters for all variants
Added Component: Designator=DS1(LED RED 0603)
Add component. Clean all parameters for all variants
Added Component: Designator=DS2(LED RED 0603)
Add component. Clean all parameters for all variants
Added Component: Designator=DS3(LED GREEN 0603)
Add component. Clean all parameters for all variants
Added Component: Designator=DS4(LED GREEN 0603)
Add component. Clean all parameters for all variants
Added Component: Designator=DS5(LED BLUE 0603)
Add component. Clean all parameters for all variants
Added Component: Designator=DS6(LED BLUE 0603)
Add component. Clean all parameters for all variants
Added Component: Designator=DS7(LED ORANGE 0603)
Add component. Clean all parameters for all variants
Added Component: Designator=DS8(LED ORANGE 0603)
Add component. Clean all parameters for all variants
Added Component: Designator=DS9(LED GREEN 0603)
Add component. Clean all parameters for all variants
Added Component: Designator=FID1(FIDUCIAL 1MM)
Add component. Clean all parameters for all variants
Added Component: Designator=FID2(FIDUCIAL 1MM)
Add component. Clean all parameters for all variants
Added Component: Designator=FID3(FIDUCIAL 1MM)
Add component. Clean all parameters for all variants
Added Component: Designator=FID4(FIDUCIAL 1MM)
Add component. Clean all parameters for all variants
Added Component: Designator=J1(JST_S4B-PH-K-S_LF_SN_0)
Add component. Clean all parameters for all variants
Add component (AddParameter): Name = "ComponentLink1Description"; Value = "Upverter"; VariantName = "[No Variations]"
Add component (AddParameter): Name = "ComponentLink1URL"; Value = "https://upverter.com/upn/revision/a04d3038e6c69606/"; VariantName = "[No Variations]"
Add component (AddParameter): Name = "ComponentLink2Description"; Value = "Datasheet"; VariantName = "[No Variations]"
Add component (AddParameter): Name = "ComponentLink2URL"; Value = "http://www.jst-mfg.com/product/pdf/eng/ePH.pdf"; VariantName = "[No Variations]"
Add component (AddParameter): Name = "Digikey Description"; Value = "CONN HEADER PH SIDE 4POS 2MM"; VariantName = "[No Variations]"
Add component (AddParameter): Name = "Digikey Part Number"; Value = "455-1721-ND"; VariantName = "[No Variations]"
Add component (AddParameter): Name = "helpURL"; Value = "https://upverter.com/upn/revision/a04d3038e6c69606/"; VariantName = "[No Variations]"
Add component (AddParameter): Name = "Lead Free"; Value = "yes"; VariantName = "[No Variations]"
Add component (AddParameter): Name = "Manufacturer"; Value = "JST"; VariantName = "[No Variations]"
Add component (AddParameter): Name = "Package"; Value = "HDR4"; VariantName = "[No Variations]"
Add component (AddParameter): Name = "Part Number"; Value = "S4B-PH-K-S(LF)(SN)"; VariantName = "[No Variations]"
Add component (AddParameter): Name = "Price"; Value = "0.141609370397"; VariantName = "[No Variations]"
Add component (AddParameter): Name = "RoHS"; Value = "TRUE"; VariantName = "[No Variations]"
Add component (AddParameter): Name = "Supplier 1"; Value = "Digi-Key"; VariantName = "[No Variations]"
Add component (AddParameter): Name = "Supplier 2"; Value = "Mouser"; VariantName = "[No Variations]"
Add component (AddParameter): Name = "Supplier Part Number 1"; Value = "455-1721-ND"; VariantName = "[No Variations]"
Add component (AddParameter): Name = "Supplier Part Number 2"; Value = ""; VariantName = "[No Variations]"
Add component (AddParameter): Name = "Temperature"; Value = "-25°C to +85°C"; VariantName = "[No Variations]"
Add component (AddParameter): Name = "Temperature Range High"; Value = "+85°C"; VariantName = "[No Variations]"
Add component (AddParameter): Name = "Temperature Range Low"; Value = "-25°C"; VariantName = "[No Variations]"
Added Component: Designator=J2(MOLX-52437-2471)
Add component. Clean all parameters for all variants
Add component (AddParameter): Name = "Circuits (Loaded)"; Value = "24"; VariantName = "[No Variations]"
Add component (AddParameter): Name = "ComponentLink1Description"; Value = "Manufacturer URL"; VariantName = "[No Variations]"
Add component (AddParameter): Name = "ComponentLink1URL"; Value = "http://www.molex.com/molex/index.jsp"; VariantName = "[No Variations]"
Add component (AddParameter): Name = "ComponentLink2Description"; Value = "Datasheet"; VariantName = "[No Variations]"
Add component (AddParameter): Name = "ComponentLink2URL"; Value = "http://www.molex.com/webdocs/datasheets/pdf/en-us/0524372471_FFC_FPC_CONNECTORS.pdf"; VariantName = "[No Variations]"
Add component (AddParameter): Name = "ComponentLink3Description"; Value = "Package Specification"; VariantName = "[No Variations]"
Add component (AddParameter): Name = "ComponentLink3URL"; Value = "http://www.molex.com/pdm_docs/sd/524372471_sd.pdf"; VariantName = "[No Variations]"
Add component (AddParameter): Name = "Contact Position"; Value = "Bottom"; VariantName = "[No Variations]"
Add component (AddParameter): Name = "Current (Max per Contact)"; Value = "0.5A"; VariantName = "[No Variations]"
Add component (AddParameter): Name = "Durability (mating cycles max)"; Value = "20"; VariantName = "[No Variations]"
Add component (AddParameter): Name = "Entry Angle"; Value = "90degrees Angle"; VariantName = "[No Variations]"
Add component (AddParameter): Name = "Manufacturer"; Value = "Molex"; VariantName = "[No Variations]"
Add component (AddParameter): Name = "Material - Metal"; Value = "Phosphor Bronze"; VariantName = "[No Variations]"
Add component (AddParameter): Name = "Material - Plating Mating"; Value = "Gold"; VariantName = "[No Variations]"
Add component (AddParameter): Name = "Material - Plating Termination"; Value = "Gold"; VariantName = "[No Variations]"
Add component (AddParameter): Name = "Mounting Technology"; Value = "Surface Mount"; VariantName = "[No Variations]"
Add component (AddParameter): Name = "Number of Rows"; Value = "1"; VariantName = "[No Variations]"
Add component (AddParameter): Name = "Orientation"; Value = "Right Angle"; VariantName = "[No Variations]"
Add component (AddParameter): Name = "PackageDescription"; Value = "24-Lead FPC Connector, Pitch 0.5 mm"; VariantName = "[No Variations]"
Add component (AddParameter): Name = "PackageReference"; Value = "52437-2471"; VariantName = "[No Variations]"
Add component (AddParameter): Name = "PackageVersion"; Value = "Rev. E, 07/2013"; VariantName = "[No Variations]"
Add component (AddParameter): Name = "Packing"; Value = "Tape and Reel"; VariantName = "[No Variations]"
Add component (AddParameter): Name = "PartNumber"; Value = "52437-2471"; VariantName = "[No Variations]"
Add component (AddParameter): Name = "PCB Locator"; Value = "No"; VariantName = "[No Variations]"
Add component (AddParameter): Name = "PCB Retention"; Value = "None"; VariantName = "[No Variations]"
Add component (AddParameter): Name = "Pitch - Mating Interface"; Value = "0.50mm"; VariantName = "[No Variations]"
Add component (AddParameter): Name = "Polarized to PCB"; Value = "Yes"; VariantName = "[No Variations]"
Add component (AddParameter): Name = "RoHS"; Value = "TRUE"; VariantName = "[No Variations]"
Add component (AddParameter): Name = "Stackable"; Value = "No"; VariantName = "[No Variations]"
Add component (AddParameter): Name = "Voltage (Max)"; Value = "50V"; VariantName = "[No Variations]"
Added Component: Designator=J10(Jumper_2Way_Solderable)
Add component. Clean all parameters for all variants
Added Component: Designator=J11(Jumper_2Way_Solderable)
Add component. Clean all parameters for all variants
Added Component: Designator=J?(JST_B2B-PH-SM4-TB_LF_SN_0)
Add component. Clean all parameters for all variants
Add component (AddParameter): Name = "Category 75Fab8F04590Ae3D"; Value = "Connectors and Adapters"; VariantName = "[No Variations]"
Add component (AddParameter): Name = "Category 0836C53C3D42D3F1"; Value = "Connectors"; VariantName = "[No Variations]"
Add component (AddParameter): Name = "Category A3C16Ecb93907806"; Value = "Uncategorized"; VariantName = "[No Variations]"
Add component (AddParameter): Name = "Category Bda670Ac885E6661"; Value = "Uncategorized"; VariantName = "[No Variations]"
Add component (AddParameter): Name = "Category Dab617Bcef8C0171"; Value = "PC Board"; VariantName = "[No Variations]"
Add component (AddParameter): Name = "Category E42C2926D3763Feb"; Value = "Wire to Board"; VariantName = "[No Variations]"
Add component (AddParameter): Name = "Category E7012A0Bd22E3Cc6"; Value = "Headers & Receptacles"; VariantName = "[No Variations]"
Add component (AddParameter): Name = "Category Fcf631Fcc9332731"; Value = "Uncategorized"; VariantName = "[No Variations]"
Add component (AddParameter): Name = "color"; Value = "White"; VariantName = "[No Variations]"
Add component (AddParameter): Name = "ComponentLink1Description"; Value = "Upverter"; VariantName = "[No Variations]"
Add component (AddParameter): Name = "ComponentLink1URL"; Value = "https://upverter.com/upn/revision/aa2260f5f3c02952/"; VariantName = "[No Variations]"
Add component (AddParameter): Name = "ComponentLink2Description"; Value = "Datasheet"; VariantName = "[No Variations]"
Add component (AddParameter): Name = "ComponentLink2URL"; Value = "https://upverter.com/datasheet/05f4473ffc638d76a3bb68900fd4324175be47ba.pdf"; VariantName = "[No Variations]"
Add component (AddParameter): Name = "contact_material"; Value = "Brass"; VariantName = "[No Variations]"
Add component (AddParameter): Name = "contact_plating"; Value = "Tin"; VariantName = "[No Variations]"
Add component (AddParameter): Name = "current_rating"; Value = "2 A"; VariantName = "[No Variations]"
Add component (AddParameter): Name = "Digikey Description"; Value = "CONN 2 Positions Header, Shrouded Connector 0.079" (2.00mm) Surface Mount Tin"; VariantName = "[No Variations]"
Add component (AddParameter): Name = "Digikey Part Number"; Value = "455-1734-1-ND"; VariantName = "[No Variations]"
Add component (AddParameter): Name = "flammability_rating"; Value = "UL 94 V-0"; VariantName = "[No Variations]"
Add component (AddParameter): Name = "gender"; Value = "Female"; VariantName = "[No Variations]"
Add component (AddParameter): Name = "helpURL"; Value = "https://upverter.com/upn/revision/aa2260f5f3c02952/"; VariantName = "[No Variations]"
Add component (AddParameter): Name = "housing_color"; Value = "Natural"; VariantName = "[No Variations]"
Add component (AddParameter): Name = "housing_material"; Value = "Nylon"; VariantName = "[No Variations]"
Add component (AddParameter): Name = "insulation_resistance"; Value = "1 GO"; VariantName = "[No Variations]"
Add component (AddParameter): Name = "Lead Free"; Value = "yes"; VariantName = "[No Variations]"
Add component (AddParameter): Name = "Manufacturer"; Value = "JST"; VariantName = "[No Variations]"
Add component (AddParameter): Name = "Mounting Type"; Value = "surface mount"; VariantName = "[No Variations]"
Add component (AddParameter): Name = "number_of_contacts"; Value = "2"; VariantName = "[No Variations]"
Add component (AddParameter): Name = "number_of_positions"; Value = "2"; VariantName = "[No Variations]"
Add component (AddParameter): Name = "number_of_rows"; Value = "1"; VariantName = "[No Variations]"
Add component (AddParameter): Name = "Num Pins"; Value = "2"; VariantName = "[No Variations]"
Add component (AddParameter): Name = "Package"; Value = "CONN_SMT_7MM95_5MM0"; VariantName = "[No Variations]"
Add component (AddParameter): Name = "pin_pitch"; Value = "2 mm"; VariantName = "[No Variations]"
Add component (AddParameter): Name = "Price"; Value = "0.401172514632"; VariantName = "[No Variations]"
Add component (AddParameter): Name = "RoHS"; Value = "TRUE"; VariantName = "[No Variations]"
Add component (AddParameter): Name = "size_height"; Value = "6.6 mm"; VariantName = "[No Variations]"
Add component (AddParameter): Name = "size_length"; Value = "7.95 mm"; VariantName = "[No Variations]"
Add component (AddParameter): Name = "size_width"; Value = "5 mm"; VariantName = "[No Variations]"
Add component (AddParameter): Name = "Supplier 1"; Value = "Digi-Key"; VariantName = "[No Variations]"
Add component (AddParameter): Name = "Supplier 2"; Value = "Mouser"; VariantName = "[No Variations]"
Add component (AddParameter): Name = "Supplier Part Number 1"; Value = "455-1734-1-ND"; VariantName = "[No Variations]"
Add component (AddParameter): Name = "Supplier Part Number 2"; Value = ""; VariantName = "[No Variations]"
Add component (AddParameter): Name = "Temperature"; Value = "-25°C to +85°C"; VariantName = "[No Variations]"
Add component (AddParameter): Name = "Temperature Range High"; Value = "+85°C"; VariantName = "[No Variations]"
Add component (AddParameter): Name = "Temperature Range Low"; Value = "-25°C"; VariantName = "[No Variations]"
Add component (AddParameter): Name = "voltage_rating_ac"; Value = "100 V"; VariantName = "[No Variations]"
Added Component: Designator=J?(JST_B2B-PH-SM4-TB_LF_SN_0)
Add component. Clean all parameters for all variants
Add component (AddParameter): Name = "Category 75Fab8F04590Ae3D"; Value = "Connectors and Adapters"; VariantName = "[No Variations]"
Add component (AddParameter): Name = "Category 0836C53C3D42D3F1"; Value = "Connectors"; VariantName = "[No Variations]"
Add component (AddParameter): Name = "Category A3C16Ecb93907806"; Value = "Uncategorized"; VariantName = "[No Variations]"
Add component (AddParameter): Name = "Category Bda670Ac885E6661"; Value = "Uncategorized"; VariantName = "[No Variations]"
Add component (AddParameter): Name = "Category Dab617Bcef8C0171"; Value = "PC Board"; VariantName = "[No Variations]"
Add component (AddParameter): Name = "Category E42C2926D3763Feb"; Value = "Wire to Board"; VariantName = "[No Variations]"
Add component (AddParameter): Name = "Category E7012A0Bd22E3Cc6"; Value = "Headers & Receptacles"; VariantName = "[No Variations]"
Add component (AddParameter): Name = "Category Fcf631Fcc9332731"; Value = "Uncategorized"; VariantName = "[No Variations]"
Add component (AddParameter): Name = "color"; Value = "White"; VariantName = "[No Variations]"
Add component (AddParameter): Name = "ComponentLink1Description"; Value = "Upverter"; VariantName = "[No Variations]"
Add component (AddParameter): Name = "ComponentLink1URL"; Value = "https://upverter.com/upn/revision/aa2260f5f3c02952/"; VariantName = "[No Variations]"
Add component (AddParameter): Name = "ComponentLink2Description"; Value = "Datasheet"; VariantName = "[No Variations]"
Add component (AddParameter): Name = "ComponentLink2URL"; Value = "https://upverter.com/datasheet/05f4473ffc638d76a3bb68900fd4324175be47ba.pdf"; VariantName = "[No Variations]"
Add component (AddParameter): Name = "contact_material"; Value = "Brass"; VariantName = "[No Variations]"
Add component (AddParameter): Name = "contact_plating"; Value = "Tin"; VariantName = "[No Variations]"
Add component (AddParameter): Name = "current_rating"; Value = "2 A"; VariantName = "[No Variations]"
Add component (AddParameter): Name = "Digikey Description"; Value = "CONN 2 Positions Header, Shrouded Connector 0.079" (2.00mm) Surface Mount Tin"; VariantName = "[No Variations]"
Add component (AddParameter): Name = "Digikey Part Number"; Value = "455-1734-1-ND"; VariantName = "[No Variations]"
Add component (AddParameter): Name = "flammability_rating"; Value = "UL 94 V-0"; VariantName = "[No Variations]"
Add component (AddParameter): Name = "gender"; Value = "Female"; VariantName = "[No Variations]"
Add component (AddParameter): Name = "helpURL"; Value = "https://upverter.com/upn/revision/aa2260f5f3c02952/"; VariantName = "[No Variations]"
Add component (AddParameter): Name = "housing_color"; Value = "Natural"; VariantName = "[No Variations]"
Add component (AddParameter): Name = "housing_material"; Value = "Nylon"; VariantName = "[No Variations]"
Add component (AddParameter): Name = "insulation_resistance"; Value = "1 GO"; VariantName = "[No Variations]"
Add component (AddParameter): Name = "Lead Free"; Value = "yes"; VariantName = "[No Variations]"
Add component (AddParameter): Name = "Manufacturer"; Value = "JST"; VariantName = "[No Variations]"
Add component (AddParameter): Name = "Mounting Type"; Value = "surface mount"; VariantName = "[No Variations]"
Add component (AddParameter): Name = "number_of_contacts"; Value = "2"; VariantName = "[No Variations]"
Add component (AddParameter): Name = "number_of_positions"; Value = "2"; VariantName = "[No Variations]"
Add component (AddParameter): Name = "number_of_rows"; Value = "1"; VariantName = "[No Variations]"
Add component (AddParameter): Name = "Num Pins"; Value = "2"; VariantName = "[No Variations]"
Add component (AddParameter): Name = "Package"; Value = "CONN_SMT_7MM95_5MM0"; VariantName = "[No Variations]"
Add component (AddParameter): Name = "pin_pitch"; Value = "2 mm"; VariantName = "[No Variations]"
Add component (AddParameter): Name = "Price"; Value = "0.401172514632"; VariantName = "[No Variations]"
Add component (AddParameter): Name = "RoHS"; Value = "TRUE"; VariantName = "[No Variations]"
Add component (AddParameter): Name = "size_height"; Value = "6.6 mm"; VariantName = "[No Variations]"
Add component (AddParameter): Name = "size_length"; Value = "7.95 mm"; VariantName = "[No Variations]"
Add component (AddParameter): Name = "size_width"; Value = "5 mm"; VariantName = "[No Variations]"
Add component (AddParameter): Name = "Supplier 1"; Value = "Digi-Key"; VariantName = "[No Variations]"
Add component (AddParameter): Name = "Supplier 2"; Value = "Mouser"; VariantName = "[No Variations]"
Add component (AddParameter): Name = "Supplier Part Number 1"; Value = "455-1734-1-ND"; VariantName = "[No Variations]"
Add component (AddParameter): Name = "Supplier Part Number 2"; Value = ""; VariantName = "[No Variations]"
Add component (AddParameter): Name = "Temperature"; Value = "-25°C to +85°C"; VariantName = "[No Variations]"
Add component (AddParameter): Name = "Temperature Range High"; Value = "+85°C"; VariantName = "[No Variations]"
Add component (AddParameter): Name = "Temperature Range Low"; Value = "-25°C"; VariantName = "[No Variations]"
Add component (AddParameter): Name = "voltage_rating_ac"; Value = "100 V"; VariantName = "[No Variations]"
Added Component: Designator=J?(JST_B2B-PH-SM4-TB_LF_SN_0)
Add component. Clean all parameters for all variants
Add component (AddParameter): Name = "Category 75Fab8F04590Ae3D"; Value = "Connectors and Adapters"; VariantName = "[No Variations]"
Add component (AddParameter): Name = "Category 0836C53C3D42D3F1"; Value = "Connectors"; VariantName = "[No Variations]"
Add component (AddParameter): Name = "Category A3C16Ecb93907806"; Value = "Uncategorized"; VariantName = "[No Variations]"
Add component (AddParameter): Name = "Category Bda670Ac885E6661"; Value = "Uncategorized"; VariantName = "[No Variations]"
Add component (AddParameter): Name = "Category Dab617Bcef8C0171"; Value = "PC Board"; VariantName = "[No Variations]"
Add component (AddParameter): Name = "Category E42C2926D3763Feb"; Value = "Wire to Board"; VariantName = "[No Variations]"
Add component (AddParameter): Name = "Category E7012A0Bd22E3Cc6"; Value = "Headers & Receptacles"; VariantName = "[No Variations]"
Add component (AddParameter): Name = "Category Fcf631Fcc9332731"; Value = "Uncategorized"; VariantName = "[No Variations]"
Add component (AddParameter): Name = "color"; Value = "White"; VariantName = "[No Variations]"
Add component (AddParameter): Name = "ComponentLink1Description"; Value = "Upverter"; VariantName = "[No Variations]"
Add component (AddParameter): Name = "ComponentLink1URL"; Value = "https://upverter.com/upn/revision/aa2260f5f3c02952/"; VariantName = "[No Variations]"
Add component (AddParameter): Name = "ComponentLink2Description"; Value = "Datasheet"; VariantName = "[No Variations]"
Add component (AddParameter): Name = "ComponentLink2URL"; Value = "https://upverter.com/datasheet/05f4473ffc638d76a3bb68900fd4324175be47ba.pdf"; VariantName = "[No Variations]"
Add component (AddParameter): Name = "contact_material"; Value = "Brass"; VariantName = "[No Variations]"
Add component (AddParameter): Name = "contact_plating"; Value = "Tin"; VariantName = "[No Variations]"
Add component (AddParameter): Name = "current_rating"; Value = "2 A"; VariantName = "[No Variations]"
Add component (AddParameter): Name = "Digikey Description"; Value = "CONN 2 Positions Header, Shrouded Connector 0.079" (2.00mm) Surface Mount Tin"; VariantName = "[No Variations]"
Add component (AddParameter): Name = "Digikey Part Number"; Value = "455-1734-1-ND"; VariantName = "[No Variations]"
Add component (AddParameter): Name = "flammability_rating"; Value = "UL 94 V-0"; VariantName = "[No Variations]"
Add component (AddParameter): Name = "gender"; Value = "Female"; VariantName = "[No Variations]"
Add component (AddParameter): Name = "helpURL"; Value = "https://upverter.com/upn/revision/aa2260f5f3c02952/"; VariantName = "[No Variations]"
Add component (AddParameter): Name = "housing_color"; Value = "Natural"; VariantName = "[No Variations]"
Add component (AddParameter): Name = "housing_material"; Value = "Nylon"; VariantName = "[No Variations]"
Add component (AddParameter): Name = "insulation_resistance"; Value = "1 GO"; VariantName = "[No Variations]"
Add component (AddParameter): Name = "Lead Free"; Value = "yes"; VariantName = "[No Variations]"
Add component (AddParameter): Name = "Manufacturer"; Value = "JST"; VariantName = "[No Variations]"
Add component (AddParameter): Name = "Mounting Type"; Value = "surface mount"; VariantName = "[No Variations]"
Add component (AddParameter): Name = "number_of_contacts"; Value = "2"; VariantName = "[No Variations]"
Add component (AddParameter): Name = "number_of_positions"; Value = "2"; VariantName = "[No Variations]"
Add component (AddParameter): Name = "number_of_rows"; Value = "1"; VariantName = "[No Variations]"
Add component (AddParameter): Name = "Num Pins"; Value = "2"; VariantName = "[No Variations]"
Add component (AddParameter): Name = "Package"; Value = "CONN_SMT_7MM95_5MM0"; VariantName = "[No Variations]"
Add component (AddParameter): Name = "pin_pitch"; Value = "2 mm"; VariantName = "[No Variations]"
Add component (AddParameter): Name = "Price"; Value = "0.401172514632"; VariantName = "[No Variations]"
Add component (AddParameter): Name = "RoHS"; Value = "TRUE"; VariantName = "[No Variations]"
Add component (AddParameter): Name = "size_height"; Value = "6.6 mm"; VariantName = "[No Variations]"
Add component (AddParameter): Name = "size_length"; Value = "7.95 mm"; VariantName = "[No Variations]"
Add component (AddParameter): Name = "size_width"; Value = "5 mm"; VariantName = "[No Variations]"
Add component (AddParameter): Name = "Supplier 1"; Value = "Digi-Key"; VariantName = "[No Variations]"
Add component (AddParameter): Name = "Supplier 2"; Value = "Mouser"; VariantName = "[No Variations]"
Add component (AddParameter): Name = "Supplier Part Number 1"; Value = "455-1734-1-ND"; VariantName = "[No Variations]"
Add component (AddParameter): Name = "Supplier Part Number 2"; Value = ""; VariantName = "[No Variations]"
Add component (AddParameter): Name = "Temperature"; Value = "-25°C to +85°C"; VariantName = "[No Variations]"
Add component (AddParameter): Name = "Temperature Range High"; Value = "+85°C"; VariantName = "[No Variations]"
Add component (AddParameter): Name = "Temperature Range Low"; Value = "-25°C"; VariantName = "[No Variations]"
Add component (AddParameter): Name = "voltage_rating_ac"; Value = "100 V"; VariantName = "[No Variations]"
Added Component: Designator=J?(JST_B2B-PH-SM4-TB_LF_SN_0)
Add component. Clean all parameters for all variants
Add component (AddParameter): Name = "Category 75Fab8F04590Ae3D"; Value = "Connectors and Adapters"; VariantName = "[No Variations]"
Add component (AddParameter): Name = "Category 0836C53C3D42D3F1"; Value = "Connectors"; VariantName = "[No Variations]"
Add component (AddParameter): Name = "Category A3C16Ecb93907806"; Value = "Uncategorized"; VariantName = "[No Variations]"
Add component (AddParameter): Name = "Category Bda670Ac885E6661"; Value = "Uncategorized"; VariantName = "[No Variations]"
Add component (AddParameter): Name = "Category Dab617Bcef8C0171"; Value = "PC Board"; VariantName = "[No Variations]"
Add component (AddParameter): Name = "Category E42C2926D3763Feb"; Value = "Wire to Board"; VariantName = "[No Variations]"
Add component (AddParameter): Name = "Category E7012A0Bd22E3Cc6"; Value = "Headers & Receptacles"; VariantName = "[No Variations]"
Add component (AddParameter): Name = "Category Fcf631Fcc9332731"; Value = "Uncategorized"; VariantName = "[No Variations]"
Add component (AddParameter): Name = "color"; Value = "White"; VariantName = "[No Variations]"
Add component (AddParameter): Name = "ComponentLink1Description"; Value = "Upverter"; VariantName = "[No Variations]"
Add component (AddParameter): Name = "ComponentLink1URL"; Value = "https://upverter.com/upn/revision/aa2260f5f3c02952/"; VariantName = "[No Variations]"
Add component (AddParameter): Name = "ComponentLink2Description"; Value = "Datasheet"; VariantName = "[No Variations]"
Add component (AddParameter): Name = "ComponentLink2URL"; Value = "https://upverter.com/datasheet/05f4473ffc638d76a3bb68900fd4324175be47ba.pdf"; VariantName = "[No Variations]"
Add component (AddParameter): Name = "contact_material"; Value = "Brass"; VariantName = "[No Variations]"
Add component (AddParameter): Name = "contact_plating"; Value = "Tin"; VariantName = "[No Variations]"
Add component (AddParameter): Name = "current_rating"; Value = "2 A"; VariantName = "[No Variations]"
Add component (AddParameter): Name = "Digikey Description"; Value = "CONN 2 Positions Header, Shrouded Connector 0.079" (2.00mm) Surface Mount Tin"; VariantName = "[No Variations]"
Add component (AddParameter): Name = "Digikey Part Number"; Value = "455-1734-1-ND"; VariantName = "[No Variations]"
Add component (AddParameter): Name = "flammability_rating"; Value = "UL 94 V-0"; VariantName = "[No Variations]"
Add component (AddParameter): Name = "gender"; Value = "Female"; VariantName = "[No Variations]"
Add component (AddParameter): Name = "helpURL"; Value = "https://upverter.com/upn/revision/aa2260f5f3c02952/"; VariantName = "[No Variations]"
Add component (AddParameter): Name = "housing_color"; Value = "Natural"; VariantName = "[No Variations]"
Add component (AddParameter): Name = "housing_material"; Value = "Nylon"; VariantName = "[No Variations]"
Add component (AddParameter): Name = "insulation_resistance"; Value = "1 GO"; VariantName = "[No Variations]"
Add component (AddParameter): Name = "Lead Free"; Value = "yes"; VariantName = "[No Variations]"
Add component (AddParameter): Name = "Manufacturer"; Value = "JST"; VariantName = "[No Variations]"
Add component (AddParameter): Name = "Mounting Type"; Value = "surface mount"; VariantName = "[No Variations]"
Add component (AddParameter): Name = "number_of_contacts"; Value = "2"; VariantName = "[No Variations]"
Add component (AddParameter): Name = "number_of_positions"; Value = "2"; VariantName = "[No Variations]"
Add component (AddParameter): Name = "number_of_rows"; Value = "1"; VariantName = "[No Variations]"
Add component (AddParameter): Name = "Num Pins"; Value = "2"; VariantName = "[No Variations]"
Add component (AddParameter): Name = "Package"; Value = "CONN_SMT_7MM95_5MM0"; VariantName = "[No Variations]"
Add component (AddParameter): Name = "pin_pitch"; Value = "2 mm"; VariantName = "[No Variations]"
Add component (AddParameter): Name = "Price"; Value = "0.401172514632"; VariantName = "[No Variations]"
Add component (AddParameter): Name = "RoHS"; Value = "TRUE"; VariantName = "[No Variations]"
Add component (AddParameter): Name = "size_height"; Value = "6.6 mm"; VariantName = "[No Variations]"
Add component (AddParameter): Name = "size_length"; Value = "7.95 mm"; VariantName = "[No Variations]"
Add component (AddParameter): Name = "size_width"; Value = "5 mm"; VariantName = "[No Variations]"
Add component (AddParameter): Name = "Supplier 1"; Value = "Digi-Key"; VariantName = "[No Variations]"
Add component (AddParameter): Name = "Supplier 2"; Value = "Mouser"; VariantName = "[No Variations]"
Add component (AddParameter): Name = "Supplier Part Number 1"; Value = "455-1734-1-ND"; VariantName = "[No Variations]"
Add component (AddParameter): Name = "Supplier Part Number 2"; Value = ""; VariantName = "[No Variations]"
Add component (AddParameter): Name = "Temperature"; Value = "-25°C to +85°C"; VariantName = "[No Variations]"
Add component (AddParameter): Name = "Temperature Range High"; Value = "+85°C"; VariantName = "[No Variations]"
Add component (AddParameter): Name = "Temperature Range Low"; Value = "-25°C"; VariantName = "[No Variations]"
Add component (AddParameter): Name = "voltage_rating_ac"; Value = "100 V"; VariantName = "[No Variations]"
Added Component: Designator=L1(Murata_LQM21FN_70_MFG)
Add component. Clean all parameters for all variants
Added Component: Designator=L2(Inductor_6x6mm)
Add component. Clean all parameters for all variants
Add component (AddParameter): Name = "ComponentLink1Description"; Value = "Digikey"; VariantName = "[No Variations]"
Add component (AddParameter): Name = "ComponentLink1URL"; Value = "https://www.digikey.com.au/product-detail/en/w%C3%BCrth-elektronik/74404064221/732-7261-1-ND/5353241"; VariantName = "[No Variations]"
Add component (AddParameter): Name = "ComponentLink2Description"; Value = "LCSC A"; VariantName = "[No Variations]"
Add component (AddParameter): Name = "ComponentLink2URL"; Value = "https://lcsc.com/product-detail/Power-Inductors_Sunlord-SWPA6045S221MT_C91047.html"; VariantName = "[No Variations]"
Add component (AddParameter): Name = "ComponentLink3Description"; Value = "LCSC B"; VariantName = "[No Variations]"
Add component (AddParameter): Name = "ComponentLink3URL"; Value = "https://lcsc.com/product-detail/Power-Inductors_SXN-Shun-Xiang-Nuo-Elec-SMNR6045-221MT_C467145.html"; VariantName = "[No Variations]"
Added Component: Designator=LOGO1(QUTMS LOGO 10MM)
Add component. Clean all parameters for all variants
Added Component: Designator=M1(M3.2 UNPLATED)
Add component. Clean all parameters for all variants
Added Component: Designator=M2(M3.2 UNPLATED)
Add component. Clean all parameters for all variants
Added Component: Designator=M3(M3.2 UNPLATED)
Add component. Clean all parameters for all variants
Added Component: Designator=M4(M3.2 UNPLATED)
Add component. Clean all parameters for all variants
Added Component: Designator=P1(HDR1X3)
Add component. Clean all parameters for all variants
Add component (AddParameter): Name = "LatestRevisionDate"; Value = "17-Jul-2002"; VariantName = "[No Variations]"
Add component (AddParameter): Name = "LatestRevisionNote"; Value = "Re-released for DXP Platform."; VariantName = "[No Variations]"
Add component (AddParameter): Name = "Publisher"; Value = "Altium Limited"; VariantName = "[No Variations]"
Added Component: Designator=Q1(Diodes_SOT323_0)
Add component. Clean all parameters for all variants
Added Component: Designator=R1(Res_ThinFilm_0603)
Add component. Clean all parameters for all variants
Added Component: Designator=R2(Res_ThinFilm_0603)
Add component. Clean all parameters for all variants
Added Component: Designator=R3(Res_ThinFilm_0603)
Add component. Clean all parameters for all variants
Added Component: Designator=R4(Res_ThinFilm_0603)
Add component. Clean all parameters for all variants
Added Component: Designator=R5(Res_ThinFilm_0603)
Add component. Clean all parameters for all variants
Added Component: Designator=R6(Res_ThinFilm_0603)
Add component. Clean all parameters for all variants
Added Component: Designator=R7(Res_ThinFilm_0603)
Add component. Clean all parameters for all variants
Added Component: Designator=R8(Res_ThinFilm_0603)
Add component. Clean all parameters for all variants
Added Component: Designator=R9(Res_ThinFilm_0603)
Add component. Clean all parameters for all variants
Added Component: Designator=R10(Res_ThinFilm_0603)
Add component. Clean all parameters for all variants
Added Component: Designator=R11(Res_ThinFilm_0603)
Add component. Clean all parameters for all variants
Added Component: Designator=R12(Res_ThinFilm_0603)
Add component. Clean all parameters for all variants
Added Component: Designator=R13(Res_ThinFilm_0603)
Add component. Clean all parameters for all variants
Added Component: Designator=R14(Res_ThinFilm_0603)
Add component. Clean all parameters for all variants
Added Component: Designator=R15(Res_ThinFilm_0603)
Add component. Clean all parameters for all variants
Added Component: Designator=R16(Res_ThinFilm_0603)
Add component. Clean all parameters for all variants
Added Component: Designator=R17(Res_ThinFilm_0603)
Add component. Clean all parameters for all variants
Added Component: Designator=R18(Res_ThinFilm_0603)
Add component. Clean all parameters for all variants
Added Component: Designator=R19(Res_ThinFilm_1210)
Add component. Clean all parameters for all variants
Added Component: Designator=R20(Res_ThinFilm_0603)
Add component. Clean all parameters for all variants
Added Component: Designator=R21(Res_ThinFilm_0603)
Add component. Clean all parameters for all variants
Added Component: Designator=R22(Res_ThinFilm_0603)
Add component. Clean all parameters for all variants
Added Component: Designator=R23(Res_ThinFilm_0603)
Add component. Clean all parameters for all variants
Added Component: Designator=R24(Res_ThinFilm_0603)
Add component. Clean all parameters for all variants
Added Component: Designator=R25(Res_ThinFilm_0603)
Add component. Clean all parameters for all variants
Added Component: Designator=R26(Res_ThinFilm_0603)
Add component. Clean all parameters for all variants
Added Component: Designator=R27(Res_ThinFilm_0603)
Add component. Clean all parameters for all variants
Added Component: Designator=R28(Res_ThinFilm_0603)
Add component. Clean all parameters for all variants
Added Component: Designator=R29(Res_ThinFilm_0603)
Add component. Clean all parameters for all variants
Added Component: Designator=R30(Res_ThinFilm_0603)
Add component. Clean all parameters for all variants
Added Component: Designator=R31(Res_ThinFilm_0603)
Add component. Clean all parameters for all variants
Added Component: Designator=R32(Res_ThinFilm_0603)
Add component. Clean all parameters for all variants
Added Component: Designator=R33(Res_ThinFilm_0603)
Add component. Clean all parameters for all variants
Added Component: Designator=R34(Res_ThinFilm_0603)
Add component. Clean all parameters for all variants
Added Component: Designator=R35(Res_ThinFilm_0603)
Add component. Clean all parameters for all variants
Added Component: Designator=SW1(BTN B3U-1000P)
Add component. Clean all parameters for all variants
Add component (AddParameter): Name = "ComponentLink1Description"; Value = "LCSC"; VariantName = "[No Variations]"
Add component (AddParameter): Name = "ComponentLink1URL"; Value = "https://lcsc.com/product-detail/Tactile-Switches_BRIGHT-TSA063G50-250_C294565.html"; VariantName = "[No Variations]"
Added Component: Designator=TP1(TestPointSMD)
Add component. Clean all parameters for all variants
Added Component: Designator=TP2(TestPointSMD)
Add component. Clean all parameters for all variants
Added Component: Designator=TP3(TestPointSMD)
Add component. Clean all parameters for all variants
Added Component: Designator=TP4(TestPointSMD)
Add component. Clean all parameters for all variants
Added Component: Designator=TP5(TestPointSMD)
Add component. Clean all parameters for all variants
Added Component: Designator=TP6(TestPointSMD)
Add component. Clean all parameters for all variants
Added Component: Designator=U3(STM-LQFP100_N)
Add component. Clean all parameters for all variants
Add component (AddParameter): Name = "ComponentLink1Description"; Value = "Manufacturer URL"; VariantName = "[No Variations]"
Add component (AddParameter): Name = "ComponentLink1URL"; Value = "http://www.st.com/web/en/home.html"; VariantName = "[No Variations]"
Add component (AddParameter): Name = "ComponentLink2Description"; Value = "Datasheet"; VariantName = "[No Variations]"
Add component (AddParameter): Name = "ComponentLink2URL"; Value = "http://www.st.com/st-web-ui/static/active/en/resource/technical/document/datasheet/CD00237391.pdf"; VariantName = "[No Variations]"
Add component (AddParameter): Name = "ComponentLink3Description"; Value = "Package Specification"; VariantName = "[No Variations]"
Add component (AddParameter): Name = "ComponentLink3URL"; Value = "http://www.st.com/st-web-ui/static/active/en/resource/technical/document/data_brief/DM00071938.pdf"; VariantName = "[No Variations]"
Add component (AddParameter): Name = "Core"; Value = "ARM Cortex-M3"; VariantName = "[No Variations]"
Add component (AddParameter): Name = "D/A Converter"; Value = "2x12-bit (2 Channel)"; VariantName = "[No Variations]"
Add component (AddParameter): Name = "DatasheetVersion"; Value = "Rev. 9"; VariantName = "[No Variations]"
Add component (AddParameter): Name = "FLASH Size (Prog) (kB)"; Value = "1024"; VariantName = "[No Variations]"
Add component (AddParameter): Name = "I/Os (High Current)"; Value = "82"; VariantName = "[No Variations]"
Add component (AddParameter): Name = "Internal RAM Size (kB)"; Value = "128"; VariantName = "[No Variations]"
Add component (AddParameter): Name = "Mounting Technology"; Value = "Surface Mount"; VariantName = "[No Variations]"
Add component (AddParameter): Name = "Operating Frequency(F) (Processor speed) (MHz)"; Value = "120"; VariantName = "[No Variations]"
Add component (AddParameter): Name = "PackageDescription"; Value = "100-Pin Low Profile Quad Flat Package, 14 x 14 mm Body, 0.5 mm Pitch"; VariantName = "[No Variations]"
Add component (AddParameter): Name = "PackageReference"; Value = "LQFP100"; VariantName = "[No Variations]"
Add component (AddParameter): Name = "PackageVersion"; Value = "Rev. 1, 06/2013"; VariantName = "[No Variations]"
Add component (AddParameter): Name = "Packing"; Value = "Tray"; VariantName = "[No Variations]"
Add component (AddParameter): Name = "PartNumber"; Value = "STM32F207VGT7"; VariantName = "[No Variations]"
Add component (AddParameter): Name = "Supply Voltage(Vcc) min (V)"; Value = "1.8"; VariantName = "[No Variations]"
Added Component: Designator=U4(VDFN6_3P2X2P5_MCH)
Add component. Clean all parameters for all variants
Add component (AddParameter): Name = "Built_By"; Value = "EMA_Jessica"; VariantName = "[No Variations]"
Add component (AddParameter): Name = "Copyright"; Value = "Copyright (C) 2018 Accelerated Designs. All rights reserved"; VariantName = "[No Variations]"
Add component (AddParameter): Name = "Manufacturer_Part_Number"; Value = "DSC1101CI5-020.0000T"; VariantName = "[No Variations]"
Add component (AddParameter): Name = "RefDes"; Value = "RefDes"; VariantName = "[No Variations]"
Add component (AddParameter): Name = "SourceLibrary"; Value = "Microchip_2019-08-23_23"; VariantName = "[No Variations]"
Add component (AddParameter): Name = "Type"; Value = "DEV"; VariantName = "[No Variations]"
Add component (AddParameter): Name = "Vendor"; Value = "Microchip"; VariantName = "[No Variations]"
Added Pin To Net: NetName=3V3 Pin=C1-1
Added Pin To Net: NetName=3V3 Pin=C2-2
Added Pin To Net: NetName=3V3 Pin=C3-1
Added Pin To Net: NetName=3V3 Pin=C3-2
Added Pin To Net: NetName=3V3 Pin=C4-1
Added Pin To Net: NetName=3V3 Pin=C5-1
Added Pin To Net: NetName=3V3 Pin=C6-1
Added Pin To Net: NetName=3V3 Pin=C7-1
Added Pin To Net: NetName=3V3 Pin=C8-1
Added Pin To Net: NetName=3V3 Pin=C9-1
Added Pin To Net: NetName=3V3 Pin=C10-1
Added Pin To Net: NetName=3V3 Pin=C11-1
Added Pin To Net: NetName=3V3 Pin=C12-1
Added Pin To Net: NetName=3V3 Pin=C12-2
Added Pin To Net: NetName=3V3 Pin=C13-1
Added Pin To Net: NetName=3V3 Pin=C13-2
Added Pin To Net: NetName=3V3 Pin=C14-1
Added Pin To Net: NetName=3V3 Pin=C15-1
Added Pin To Net: NetName=3V3 Pin=C15-2
Added Pin To Net: NetName=3V3 Pin=C16-1
Added Pin To Net: NetName=3V3 Pin=C16-2
Added Pin To Net: NetName=3V3 Pin=C17-1
Added Pin To Net: NetName=3V3 Pin=C17-2
Added Pin To Net: NetName=3V3 Pin=C18-1
Added Pin To Net: NetName=3V3 Pin=C18-2
Added Pin To Net: NetName=3V3 Pin=C19-1
Added Pin To Net: NetName=3V3 Pin=C19-2
Added Pin To Net: NetName=3V3 Pin=C20-1
Added Pin To Net: NetName=3V3 Pin=C20-2
Added Pin To Net: NetName=3V3 Pin=C23-2
Added Pin To Net: NetName=3V3 Pin=C24-2
Added Pin To Net: NetName=3V3 Pin=C25-1
Added Pin To Net: NetName=3V3 Pin=C25-2
Added Pin To Net: NetName=3V3 Pin=C26-1
Added Pin To Net: NetName=3V3 Pin=C26-2
Added Pin To Net: NetName=3V3 Pin=C27-1
Added Pin To Net: NetName=3V3 Pin=C27-2
Added Pin To Net: NetName=3V3 Pin=C28-1
Added Pin To Net: NetName=3V3 Pin=C28-2
Added Pin To Net: NetName=3V3 Pin=C29-1
Added Pin To Net: NetName=3V3 Pin=C29-2
Added Pin To Net: NetName=3V3 Pin=D1-A
Added Pin To Net: NetName=3V3 Pin=D2-K
Added Pin To Net: NetName=3V3 Pin=D4-A
Added Pin To Net: NetName=3V3 Pin=D5-3
Added Pin To Net: NetName=3V3 Pin=D6-A
Added Pin To Net: NetName=3V3 Pin=DS3-2
Added Pin To Net: NetName=3V3 Pin=DS4-2
Added Pin To Net: NetName=3V3 Pin=DS9-2
Added Pin To Net: NetName=3V3 Pin=J1-1
Added Pin To Net: NetName=3V3 Pin=J2-15
Added Pin To Net: NetName=3V3 Pin=J2-16
Added Pin To Net: NetName=3V3 Pin=J2-17
Added Pin To Net: NetName=3V3 Pin=J2-19
Added Pin To Net: NetName=3V3 Pin=J10-1
Added Pin To Net: NetName=3V3 Pin=J?-1
Added Pin To Net: NetName=3V3 Pin=J?-1
Added Pin To Net: NetName=3V3 Pin=J?-1
Added Pin To Net: NetName=3V3 Pin=J?-1
Added Pin To Net: NetName=3V3 Pin=J?-1
Added Pin To Net: NetName=3V3 Pin=J?-1
Added Pin To Net: NetName=3V3 Pin=J?-1
Added Pin To Net: NetName=3V3 Pin=J?-3
Added Pin To Net: NetName=3V3 Pin=J?-3
Added Pin To Net: NetName=3V3 Pin=J?-3
Added Pin To Net: NetName=3V3 Pin=L1-1
Added Pin To Net: NetName=3V3 Pin=L2-2
Added Pin To Net: NetName=3V3 Pin=P1-3
Added Pin To Net: NetName=3V3 Pin=R1-2
Added Pin To Net: NetName=3V3 Pin=R2-1
Added Pin To Net: NetName=3V3 Pin=R3-1
Added Pin To Net: NetName=3V3 Pin=R4-1
Added Pin To Net: NetName=3V3 Pin=R5-2
Added Pin To Net: NetName=3V3 Pin=R6-2
Added Pin To Net: NetName=3V3 Pin=R13-1
Added Pin To Net: NetName=3V3 Pin=R14-1
Added Pin To Net: NetName=3V3 Pin=R15-1
Added Pin To Net: NetName=3V3 Pin=R16-1
Added Pin To Net: NetName=3V3 Pin=R20-2
Added Pin To Net: NetName=3V3 Pin=R21-2
Added Pin To Net: NetName=3V3 Pin=R22-2
Added Pin To Net: NetName=3V3 Pin=R23-2
Added Pin To Net: NetName=3V3 Pin=R24-2
Added Pin To Net: NetName=3V3 Pin=R25-2
Added Pin To Net: NetName=3V3 Pin=R26-1
Added Pin To Net: NetName=3V3 Pin=R28-1
Added Pin To Net: NetName=3V3 Pin=R31-2
Added Pin To Net: NetName=3V3 Pin=R32-2
Added Pin To Net: NetName=3V3 Pin=R33-2
Added Pin To Net: NetName=3V3 Pin=R34-2
Added Pin To Net: NetName=3V3 Pin=R35-2
Added Pin To Net: NetName=3V3 Pin=SW1-1
Added Pin To Net: NetName=3V3 Pin=TP2-1
Added Pin To Net: NetName=3V3 Pin=U3-6
Added Pin To Net: NetName=3V3 Pin=U3-10
Added Pin To Net: NetName=3V3 Pin=U3-11
Added Pin To Net: NetName=3V3 Pin=U3-13
Added Pin To Net: NetName=3V3 Pin=U3-19
Added Pin To Net: NetName=3V3 Pin=U3-20
Added Pin To Net: NetName=3V3 Pin=U3-21
Added Pin To Net: NetName=3V3 Pin=U3-22
Added Pin To Net: NetName=3V3 Pin=U3-27
Added Pin To Net: NetName=3V3 Pin=U3-28
Added Pin To Net: NetName=3V3 Pin=U3-50
Added Pin To Net: NetName=3V3 Pin=U3-74
Added Pin To Net: NetName=3V3 Pin=U3-75
Added Pin To Net: NetName=3V3 Pin=U3-100
Added Pin To Net: NetName=3V3 Pin=U4-1
Added Pin To Net: NetName=3V3 Pin=U4-3
Added Pin To Net: NetName=3V3 Pin=U4-6
Added Net: Name=3V3
Added Pin To Net: NetName=12VP Pin=C10-2
Added Pin To Net: NetName=12VP Pin=C23-1
Added Pin To Net: NetName=12VP Pin=C24-1
Added Pin To Net: NetName=12VP Pin=D4-K
Added Pin To Net: NetName=12VP Pin=R12-2
Added Pin To Net: NetName=12VP Pin=TP1-1
Added Net: Name=12VP
Added Pin To Net: NetName=12V Pin=C11-2
Added Pin To Net: NetName=12V Pin=J1-4
Added Pin To Net: NetName=12V Pin=R7-2
Added Pin To Net: NetName=12V Pin=R8-2
Added Pin To Net: NetName=12V Pin=R9-2
Added Pin To Net: NetName=12V Pin=R10-2
Added Pin To Net: NetName=12V Pin=R11-2
Added Net: Name=12V
Added Pin To Net: NetName=B1 Pin=J?-2
Added Pin To Net: NetName=B1 Pin=R3-2
Added Pin To Net: NetName=B1 Pin=U3-84
Added Net: Name=B1
Added Pin To Net: NetName=B2 Pin=J?-2
Added Pin To Net: NetName=B2 Pin=R4-2
Added Pin To Net: NetName=B2 Pin=U3-85
Added Net: Name=B2
Added Pin To Net: NetName=B3 Pin=J?-2
Added Pin To Net: NetName=B3 Pin=R5-1
Added Pin To Net: NetName=B3 Pin=U3-86
Added Net: Name=B3
Added Pin To Net: NetName=B4 Pin=J?-2
Added Pin To Net: NetName=B4 Pin=R6-1
Added Pin To Net: NetName=B4 Pin=U3-87
Added Net: Name=B4
Added Pin To Net: NetName=BOOT Pin=R22-1
Added Pin To Net: NetName=BOOT Pin=U3-94
Added Net: Name=BOOT
Added Pin To Net: NetName=BUS SEL Pin=J2-8
Added Pin To Net: NetName=BUS SEL Pin=U3-69
Added Net: Name=BUS SEL
Added Pin To Net: NetName=BUS STATE Pin=J2-9
Added Pin To Net: NetName=BUS STATE Pin=U3-70
Added Net: Name=BUS STATE
Added Pin To Net: NetName=CAN GLV RX Pin=U3-95
Added Net: Name=CAN GLV RX
Added Pin To Net: NetName=CAN GLX TX Pin=U3-96
Added Net: Name=CAN GLX TX
Added Pin To Net: NetName=CAN MAIN H Pin=D5-1
Added Pin To Net: NetName=CAN MAIN H Pin=R19-1
Added Pin To Net: NetName=CAN MAIN H Pin=TP5-1
Added Net: Name=CAN MAIN H
Added Pin To Net: NetName=CAN MAIN LED Pin=DS5-1
Added Pin To Net: NetName=CAN MAIN LED Pin=DS6-1
Added Pin To Net: NetName=CAN MAIN LED Pin=J10-2
Added Net: Name=CAN MAIN LED
Added Pin To Net: NetName=CAN MAIN L Pin=D5-2
Added Pin To Net: NetName=CAN MAIN L Pin=J11-1
Added Pin To Net: NetName=CAN MAIN L Pin=TP3-1
Added Net: Name=CAN MAIN L
Added Pin To Net: NetName=CAN MAIN RX LED Pin=DS6-2
Added Pin To Net: NetName=CAN MAIN RX LED Pin=R18-2
Added Net: Name=CAN MAIN RX LED
Added Pin To Net: NetName=CAN MAIN RX Pin=R18-1
Added Pin To Net: NetName=CAN MAIN RX Pin=TP4-1
Added Net: Name=CAN MAIN RX
Added Pin To Net: NetName=CAN MAIN TX LED Pin=DS5-2
Added Pin To Net: NetName=CAN MAIN TX LED Pin=R17-2
Added Net: Name=CAN MAIN TX LED
Added Pin To Net: NetName=CAN MAIN TX Pin=R17-1
Added Pin To Net: NetName=CAN MAIN TX Pin=TP6-1
Added Net: Name=CAN MAIN TX
Added Pin To Net: NetName=CHIP SEL Pin=J2-12
Added Pin To Net: NetName=CHIP SEL Pin=U3-29
Added Net: Name=CHIP SEL
Added Pin To Net: NetName=CLMODE Pin=R13-2
Added Net: Name=CLMODE
Added Pin To Net: NetName=DATA/CMD Pin=J2-11
Added Pin To Net: NetName=DATA/CMD Pin=U3-26
Added Net: Name=DATA/CMD
Added Pin To Net: NetName=FLAG Pin=DS2-2
Added Net: Name=FLAG
Added Pin To Net: NetName=NetC1_2 Pin=C1-2
Added Pin To Net: NetName=NetC1_2 Pin=J2-5
Added Net: Name=NetC1_2
Added Pin To Net: NetName=NetC2_1 Pin=C2-1
Added Pin To Net: NetName=NetC2_1 Pin=D2-A
Added Pin To Net: NetName=NetC2_1 Pin=D3-K
Added Net: Name=NetC2_1
Added Pin To Net: NetName=NetC4_2 Pin=C4-2
Added Pin To Net: NetName=NetC4_2 Pin=J2-18
Added Net: Name=NetC4_2
Added Pin To Net: NetName=NetC5_2 Pin=C5-2
Added Pin To Net: NetName=NetC5_2 Pin=J2-20
Added Net: Name=NetC5_2
Added Pin To Net: NetName=NetC6_2 Pin=C6-2
Added Pin To Net: NetName=NetC6_2 Pin=J2-22
Added Net: Name=NetC6_2
Added Pin To Net: NetName=NetC7_2 Pin=C7-2
Added Pin To Net: NetName=NetC7_2 Pin=J2-24
Added Net: Name=NetC7_2
Added Pin To Net: NetName=NetC8_2 Pin=C8-2
Added Pin To Net: NetName=NetC8_2 Pin=D1-K
Added Pin To Net: NetName=NetC8_2 Pin=J2-21
Added Net: Name=NetC8_2
Added Pin To Net: NetName=NetC9_2 Pin=C9-2
Added Pin To Net: NetName=NetC9_2 Pin=D3-A
Added Pin To Net: NetName=NetC9_2 Pin=J2-23
Added Net: Name=NetC9_2
Added Pin To Net: NetName=NetDS1_1 Pin=DS1-1
Added Pin To Net: NetName=NetDS1_1 Pin=R7-1
Added Net: Name=NetDS1_1
Added Pin To Net: NetName=NetDS2_1 Pin=DS2-1
Added Pin To Net: NetName=NetDS2_1 Pin=R8-1
Added Net: Name=NetDS2_1
Added Pin To Net: NetName=NetDS3_1 Pin=DS3-1
Added Pin To Net: NetName=NetDS3_1 Pin=R9-1
Added Net: Name=NetDS3_1
Added Pin To Net: NetName=NetDS4_1 Pin=DS4-1
Added Pin To Net: NetName=NetDS4_1 Pin=R12-1
Added Net: Name=NetDS4_1
Added Pin To Net: NetName=NetDS7_1 Pin=DS7-1
Added Pin To Net: NetName=NetDS7_1 Pin=R20-1
Added Net: Name=NetDS7_1
Added Pin To Net: NetName=NetDS8_1 Pin=DS8-1
Added Pin To Net: NetName=NetDS8_1 Pin=R21-1
Added Net: Name=NetDS8_1
Added Pin To Net: NetName=NetDS9_1 Pin=DS9-1
Added Pin To Net: NetName=NetDS9_1 Pin=R25-1
Added Net: Name=NetDS9_1
Added Pin To Net: NetName=NetJ1_2 Pin=J1-2
Added Net: Name=NetJ1_2
Added Pin To Net: NetName=NetJ1_3 Pin=J1-3
Added Net: Name=NetJ1_3
Added Pin To Net: NetName=NetJ2_2 Pin=J2-2
Added Pin To Net: NetName=NetJ2_2 Pin=Q1-2
Added Pin To Net: NetName=NetJ2_2 Pin=R1-1
Added Net: Name=NetJ2_2
Added Pin To Net: NetName=NetJ2_3 Pin=J2-3
Added Pin To Net: NetName=NetJ2_3 Pin=Q1-3
Added Pin To Net: NetName=NetJ2_3 Pin=R2-2
Added Net: Name=NetJ2_3
Added Pin To Net: NetName=NetJ11_2 Pin=J11-2
Added Pin To Net: NetName=NetJ11_2 Pin=R19-2
Added Net: Name=NetJ11_2
Added Pin To Net: NetName=NetL1_2 Pin=L1-2
Added Pin To Net: NetName=NetL1_2 Pin=Q1-1
Added Net: Name=NetL1_2
Added Pin To Net: NetName=NetR27_1 Pin=R27-1
Added Pin To Net: NetName=NetR27_1 Pin=R28-2
Added Net: Name=NetR27_1
Added Pin To Net: NetName=NetR31_1 Pin=R31-1
Added Net: Name=NetR31_1
Added Pin To Net: NetName=NetR32_1 Pin=R32-1
Added Net: Name=NetR32_1
Added Pin To Net: NetName=NetR33_1 Pin=R33-1
Added Net: Name=NetR33_1
Added Pin To Net: NetName=NetR34_1 Pin=R34-1
Added Net: Name=NetR34_1
Added Pin To Net: NetName=NetR35_1 Pin=R35-1
Added Net: Name=NetR35_1
Added Net: Name=NetSD1_5
Added Pin To Net: NetName=NRST Pin=C14-2
Added Pin To Net: NetName=NRST Pin=R23-1
Added Pin To Net: NetName=NRST Pin=SW1-2
Added Pin To Net: NetName=NRST Pin=U3-14
Added Net: Name=NRST
Added Pin To Net: NetName=ORANGE LED 1 Pin=DS7-2
Added Pin To Net: NetName=ORANGE LED 1 Pin=U3-64
Added Net: Name=ORANGE LED 1
Added Pin To Net: NetName=ORANGE LED 2 Pin=DS8-2
Added Pin To Net: NetName=ORANGE LED 2 Pin=U3-63
Added Net: Name=ORANGE LED 2
Added Pin To Net: NetName=OSC IN Pin=U3-12
Added Pin To Net: NetName=OSC IN Pin=U4-4
Added Net: Name=OSC IN
Added Pin To Net: NetName=OVLO Pin=R11-1
Added Pin To Net: NetName=OVLO Pin=R15-2
Added Net: Name=OVLO
Added Pin To Net: NetName=POT-L Pin=J?-2
Added Pin To Net: NetName=POT-L Pin=U3-15
Added Net: Name=POT-L
Added Pin To Net: NetName=POT-M Pin=J?-2
Added Pin To Net: NetName=POT-M Pin=U3-16
Added Net: Name=POT-M
Added Pin To Net: NetName=POT-R Pin=J?-2
Added Pin To Net: NetName=POT-R Pin=U3-17
Added Net: Name=POT-R
Added Pin To Net: NetName=PWR CB 3V3 Pin=C21-1
Added Pin To Net: NetName=PWR CB 3V3 Pin=C22-1
Added Net: Name=PWR CB 3V3
Added Pin To Net: NetName=PWR FB 3V3 Pin=R24-1
Added Pin To Net: NetName=PWR FB 3V3 Pin=R26-2
Added Net: Name=PWR FB 3V3
Added Pin To Net: NetName=PWR SW 3V3 Pin=C21-2
Added Pin To Net: NetName=PWR SW 3V3 Pin=C22-2
Added Pin To Net: NetName=PWR SW 3V3 Pin=D6-K
Added Pin To Net: NetName=PWR SW 3V3 Pin=L2-1
Added Net: Name=PWR SW 3V3
Added Pin To Net: NetName=RESET Pin=J2-10
Added Pin To Net: NetName=RESET Pin=U3-25
Added Net: Name=RESET
Added Pin To Net: NetName=SD_CMD Pin=U3-83
Added Net: Name=SD_CMD
Added Pin To Net: NetName=SD_D0 Pin=U3-65
Added Net: Name=SD_D0
Added Pin To Net: NetName=SD_D1 Pin=U3-66
Added Net: Name=SD_D1
Added Pin To Net: NetName=SD_D2 Pin=U3-78
Added Net: Name=SD_D2
Added Pin To Net: NetName=SD_D3 Pin=U3-79
Added Net: Name=SD_D3
Added Pin To Net: NetName=SDIO_CK Pin=U3-80
Added Net: Name=SDIO_CK
Added Pin To Net: NetName=SERIAL CLK Pin=J2-13
Added Pin To Net: NetName=SERIAL CLK Pin=U3-30
Added Net: Name=SERIAL CLK
Added Pin To Net: NetName=SERIAL DATA Pin=J2-14
Added Pin To Net: NetName=SERIAL DATA Pin=U3-31
Added Net: Name=SERIAL DATA
Added Pin To Net: NetName=SETI Pin=R16-2
Added Net: Name=SETI
Added Pin To Net: NetName=SWCLK Pin=U3-76
Added Net: Name=SWCLK
Added Pin To Net: NetName=SWDIO Pin=U3-72
Added Net: Name=SWDIO
Added Pin To Net: NetName=TEMP CLK Pin=J2-6
Added Pin To Net: NetName=TEMP CLK Pin=U3-67
Added Net: Name=TEMP CLK
Added Pin To Net: NetName=TEMP DATA Pin=J2-7
Added Pin To Net: NetName=TEMP DATA Pin=U3-68
Added Net: Name=TEMP DATA
Added Pin To Net: NetName=USART3_RX Pin=P1-2
Added Pin To Net: NetName=USART3_RX Pin=U3-48
Added Net: Name=USART3_RX
Added Pin To Net: NetName=USART3_TX Pin=P1-1
Added Pin To Net: NetName=USART3_TX Pin=U3-47
Added Net: Name=USART3_TX
Added Pin To Net: NetName=USB_D6 Pin=U3-52
Added Net: Name=USB_D6
Added Pin To Net: NetName=USB_DM Pin=U3-53
Added Net: Name=USB_DM
Added Pin To Net: NetName=USB_DP Pin=U3-54
Added Net: Name=USB_DP
Added Pin To Net: NetName=USB DM Pin=R30-2
Added Net: Name=USB DM
Added Pin To Net: NetName=USB DP Pin=R29-2
Added Net: Name=USB DP
Added Pin To Net: NetName=USB M Pin=R30-1
Added Net: Name=USB M
Added Pin To Net: NetName=USB P Pin=R29-1
Added Net: Name=USB P
Added Pin To Net: NetName=UVLO Pin=R10-1
Added Pin To Net: NetName=UVLO Pin=R14-2
Added Net: Name=UVLO
Added Pin To Net: NetName=UVOV Pin=DS1-2
Added Net: Name=UVOV
Added Pin To Net: NetName=VUSB Pin=R27-2
Added Net: Name=VUSB
Added Class: Name=STRWL-S01-V00-Master
Added Class: Name=U_STRWL-S02-V00-12VProtection
Added Class: Name=U_STRWL-S03-V00-CAN_MAIN
Added Class: Name=U_STRWL-S04-V00-Microcontroller
Added Class: Name=U_STRWL-S05-V00-Master-PSU3V3-300mA
Added Class: Name=U_STRWL-S06-V00-Peripherals
Added Room: Name=STRWL-S01-V00-Master
Added Room: Name=U_STRWL-S02-V00-12VProtection
Added Room: Name=U_STRWL-S03-V00-CAN_MAIN
Added Room: Name=U_STRWL-S04-V00-Microcontroller
Added Room: Name=U_STRWL-S05-V00-Master-PSU3V3-300mA
Added Room: Name=U_STRWL-S06-V00-Peripherals
