Replace Part C13 100nF 50V 5% X7R 0603 in C:\Users\n10462091\Documents\GitHub\QUTMS_SteeringWheelV2\QUTMS_SteeringWheelV2-V01\STRWL-S04-V00-Microcontroller.SchDoc with 100nF 50V 5% X7R 0603 from StandardCapacitors.SchLib
Replace Part C14 100nF 50V 5% X7R 0603 in C:\Users\n10462091\Documents\GitHub\QUTMS_SteeringWheelV2\QUTMS_SteeringWheelV2-V01\STRWL-S04-V00-Microcontroller.SchDoc with 100nF 50V 5% X7R 0603 from StandardCapacitors.SchLib
Replace Part C15 100nF 50V 5% X7R 0603 in C:\Users\n10462091\Documents\GitHub\QUTMS_SteeringWheelV2\QUTMS_SteeringWheelV2-V01\STRWL-S04-V00-Microcontroller.SchDoc with 100nF 50V 5% X7R 0603 from StandardCapacitors.SchLib
Replace Part C16 100nF 50V 5% X7R 0603 in C:\Users\n10462091\Documents\GitHub\QUTMS_SteeringWheelV2\QUTMS_SteeringWheelV2-V01\STRWL-S04-V00-Microcontroller.SchDoc with 100nF 50V 5% X7R 0603 from StandardCapacitors.SchLib
Replace Part C17 100nF 50V 5% X7R 0603 in C:\Users\n10462091\Documents\GitHub\QUTMS_SteeringWheelV2\QUTMS_SteeringWheelV2-V01\STRWL-S04-V00-Microcontroller.SchDoc with 100nF 50V 5% X7R 0603 from StandardCapacitors.SchLib
Replace Part C18 100nF 50V 5% X7R 0603 in C:\Users\n10462091\Documents\GitHub\QUTMS_SteeringWheelV2\QUTMS_SteeringWheelV2-V01\STRWL-S04-V00-Microcontroller.SchDoc with 100nF 50V 5% X7R 0603 from StandardCapacitors.SchLib
Replace Part C19 100nF 50V 5% X7R 0603 in C:\Users\n10462091\Documents\GitHub\QUTMS_SteeringWheelV2\QUTMS_SteeringWheelV2-V01\STRWL-S04-V00-Microcontroller.SchDoc with 100nF 50V 5% X7R 0603 from StandardCapacitors.SchLib
Replace Part C20 4u7 50V 5% X7R 0603 in C:\Users\n10462091\Documents\GitHub\QUTMS_SteeringWheelV2\QUTMS_SteeringWheelV2-V01\STRWL-S04-V00-Microcontroller.SchDoc with 4u7 50V 5% X7R 0603 from StandardCapacitors.SchLib
Replace Part DS7 LED Orange 0603 in C:\Users\n10462091\Documents\GitHub\QUTMS_SteeringWheelV2\QUTMS_SteeringWheelV2-V01\STRWL-S04-V00-Microcontroller.SchDoc with LED Orange 0603 from QUTMS_LEDLibrary.SchLib
Replace Part DS8 LED Orange 0603 in C:\Users\n10462091\Documents\GitHub\QUTMS_SteeringWheelV2\QUTMS_SteeringWheelV2-V01\STRWL-S04-V00-Microcontroller.SchDoc with LED Orange 0603 from QUTMS_LEDLibrary.SchLib
Replace Part J12 IDC 10P 2x5 1.27mm in C:\Users\n10462091\Documents\GitHub\QUTMS_SteeringWheelV2\QUTMS_SteeringWheelV2-V01\STRWL-S04-V00-Microcontroller.SchDoc with IDC 10P 2x5 1.27mm from IDCConnectors.SchLib
Replace Part P1 Header 3 in C:\Users\n10462091\Documents\GitHub\QUTMS_SteeringWheelV2\QUTMS_SteeringWheelV2-V01\STRWL-S04-V00-Microcontroller.SchDoc with Header 3 from Miscellaneous Connectors.IntLib
Replace Part R20 330R 5% 0603 in C:\Users\n10462091\Documents\GitHub\QUTMS_SteeringWheelV2\QUTMS_SteeringWheelV2-V01\STRWL-S04-V00-Microcontroller.SchDoc with 330R 5% 0603 from StandardResistors.SchLib
Replace Part R21 330R 5% 0603 in C:\Users\n10462091\Documents\GitHub\QUTMS_SteeringWheelV2\QUTMS_SteeringWheelV2-V01\STRWL-S04-V00-Microcontroller.SchDoc with 330R 5% 0603 from StandardResistors.SchLib
Replace Part R22 20k 1% 0603 in C:\Users\n10462091\Documents\GitHub\QUTMS_SteeringWheelV2\QUTMS_SteeringWheelV2-V01\STRWL-S04-V00-Microcontroller.SchDoc with 20k 1% 0603 from QUTMS-MCISOLibrary.SchLib
Replace Part R23 4k7 5% 0603 in C:\Users\n10462091\Documents\GitHub\QUTMS_SteeringWheelV2\QUTMS_SteeringWheelV2-V01\STRWL-S04-V00-Microcontroller.SchDoc with 4k7 5% 0603 from StandardResistors.SchLib
Replace Part SW1 BTN B3U-1000P in C:\Users\n10462091\Documents\GitHub\QUTMS_SteeringWheelV2\QUTMS_SteeringWheelV2-V01\STRWL-S04-V00-Microcontroller.SchDoc with BTN B3U-1000P from QUTMS_SwitchLibrary.SchLib
Replace Part U3 STM32F207VGT7-Custom in C:\Users\n10462091\Documents\GitHub\QUTMS_SteeringWheelV2\QUTMS_SteeringWheelV2-V01\STRWL-S04-V00-Microcontroller.SchDoc with STM32F207VGT7-Custom from STM32F207VGT7.SchLib
Replace Part U3 STM32F207VGT7-Custom in C:\Users\n10462091\Documents\GitHub\QUTMS_SteeringWheelV2\QUTMS_SteeringWheelV2-V01\STRWL-S04-V00-Microcontroller.SchDoc with STM32F207VGT7-Custom from STM32F207VGT7.SchLib
Replace Part U4 DSC1101CI5-020.0000T in C:\Users\n10462091\Documents\GitHub\QUTMS_SteeringWheelV2\QUTMS_SteeringWheelV2-V01\STRWL-S04-V00-Microcontroller.SchDoc with DSC1101CI5-020.0000T from DSC1101CI5-020.0000T.SchLib
