Change Component Footprint: Designator=U1 Old Footprint=MAX17612A New Footprint=10-Pin TDFN EP
Change Component Footprint: Designator=J14 Old Footprint=MOLX-52437-2471 New Footprint=MOLX-52437-2471
Change Component Footprint: Designator=LOGO2 Old Footprint=QUTMS LOGO 10MM New Footprint=QUTMS LOGO 50MM
Change Component Footprint: Designator=U3 Old Footprint=STM-LQFP100_N New Footprint=STM-LQFP100_N
Change Component Footprint: Designator=TP1 Old Footprint=TestPointSMD New Footprint=TestPoint
Change Component Footprint: Designator=TP2 Old Footprint=TestPointSMD New Footprint=TestPoint
Change Component Comment : Designator=R25 Old Comment=1k New Comment=1k 5% 0603
Change Component Comment : Designator=C27 Old Comment=1uF New Comment=1uF 25V 5% X7R 0603
Change Component Comment : Designator=R23 Old Comment=4k7 New Comment=4k7 5% 0603
Change Component Comment : Designator=C20 Old Comment=4u7 New Comment=4u7 50V 5% X7R 0603
Change Component Comment : Designator=C26 Old Comment=4u7 New Comment=4u7 50V 5% X7R 0603
Change Component Comment : Designator=C10 Old Comment=4u7 50V 5% New Comment=4u7 50V 5% X7R 0603
Change Component Comment : Designator=R22 Old Comment=10k 1% 0603 New Comment=20k 1% 0603
Change Component Comment : Designator=R26 Old Comment=19k6 1% New Comment=19k6 1% 0603
Change Component Comment : Designator=R29 Old Comment=22R New Comment=22R 1% 0603
Change Component Comment : Designator=R30 Old Comment=22R New Comment=22R 1% 0603
Change Component Comment : Designator=C24 Old Comment=47uF 16V 1210 New Comment=47uF 16V 10% X7R 1210
Change Component Comment : Designator=C25 Old Comment=47uF 16V 1210 New Comment=47uF 16V 10% X7R 1210
Change Component Comment : Designator=R24 Old Comment=64k9 1% New Comment=64k9 1% 0603
Change Component Comment : Designator=R17 Old Comment=330R New Comment=330R 5% 0603
Change Component Comment : Designator=R18 Old Comment=330R New Comment=330R 5% 0603
Change Component Comment : Designator=R20 Old Comment=330R New Comment=330R 5% 0603
Change Component Comment : Designator=R21 Old Comment=330R New Comment=330R 5% 0603
Change Component Comment : Designator=R14 Old Comment=390k 5% New Comment=390k 5% 0603
Change Component Comment : Designator=C11 Old Comment=470nF 50V 5% New Comment=470nF 50V 5% X7R 0603
Change Component Comment : Designator=DS7 Old Comment=LED Orange New Comment=LED Orange 0603
Change Component Comment : Designator=DS8 Old Comment=LED Orange New Comment=LED Orange 0603
Change Component Designator: OldDesignator=C10 NewDesignator=C1
Change Component Designator: OldDesignator=C11 NewDesignator=C2
Change Component Designator: OldDesignator=C12 NewDesignator=C3
Change Component Designator: OldDesignator=C13 NewDesignator=C4
Change Component Designator: OldDesignator=C14 NewDesignator=C5
Change Component Designator: OldDesignator=C15 NewDesignator=C6
Change Component Designator: OldDesignator=C16 NewDesignator=C7
Change Component Designator: OldDesignator=C17 NewDesignator=C8
Change Component Designator: OldDesignator=C18 NewDesignator=C9
Change Component Designator: OldDesignator=C19 NewDesignator=C10
Change Component Designator: OldDesignator=C20 NewDesignator=C11
Change Component Designator: OldDesignator=C21 NewDesignator=C12
Change Component Designator: OldDesignator=C22 NewDesignator=C13
Change Component Designator: OldDesignator=C23 NewDesignator=C14
Change Component Designator: OldDesignator=C24 NewDesignator=C15
Change Component Designator: OldDesignator=C25 NewDesignator=C16
Change Component Designator: OldDesignator=C26 NewDesignator=C17
Change Component Designator: OldDesignator=C27 NewDesignator=C18
Change Component Designator: OldDesignator=C28 NewDesignator=C19
Change Component Designator: OldDesignator=C29 NewDesignator=C20
Change Component Designator: OldDesignator=C30 NewDesignator=C21
Change Component Designator: OldDesignator=C31 NewDesignator=C22
Change Component Designator: OldDesignator=C32 NewDesignator=C23
Change Component Designator: OldDesignator=C33 NewDesignator=C24
Change Component Designator: OldDesignator=C34 NewDesignator=C25
Change Component Designator: OldDesignator=C35 NewDesignator=C26
Change Component Designator: OldDesignator=C36 NewDesignator=C27
Change Component Designator: OldDesignator=C37 NewDesignator=C28
Change Component Designator: OldDesignator=D4 NewDesignator=D1
Change Component Designator: OldDesignator=D5 NewDesignator=D2
Change Component Designator: OldDesignator=D6 NewDesignator=D3
Change Component Designator: OldDesignator=D7 NewDesignator=D4
Change Component Designator: OldDesignator=D8 NewDesignator=D5
Change Component Designator: OldDesignator=D9 NewDesignator=D6
Change Component Designator: OldDesignator=FID5 NewDesignator=FID1
Change Component Designator: OldDesignator=FID6 NewDesignator=FID2
Change Component Designator: OldDesignator=FID7 NewDesignator=FID3
Change Component Designator: OldDesignator=FID8 NewDesignator=FID4
Change Component Designator: OldDesignator=J10 NewDesignator=J1
Change Component Designator: OldDesignator=J11 NewDesignator=J2
Change Component Designator: OldDesignator=J12 NewDesignator=J3
Change Component Designator: OldDesignator=J13 NewDesignator=J4
Change Component Designator: OldDesignator=J14 NewDesignator=J5
Change Component Designator: OldDesignator=J19 NewDesignator=J10
Change Component Designator: OldDesignator=J20 NewDesignator=J11
Change Component Designator: OldDesignator=J21 NewDesignator=J12
Change Component Designator: OldDesignator=J22 NewDesignator=J13
Change Component Designator: OldDesignator=L2 NewDesignator=L1
Change Component Designator: OldDesignator=L3 NewDesignator=L2
Change Component Designator: OldDesignator=LOGO2 NewDesignator=LOGO1
Change Component Designator: OldDesignator=M5 NewDesignator=M1
Change Component Designator: OldDesignator=M6 NewDesignator=M2
Change Component Designator: OldDesignator=M7 NewDesignator=M3
Change Component Designator: OldDesignator=M8 NewDesignator=M4
Change Component Designator: OldDesignator=Q2 NewDesignator=Q1
Change Component Designator: OldDesignator=R7 NewDesignator=R1
Change Component Designator: OldDesignator=R8 NewDesignator=R2
Change Component Designator: OldDesignator=R9 NewDesignator=R3
Change Component Designator: OldDesignator=R10 NewDesignator=R4
Change Component Designator: OldDesignator=R11 NewDesignator=R5
Change Component Designator: OldDesignator=R12 NewDesignator=R6
Change Component Designator: OldDesignator=R13 NewDesignator=R7
Change Component Designator: OldDesignator=R14 NewDesignator=R8
Change Component Designator: OldDesignator=R15 NewDesignator=R9
Change Component Designator: OldDesignator=R16 NewDesignator=R10
Change Component Designator: OldDesignator=R17 NewDesignator=R11
Change Component Designator: OldDesignator=R18 NewDesignator=R12
Change Component Designator: OldDesignator=R19 NewDesignator=R13
Change Component Designator: OldDesignator=R20 NewDesignator=R14
Change Component Designator: OldDesignator=R21 NewDesignator=R15
Change Component Designator: OldDesignator=R22 NewDesignator=R16
Change Component Designator: OldDesignator=R23 NewDesignator=R17
Change Component Designator: OldDesignator=R24 NewDesignator=R18
Change Component Designator: OldDesignator=R25 NewDesignator=R19
Change Component Designator: OldDesignator=R26 NewDesignator=R20
Change Component Designator: OldDesignator=R27 NewDesignator=R21
Change Component Designator: OldDesignator=R28 NewDesignator=R22
Change Component Designator: OldDesignator=R29 NewDesignator=R23
Change Component Designator: OldDesignator=R30 NewDesignator=R24
Change Component Designator: OldDesignator=R31 NewDesignator=R25
Change Component Designator: OldDesignator=R32 NewDesignator=R26
Change Component Designator: OldDesignator=R33 NewDesignator=R27
Change Component Designator: OldDesignator=R34 NewDesignator=R28
Change Component Designator: OldDesignator=R35 NewDesignator=R29
Change Component Designator: OldDesignator=R36 NewDesignator=R30
Change Component Designator: OldDesignator=R37 NewDesignator=R31
Change Component Designator: OldDesignator=R38 NewDesignator=R32
Change Component Designator: OldDesignator=R39 NewDesignator=R33
Change Component Designator: OldDesignator=R40 NewDesignator=R34
Change Component Designator: OldDesignator=R41 NewDesignator=R35
Change Component Description : Designator=DS5 Old Description= New Description=LED Blue 0603
Change Component Description : Designator=DS6 Old Description= New Description=LED Blue 0603
Change Component Description : Designator=DS7 Old Description= New Description=LED Orange 0603
Change Component Description : Designator=DS8 Old Description= New Description=LED Orange 0603
Change Component Library : Designator=U2 Old Library= New Library=QUTMS_CANLibrary.SchLib
Change component parameters: Designator = "D2"; Footprint = "NUP2105L"; UniqueID = "\RTDQXUGV\KFIYKIRV"
Change component parameters. Clean all parameters for all variants
Change component parameters (AddParameter): Name = "ComponentLink1Description"; Value = "Datasheet"; VariantName = "[No Variations]"
Change component parameters (AddParameter): Name = "ComponentLink1URL"; Value = "https://www.onsemi.cn/PowerSolutions/document/NUP2105L-D.PDF"; VariantName = "[No Variations]"
Change component parameters (AddParameter): Name = "ComponentLink2Description"; Value = "LCSC"; VariantName = "[No Variations]"
Change component parameters (AddParameter): Name = "ComponentLink2URL"; Value = "https://lcsc.com/product-detail/TVS_ON-Semiconductor-NUP2105LT1G_C14486.html"; VariantName = "[No Variations]"
Change component parameters (AddParameter): Name = "ComponentLink3Description"; Value = "Digikey"; VariantName = "[No Variations]"
Change component parameters (AddParameter): Name = "ComponentLink3URL"; Value = "https://www.digikey.com.au/product-detail/en/on-semiconductor/SZNUP2105LT1G/SZNUP2105LT1GOSCT-ND/3487669"; VariantName = "[No Variations]"
Change Net Name : Old Net Name=NetC29_2 New Net Name=NetC20_2
Change Net Name : Old Net Name=NetC30_1 New Net Name=NetC21_1
Change Net Name : Old Net Name=NetC32_2 New Net Name=NetC23_2
Change Net Name : Old Net Name=NetC33_2 New Net Name=NetC24_2
Change Net Name : Old Net Name=NetC34_2 New Net Name=NetC25_2
Change Net Name : Old Net Name=NetC35_2 New Net Name=NetC26_2
Change Net Name : Old Net Name=NetC36_2 New Net Name=NetC27_2
Change Net Name : Old Net Name=NetC37_2 New Net Name=NetC28_2
Change Net Name : Old Net Name=NetJ11_2 New Net Name=NetJ2_2
Change Net Name : Old Net Name=NetJ14_2 New Net Name=NetJ5_2
Change Net Name : Old Net Name=NetJ14_3 New Net Name=NetJ5_3
Change Net Name : Old Net Name=NetL3_2 New Net Name=NetL2_2
