16:38:43 **** Build of configuration Debug for project SteeringWheelDriver ****
make -j16 all 
arm-none-eabi-gcc "../Drivers/STM32F2xx_HAL_Driver/Src/stm32f2xx_hal.c" -mcpu=cortex-m3 -std=gnu11 -g3 -DDEBUG -DUSE_HAL_DRIVER -DSTM32F207xx -c -I../Core/Inc -I../Drivers/STM32F2xx_HAL_Driver/Inc -I../Drivers/STM32F2xx_HAL_Driver/Inc/Legacy -I../Drivers/CMSIS/Device/ST/STM32F2xx/Include -I../Drivers/CMSIS/Include -O0 -ffunction-sections -fdata-sections -Wall -fstack-usage -MMD -MP -MF"Drivers/STM32F2xx_HAL_Driver/Src/stm32f2xx_hal.d" -MT"Drivers/STM32F2xx_HAL_Driver/Src/stm32f2xx_hal.o" --specs=nano.specs -mfloat-abi=soft -mthumb -o "Drivers/STM32F2xx_HAL_Driver/Src/stm32f2xx_hal.o"
arm-none-eabi-gcc "../Drivers/STM32F2xx_HAL_Driver/Src/stm32f2xx_hal_cortex.c" -mcpu=cortex-m3 -std=gnu11 -g3 -DDEBUG -DUSE_HAL_DRIVER -DSTM32F207xx -c -I../Core/Inc -I../Drivers/STM32F2xx_HAL_Driver/Inc -I../Drivers/STM32F2xx_HAL_Driver/Inc/Legacy -I../Drivers/CMSIS/Device/ST/STM32F2xx/Include -I../Drivers/CMSIS/Include -O0 -ffunction-sections -fdata-sections -Wall -fstack-usage -MMD -MP -MF"Drivers/STM32F2xx_HAL_Driver/Src/stm32f2xx_hal_cortex.d" -MT"Drivers/STM32F2xx_HAL_Driver/Src/stm32f2xx_hal_cortex.o" --specs=nano.specs -mfloat-abi=soft -mthumb -o "Drivers/STM32F2xx_HAL_Driver/Src/stm32f2xx_hal_cortex.o"
arm-none-eabi-gcc "../Drivers/STM32F2xx_HAL_Driver/Src/stm32f2xx_hal_dma.c" -mcpu=cortex-m3 -std=gnu11 -g3 -DDEBUG -DUSE_HAL_DRIVER -DSTM32F207xx -c -I../Core/Inc -I../Drivers/STM32F2xx_HAL_Driver/Inc -I../Drivers/STM32F2xx_HAL_Driver/Inc/Legacy -I../Drivers/CMSIS/Device/ST/STM32F2xx/Include -I../Drivers/CMSIS/Include -O0 -ffunction-sections -fdata-sections -Wall -fstack-usage -MMD -MP -MF"Drivers/STM32F2xx_HAL_Driver/Src/stm32f2xx_hal_dma.d" -MT"Drivers/STM32F2xx_HAL_Driver/Src/stm32f2xx_hal_dma.o" --specs=nano.specs -mfloat-abi=soft -mthumb -o "Drivers/STM32F2xx_HAL_Driver/Src/stm32f2xx_hal_dma.o"
arm-none-eabi-gcc "../Drivers/STM32F2xx_HAL_Driver/Src/stm32f2xx_hal_dma_ex.c" -mcpu=cortex-m3 -std=gnu11 -g3 -DDEBUG -DUSE_HAL_DRIVER -DSTM32F207xx -c -I../Core/Inc -I../Drivers/STM32F2xx_HAL_Driver/Inc -I../Drivers/STM32F2xx_HAL_Driver/Inc/Legacy -I../Drivers/CMSIS/Device/ST/STM32F2xx/Include -I../Drivers/CMSIS/Include -O0 -ffunction-sections -fdata-sections -Wall -fstack-usage -MMD -MP -MF"Drivers/STM32F2xx_HAL_Driver/Src/stm32f2xx_hal_dma_ex.d" -MT"Drivers/STM32F2xx_HAL_Driver/Src/stm32f2xx_hal_dma_ex.o" --specs=nano.specs -mfloat-abi=soft -mthumb -o "Drivers/STM32F2xx_HAL_Driver/Src/stm32f2xx_hal_dma_ex.o"
arm-none-eabi-gcc "../Drivers/STM32F2xx_HAL_Driver/Src/stm32f2xx_hal_exti.c" -mcpu=cortex-m3 -std=gnu11 -g3 -DDEBUG -DUSE_HAL_DRIVER -DSTM32F207xx -c -I../Core/Inc -I../Drivers/STM32F2xx_HAL_Driver/Inc -I../Drivers/STM32F2xx_HAL_Driver/Inc/Legacy -I../Drivers/CMSIS/Device/ST/STM32F2xx/Include -I../Drivers/CMSIS/Include -O0 -ffunction-sections -fdata-sections -Wall -fstack-usage -MMD -MP -MF"Drivers/STM32F2xx_HAL_Driver/Src/stm32f2xx_hal_exti.d" -MT"Drivers/STM32F2xx_HAL_Driver/Src/stm32f2xx_hal_exti.o" --specs=nano.specs -mfloat-abi=soft -mthumb -o "Drivers/STM32F2xx_HAL_Driver/Src/stm32f2xx_hal_exti.o"
arm-none-eabi-gcc "../Drivers/STM32F2xx_HAL_Driver/Src/stm32f2xx_hal_flash.c" -mcpu=cortex-m3 -std=gnu11 -g3 -DDEBUG -DUSE_HAL_DRIVER -DSTM32F207xx -c -I../Core/Inc -I../Drivers/STM32F2xx_HAL_Driver/Inc -I../Drivers/STM32F2xx_HAL_Driver/Inc/Legacy -I../Drivers/CMSIS/Device/ST/STM32F2xx/Include -I../Drivers/CMSIS/Include -O0 -ffunction-sections -fdata-sections -Wall -fstack-usage -MMD -MP -MF"Drivers/STM32F2xx_HAL_Driver/Src/stm32f2xx_hal_flash.d" -MT"Drivers/STM32F2xx_HAL_Driver/Src/stm32f2xx_hal_flash.o" --specs=nano.specs -mfloat-abi=soft -mthumb -o "Drivers/STM32F2xx_HAL_Driver/Src/stm32f2xx_hal_flash.o"
arm-none-eabi-gcc "../Drivers/STM32F2xx_HAL_Driver/Src/stm32f2xx_hal_flash_ex.c" -mcpu=cortex-m3 -std=gnu11 -g3 -DDEBUG -DUSE_HAL_DRIVER -DSTM32F207xx -c -I../Core/Inc -I../Drivers/STM32F2xx_HAL_Driver/Inc -I../Drivers/STM32F2xx_HAL_Driver/Inc/Legacy -I../Drivers/CMSIS/Device/ST/STM32F2xx/Include -I../Drivers/CMSIS/Include -O0 -ffunction-sections -fdata-sections -Wall -fstack-usage -MMD -MP -MF"Drivers/STM32F2xx_HAL_Driver/Src/stm32f2xx_hal_flash_ex.d" -MT"Drivers/STM32F2xx_HAL_Driver/Src/stm32f2xx_hal_flash_ex.o" --specs=nano.specs -mfloat-abi=soft -mthumb -o "Drivers/STM32F2xx_HAL_Driver/Src/stm32f2xx_hal_flash_ex.o"
arm-none-eabi-gcc "../Drivers/STM32F2xx_HAL_Driver/Src/stm32f2xx_hal_gpio.c" -mcpu=cortex-m3 -std=gnu11 -g3 -DDEBUG -DUSE_HAL_DRIVER -DSTM32F207xx -c -I../Core/Inc -I../Drivers/STM32F2xx_HAL_Driver/Inc -I../Drivers/STM32F2xx_HAL_Driver/Inc/Legacy -I../Drivers/CMSIS/Device/ST/STM32F2xx/Include -I../Drivers/CMSIS/Include -O0 -ffunction-sections -fdata-sections -Wall -fstack-usage -MMD -MP -MF"Drivers/STM32F2xx_HAL_Driver/Src/stm32f2xx_hal_gpio.d" -MT"Drivers/STM32F2xx_HAL_Driver/Src/stm32f2xx_hal_gpio.o" --specs=nano.specs -mfloat-abi=soft -mthumb -o "Drivers/STM32F2xx_HAL_Driver/Src/stm32f2xx_hal_gpio.o"
arm-none-eabi-gcc "../Drivers/STM32F2xx_HAL_Driver/Src/stm32f2xx_hal_pwr.c" -mcpu=cortex-m3 -std=gnu11 -g3 -DDEBUG -DUSE_HAL_DRIVER -DSTM32F207xx -c -I../Core/Inc -I../Drivers/STM32F2xx_HAL_Driver/Inc -I../Drivers/STM32F2xx_HAL_Driver/Inc/Legacy -I../Drivers/CMSIS/Device/ST/STM32F2xx/Include -I../Drivers/CMSIS/Include -O0 -ffunction-sections -fdata-sections -Wall -fstack-usage -MMD -MP -MF"Drivers/STM32F2xx_HAL_Driver/Src/stm32f2xx_hal_pwr.d" -MT"Drivers/STM32F2xx_HAL_Driver/Src/stm32f2xx_hal_pwr.o" --specs=nano.specs -mfloat-abi=soft -mthumb -o "Drivers/STM32F2xx_HAL_Driver/Src/stm32f2xx_hal_pwr.o"
arm-none-eabi-gcc "../Drivers/STM32F2xx_HAL_Driver/Src/stm32f2xx_hal_pwr_ex.c" -mcpu=cortex-m3 -std=gnu11 -g3 -DDEBUG -DUSE_HAL_DRIVER -DSTM32F207xx -c -I../Core/Inc -I../Drivers/STM32F2xx_HAL_Driver/Inc -I../Drivers/STM32F2xx_HAL_Driver/Inc/Legacy -I../Drivers/CMSIS/Device/ST/STM32F2xx/Include -I../Drivers/CMSIS/Include -O0 -ffunction-sections -fdata-sections -Wall -fstack-usage -MMD -MP -MF"Drivers/STM32F2xx_HAL_Driver/Src/stm32f2xx_hal_pwr_ex.d" -MT"Drivers/STM32F2xx_HAL_Driver/Src/stm32f2xx_hal_pwr_ex.o" --specs=nano.specs -mfloat-abi=soft -mthumb -o "Drivers/STM32F2xx_HAL_Driver/Src/stm32f2xx_hal_pwr_ex.o"
arm-none-eabi-gcc "../Drivers/STM32F2xx_HAL_Driver/Src/stm32f2xx_hal_rcc.c" -mcpu=cortex-m3 -std=gnu11 -g3 -DDEBUG -DUSE_HAL_DRIVER -DSTM32F207xx -c -I../Core/Inc -I../Drivers/STM32F2xx_HAL_Driver/Inc -I../Drivers/STM32F2xx_HAL_Driver/Inc/Legacy -I../Drivers/CMSIS/Device/ST/STM32F2xx/Include -I../Drivers/CMSIS/Include -O0 -ffunction-sections -fdata-sections -Wall -fstack-usage -MMD -MP -MF"Drivers/STM32F2xx_HAL_Driver/Src/stm32f2xx_hal_rcc.d" -MT"Drivers/STM32F2xx_HAL_Driver/Src/stm32f2xx_hal_rcc.o" --specs=nano.specs -mfloat-abi=soft -mthumb -o "Drivers/STM32F2xx_HAL_Driver/Src/stm32f2xx_hal_rcc.o"
arm-none-eabi-gcc "../Drivers/STM32F2xx_HAL_Driver/Src/stm32f2xx_hal_rcc_ex.c" -mcpu=cortex-m3 -std=gnu11 -g3 -DDEBUG -DUSE_HAL_DRIVER -DSTM32F207xx -c -I../Core/Inc -I../Drivers/STM32F2xx_HAL_Driver/Inc -I../Drivers/STM32F2xx_HAL_Driver/Inc/Legacy -I../Drivers/CMSIS/Device/ST/STM32F2xx/Include -I../Drivers/CMSIS/Include -O0 -ffunction-sections -fdata-sections -Wall -fstack-usage -MMD -MP -MF"Drivers/STM32F2xx_HAL_Driver/Src/stm32f2xx_hal_rcc_ex.d" -MT"Drivers/STM32F2xx_HAL_Driver/Src/stm32f2xx_hal_rcc_ex.o" --specs=nano.specs -mfloat-abi=soft -mthumb -o "Drivers/STM32F2xx_HAL_Driver/Src/stm32f2xx_hal_rcc_ex.o"
arm-none-eabi-gcc "../Drivers/STM32F2xx_HAL_Driver/Src/stm32f2xx_hal_spi.c" -mcpu=cortex-m3 -std=gnu11 -g3 -DDEBUG -DUSE_HAL_DRIVER -DSTM32F207xx -c -I../Core/Inc -I../Drivers/STM32F2xx_HAL_Driver/Inc -I../Drivers/STM32F2xx_HAL_Driver/Inc/Legacy -I../Drivers/CMSIS/Device/ST/STM32F2xx/Include -I../Drivers/CMSIS/Include -O0 -ffunction-sections -fdata-sections -Wall -fstack-usage -MMD -MP -MF"Drivers/STM32F2xx_HAL_Driver/Src/stm32f2xx_hal_spi.d" -MT"Drivers/STM32F2xx_HAL_Driver/Src/stm32f2xx_hal_spi.o" --specs=nano.specs -mfloat-abi=soft -mthumb -o "Drivers/STM32F2xx_HAL_Driver/Src/stm32f2xx_hal_spi.o"
arm-none-eabi-gcc "../Drivers/STM32F2xx_HAL_Driver/Src/stm32f2xx_hal_tim.c" -mcpu=cortex-m3 -std=gnu11 -g3 -DDEBUG -DUSE_HAL_DRIVER -DSTM32F207xx -c -I../Core/Inc -I../Drivers/STM32F2xx_HAL_Driver/Inc -I../Drivers/STM32F2xx_HAL_Driver/Inc/Legacy -I../Drivers/CMSIS/Device/ST/STM32F2xx/Include -I../Drivers/CMSIS/Include -O0 -ffunction-sections -fdata-sections -Wall -fstack-usage -MMD -MP -MF"Drivers/STM32F2xx_HAL_Driver/Src/stm32f2xx_hal_tim.d" -MT"Drivers/STM32F2xx_HAL_Driver/Src/stm32f2xx_hal_tim.o" --specs=nano.specs -mfloat-abi=soft -mthumb -o "Drivers/STM32F2xx_HAL_Driver/Src/stm32f2xx_hal_tim.o"
arm-none-eabi-gcc "../Drivers/STM32F2xx_HAL_Driver/Src/stm32f2xx_hal_tim_ex.c" -mcpu=cortex-m3 -std=gnu11 -g3 -DDEBUG -DUSE_HAL_DRIVER -DSTM32F207xx -c -I../Core/Inc -I../Drivers/STM32F2xx_HAL_Driver/Inc -I../Drivers/STM32F2xx_HAL_Driver/Inc/Legacy -I../Drivers/CMSIS/Device/ST/STM32F2xx/Include -I../Drivers/CMSIS/Include -O0 -ffunction-sections -fdata-sections -Wall -fstack-usage -MMD -MP -MF"Drivers/STM32F2xx_HAL_Driver/Src/stm32f2xx_hal_tim_ex.d" -MT"Drivers/STM32F2xx_HAL_Driver/Src/stm32f2xx_hal_tim_ex.o" --specs=nano.specs -mfloat-abi=soft -mthumb -o "Drivers/STM32F2xx_HAL_Driver/Src/stm32f2xx_hal_tim_ex.o"
arm-none-eabi-gcc -mcpu=cortex-m3 -g3 -DDEBUG -c -x assembler-with-cpp -MMD -MP -MF"Core/Startup/startup_stm32f207vgtx.d" -MT"Core/Startup/startup_stm32f207vgtx.o" --specs=nano.specs -mfloat-abi=soft -mthumb -o "Core/Startup/startup_stm32f207vgtx.o" "../Core/Startup/startup_stm32f207vgtx.s"
In file included from ../Drivers/STM32F2xx_HAL_Driver/Src/stm32f2xx_hal.c:36:
../Drivers/STM32F2xx_HAL_Driver/Inc/stm32f2xx_hal.h:30:10: fatal error: stm32f2xx_hal_conf.h: No such file or directory
   30 | #include "stm32f2xx_hal_conf.h"
      |          ^~~~~~~~~~~~~~~~~~~~~~
compilation terminated.
In file included from ../Drivers/STM32F2xx_HAL_Driver/Src/stm32f2xx_hal_dma.c:98:
../Drivers/STM32F2xx_HAL_Driver/Inc/stm32f2xx_hal.h:30:10: fatal error: stm32f2xx_hal_conf.h: No such file or directory
   30 | #include "stm32f2xx_hal_conf.h"
      |          ^~~~~~~~~~~~~~~~~~~~~~
compilation terminated.
In file included from ../Drivers/STM32F2xx_HAL_Driver/Src/stm32f2xx_hal_cortex.c:83:
../Drivers/STM32F2xx_HAL_Driver/Inc/stm32f2xx_hal.h:30:10: fatal error: stm32f2xx_hal_conf.h: No such file or directory
   30 | #include "stm32f2xx_hal_conf.h"
      |          ^~~~~~~~~~~~~~~~~~~~~~
compilation terminated.
In file included from ../Drivers/STM32F2xx_HAL_Driver/Src/stm32f2xx_hal_exti.c:87:
../Drivers/STM32F2xx_HAL_Driver/Inc/stm32f2xx_hal.h:30:10: fatal error: stm32f2xx_hal_conf.h: No such file or directory
   30 | #include "stm32f2xx_hal_conf.h"
      |          ^~~~~~~~~~~~~~~~~~~~~~
compilation terminated.
In file included from ../Drivers/STM32F2xx_HAL_Driver/Src/stm32f2xx_hal_flash_ex.c:49:
../Drivers/STM32F2xx_HAL_Driver/Inc/stm32f2xx_hal.h:30:10: fatal error: stm32f2xx_hal_conf.h: No such file or directory
   30 | #include "stm32f2xx_hal_conf.h"
      |          ^~~~~~~~~~~~~~~~~~~~~~
compilation terminated.
In file included from ../Drivers/STM32F2xx_HAL_Driver/Src/stm32f2xx_hal_spi.c:202:
../Drivers/STM32F2xx_HAL_Driver/Inc/stm32f2xx_hal.h:30:10: fatal error: stm32f2xx_hal_conf.h: No such file or directory
   30 | #include "stm32f2xx_hal_conf.h"
      |          ^~~~~~~~~~~~~~~~~~~~~~
compilation terminated.
make: *** [Drivers/STM32F2xx_HAL_Driver/Src/subdir.mk:61: Drivers/STM32F2xx_HAL_Driver/Src/stm32f2xx_hal.o] Error 1
make: *** Waiting for unfinished jobs....
make: *** [Drivers/STM32F2xx_HAL_Driver/Src/subdir.mk:61: Drivers/STM32F2xx_HAL_Driver/Src/stm32f2xx_hal_dma.o] Error 1
make: *** [Drivers/STM32F2xx_HAL_Driver/Src/subdir.mk:61: Drivers/STM32F2xx_HAL_Driver/Src/stm32f2xx_hal_cortex.o] Error 1
make: *** [Drivers/STM32F2xx_HAL_Driver/Src/subdir.mk:61: Drivers/STM32F2xx_HAL_Driver/Src/stm32f2xx_hal_exti.o] Error 1
make: *** [Drivers/STM32F2xx_HAL_Driver/Src/subdir.mk:61: Drivers/STM32F2xx_HAL_Driver/Src/stm32f2xx_hal_flash_ex.o] Error 1
make: *** [Drivers/STM32F2xx_HAL_Driver/Src/subdir.mk:61: Drivers/STM32F2xx_HAL_Driver/Src/stm32f2xx_hal_spi.o] Error 1
In file included from ../Drivers/STM32F2xx_HAL_Driver/Src/stm32f2xx_hal_dma_ex.c:40:
../Drivers/STM32F2xx_HAL_Driver/Inc/stm32f2xx_hal.h:30:10: fatal error: stm32f2xx_hal_conf.h: No such file or directory
   30 | #include "stm32f2xx_hal_conf.h"
      |          ^~~~~~~~~~~~~~~~~~~~~~
In file included from ../Drivers/STM32F2xx_HAL_Driver/Src/stm32f2xx_hal_flash.c:78:
../Drivers/STM32F2xx_HAL_Driver/Inc/stm32f2xx_hal.h:30:10: fatal error: stm32f2xx_hal_conf.h: No such file or directory
   30 | #include "stm32f2xx_hal_conf.h"
      |          ^~~~~~~~~~~~~~~~~~~~~~
In file included from ../Drivers/STM32F2xx_HAL_Driver/Src/stm32f2xx_hal_gpio.c:108:
../Drivers/STM32F2xx_HAL_Driver/Inc/stm32f2xx_hal.h:30:10: fatal error: stm32f2xx_hal_conf.h: No such file or directory
   30 | #include "stm32f2xx_hal_conf.h"
      |          ^~~~~~~~~~~~~~~~~~~~~~
compilation terminated.
compilation terminated.
compilation terminated.
make: *** [Drivers/STM32F2xx_HAL_Driver/Src/subdir.mk:61: Drivers/STM32F2xx_HAL_Driver/Src/stm32f2xx_hal_flash.o] Error 1
make: *** [Drivers/STM32F2xx_HAL_Driver/Src/subdir.mk:61: Drivers/STM32F2xx_HAL_Driver/Src/stm32f2xx_hal_dma_ex.o] Error 1
make: *** [Drivers/STM32F2xx_HAL_Driver/Src/subdir.mk:61: Drivers/STM32F2xx_HAL_Driver/Src/stm32f2xx_hal_gpio.o] Error 1
In file included from ../Drivers/STM32F2xx_HAL_Driver/Src/stm32f2xx_hal_rcc_ex.c:25:
../Drivers/STM32F2xx_HAL_Driver/Inc/stm32f2xx_hal.h:30:10: fatal error: stm32f2xx_hal_conf.h: No such file or directory
   30 | #include "stm32f2xx_hal_conf.h"
      |          ^~~~~~~~~~~~~~~~~~~~~~
compilation terminated.
make: *** [Drivers/STM32F2xx_HAL_Driver/Src/subdir.mk:61: Drivers/STM32F2xx_HAL_Driver/Src/stm32f2xx_hal_rcc_ex.o] Error 1
In file included from ../Drivers/STM32F2xx_HAL_Driver/Src/stm32f2xx_hal_tim_ex.c:81:
../Drivers/STM32F2xx_HAL_Driver/Inc/stm32f2xx_hal.h:30:10: fatal error: stm32f2xx_hal_conf.h: No such file or directory
   30 | #include "stm32f2xx_hal_conf.h"
      |          ^~~~~~~~~~~~~~~~~~~~~~
compilation terminated.
make: *** [Drivers/STM32F2xx_HAL_Driver/Src/subdir.mk:61: Drivers/STM32F2xx_HAL_Driver/Src/stm32f2xx_hal_tim_ex.o] Error 1
In file included from ../Drivers/STM32F2xx_HAL_Driver/Src/stm32f2xx_hal_pwr_ex.c:25:
../Drivers/STM32F2xx_HAL_Driver/Inc/stm32f2xx_hal.h:30:10: fatal error: stm32f2xx_hal_conf.h: No such file or directory
   30 | #include "stm32f2xx_hal_conf.h"
      |          ^~~~~~~~~~~~~~~~~~~~~~
compilation terminated.
make: *** [Drivers/STM32F2xx_HAL_Driver/Src/subdir.mk:61: Drivers/STM32F2xx_HAL_Driver/Src/stm32f2xx_hal_pwr_ex.o] Error 1
In file included from ../Drivers/STM32F2xx_HAL_Driver/Src/stm32f2xx_hal_tim.c:186:
../Drivers/STM32F2xx_HAL_Driver/Inc/stm32f2xx_hal.h:30:10: fatal error: stm32f2xx_hal_conf.h: No such file or directory
   30 | #include "stm32f2xx_hal_conf.h"
      |          ^~~~~~~~~~~~~~~~~~~~~~
compilation terminated.
make: *** [Drivers/STM32F2xx_HAL_Driver/Src/subdir.mk:61: Drivers/STM32F2xx_HAL_Driver/Src/stm32f2xx_hal_tim.o] Error 1
In file included from ../Drivers/STM32F2xx_HAL_Driver/Src/stm32f2xx_hal_rcc.c:69:
../Drivers/STM32F2xx_HAL_Driver/Inc/stm32f2xx_hal.h:30:10: fatal error: stm32f2xx_hal_conf.h: No such file or directory
   30 | #include "stm32f2xx_hal_conf.h"
      |          ^~~~~~~~~~~~~~~~~~~~~~
compilation terminated.
make: *** [Drivers/STM32F2xx_HAL_Driver/Src/subdir.mk:61: Drivers/STM32F2xx_HAL_Driver/Src/stm32f2xx_hal_rcc.o] Error 1
In file included from ../Drivers/STM32F2xx_HAL_Driver/Src/stm32f2xx_hal_pwr.c:26:
../Drivers/STM32F2xx_HAL_Driver/Inc/stm32f2xx_hal.h:30:10: fatal error: stm32f2xx_hal_conf.h: No such file or directory
   30 | #include "stm32f2xx_hal_conf.h"
      |          ^~~~~~~~~~~~~~~~~~~~~~
compilation terminated.
make: *** [Drivers/STM32F2xx_HAL_Driver/Src/subdir.mk:61: Drivers/STM32F2xx_HAL_Driver/Src/stm32f2xx_hal_pwr.o] Error 1
"make -j16 all" terminated with exit code 2. Build might be incomplete.

16:38:44 Build Failed. 31 errors, 0 warnings. (took 1s.444ms)

